Log file open, 04/14/16 16:07:26
LogInit:Display: Running engine for game: ToyScroller
LogPlatformFile: Not using cached read wrapper
LogInit:Display: RandInit(651928895) SRandInit(651928899).
LogTaskGraph: Started task graph with 4 named threads and 7 total threads.
LogStats: Stats thread started at 0.914741
LogInit: Version: 4.11.1-2934540+++UE4+Release-4.11
LogInit: API Version: 2927265
LogInit: Compiled (64-bit): Apr  6 2016 02:14:16
LogInit: Compiled with Visual C++: 19.00.23026.00
LogInit: Build Configuration: Development
LogInit: Branch Name: ++UE4+Release-4.11
LogInit: Command line:  
LogInit: Base directory: D:/Program Files/Epic Games/4.11/Engine/Binaries/Win64/
LogInit: Installed Engine Build: 1
LogInit: Using libcurl 7.41.0
LogInit:  - built for x86_64-pc-win32
LogInit:  - supports SSL with WinSSL
LogInit:  - other features:
LogInit:      CURL_VERSION_SSL
LogInit:      CURL_VERSION_IPV6
LogInit:      CURL_VERSION_ASYNCHDNS
LogInit:      CURL_VERSION_LARGEFILE
LogInit:      CURL_VERSION_IDN
LogInit:  CurlRequestOptions (configurable via config and command line):
LogInit:  - bVerifyPeer = true  - Libcurl will verify peer certificate
LogInit:  - bUseHttpProxy = false  - Libcurl will NOT use HTTP proxy
LogInit:  - bDontReuseConnections = false  - Libcurl will reuse connections
LogInit:  - CertBundlePath = nullptr  - Libcurl will use whatever was configured at build time.
LogInit: Presizing for max 16777216 objects, including 0 objects not considered by GC, pre-allocating 0 bytes for permanent pool.
LogInit: Object subsystem initialized
[2016.04.14-14.07.26:358][  0]LogInit: Selected Device Profile: [Windows]
[2016.04.14-14.07.26:358][  0]LogInit: Applying CVar settings loaded from the selected device profile: [Windows]
[2016.04.14-14.07.26:413][  0]LogInit: Computer: DESKTOP-E7MBVHS
[2016.04.14-14.07.26:413][  0]LogInit: User: GonzaloBernal
[2016.04.14-14.07.26:413][  0]LogInit: CPU Page size=65536, Cores=4
[2016.04.14-14.07.26:413][  0]LogInit: High frequency timer resolution =3.117916 MHz
[2016.04.14-14.07.26:414][  0]LogMemory: Memory total: Physical=7.9GB (8GB approx)
[2016.04.14-14.07.26:414][  0]LogMemory: Platform Memory Stats for Windows
[2016.04.14-14.07.26:414][  0]LogMemory: Process Physical Memory: 313.01 MB used, 313.01 MB peak
[2016.04.14-14.07.26:414][  0]LogMemory: Process Virtual Memory: 313.65 MB used, 313.65 MB peak
[2016.04.14-14.07.26:414][  0]LogMemory: Physical Memory: 3192.89 MB used, 8067.22 MB total
[2016.04.14-14.07.26:414][  0]LogMemory: Virtual Memory: 636.21 MB used, 134217728.00 MB total
[2016.04.14-14.07.27:212][  0]LogD3D11RHI: D3D11 adapters:
[2016.04.14-14.07.27:238][  0]LogD3D11RHI:    0. 'NVIDIA GeForce GTX 760' (Feature Level 11_0)
[2016.04.14-14.07.27:238][  0]LogD3D11RHI:       1989MB of dedicated video memory, 0MB of dedicated system memory, and 4033MB of shared system memory, 1 output[s]
[2016.04.14-14.07.27:255][  0]LogD3D11RHI:    1. 'Intel(R) HD Graphics' (Feature Level 11_0)
[2016.04.14-14.07.27:255][  0]LogD3D11RHI:       32MB of dedicated video memory, 0MB of dedicated system memory, and 1760MB of shared system memory, 0 output[s]
[2016.04.14-14.07.27:257][  0]LogD3D11RHI:    2. 'Microsoft Basic Render Driver' (Feature Level 11_0)
[2016.04.14-14.07.27:257][  0]LogD3D11RHI:       0MB of dedicated video memory, 0MB of dedicated system memory, and 4033MB of shared system memory, 0 output[s]
[2016.04.14-14.07.27:257][  0]LogD3D11RHI: Chosen D3D11 Adapter: 0
[2016.04.14-14.07.27:263][  0]LogD3D11RHI: Creating new Direct3DDevice
[2016.04.14-14.07.27:263][  0]LogD3D11RHI:     Adapter Name: NVIDIA GeForce GTX 760
[2016.04.14-14.07.27:263][  0]LogD3D11RHI:   Driver Version: 10.18.13.6472 (internal 10.18.13.6472)
[2016.04.14-14.07.27:263][  0]LogD3D11RHI:      Driver Date: 3-21-2016
[2016.04.14-14.07.27:263][  0]LogRHI: Texture pool is 1361 MB (70% of 1945 MB)
[2016.04.14-14.07.27:275][  0]LogD3D11RHI: Async texture creation enabled
[2016.04.14-14.07.27:872][  0]LogShaderCompilers: Guid format shader working directory is -14 characters bigger than the processId version (../../../../../../Unreal Engine Projects/ToyProject/ToyScroller/Intermediate/Shaders/WorkingDirectory/8096/).
[2016.04.14-14.07.27:874][  0]LogShaderCompilers: Cleaned the shader compiler working directory 'C:/Users/GONZAL~1/AppData/Local/Temp/UnrealShaderWorkingDir/9510C6BE4A8324AEF621AF94007E8A59/'.
[2016.04.14-14.07.27:874][  0]LogShaderCompilers:Display: Using Local Shader Compiler.
[2016.04.14-14.07.31:977][  0]LogTemp:Display: Loaded TP AllDesktopTargetPlatform
[2016.04.14-14.07.31:982][  0]LogTemp:Display: Loaded TP WindowsClientTargetPlatform
[2016.04.14-14.07.31:987][  0]LogTemp:Display: Loaded TP WindowsNoEditorTargetPlatform
[2016.04.14-14.07.31:991][  0]LogTemp:Display: Loaded TP WindowsServerTargetPlatform
[2016.04.14-14.07.32:031][  0]LogTemp:Display: Loaded TP WindowsTargetPlatform
[2016.04.14-14.07.32:035][  0]LogTemp:Display: Loaded TP AndroidTargetPlatform
[2016.04.14-14.07.32:038][  0]LogTemp:Display: Loaded TP Android_ASTCTargetPlatform
[2016.04.14-14.07.32:042][  0]LogTemp:Display: Loaded TP Android_ATCTargetPlatform
[2016.04.14-14.07.32:045][  0]LogTemp:Display: Loaded TP Android_DXTTargetPlatform
[2016.04.14-14.07.32:048][  0]LogTemp:Display: Loaded TP Android_ETC1TargetPlatform
[2016.04.14-14.07.32:051][  0]LogTemp:Display: Loaded TP Android_ETC2TargetPlatform
[2016.04.14-14.07.32:058][  0]LogTemp:Display: Loaded TP Android_MultiTargetPlatform
[2016.04.14-14.07.32:058][  0]LogTemp:Display: Loaded TP Android_PVRTCTargetPlatform
[2016.04.14-14.07.32:059][  0]LogTemp:Display: Loaded TP HTML5TargetPlatform
[2016.04.14-14.07.32:078][  0]LogTemp:Display: Loaded TP IOSTargetPlatform
[2016.04.14-14.07.32:081][  0]LogTemp:Display: Loaded TP TVOSTargetPlatform
[2016.04.14-14.07.32:084][  0]LogTemp:Display: Loaded TP LinuxNoEditorTargetPlatform
[2016.04.14-14.07.32:088][  0]LogTemp:Display: Loaded TP LinuxServerTargetPlatform
[2016.04.14-14.07.32:093][  0]LogTemp:Display: Loaded TP LinuxTargetPlatform
[2016.04.14-14.07.32:093][  0]LogTargetPlatformManager:Display: Building Assets For Windows
[2016.04.14-14.07.32:557][  0]LogDerivedDataCache:Display: Max Cache Size: 512 MB
[2016.04.14-14.07.32:867][  0]LogDerivedDataCache: Loaded boot cache 0.31s 46MB C:/Users/Gonzalo Bernal/AppData/Local/UnrealEngine/4.11/DerivedDataCache/Boot.ddc.
[2016.04.14-14.07.32:867][  0]LogDerivedDataCache:Display: Loaded Boot cache: C:/Users/Gonzalo Bernal/AppData/Local/UnrealEngine/4.11/DerivedDataCache/Boot.ddc
[2016.04.14-14.07.32:868][  0]LogDerivedDataCache: FDerivedDataBackendGraph:  Pak pak cache file ../../../../../../Unreal Engine Projects/ToyProject/ToyScroller/DerivedDataCache/DDC.ddp not found, will not use a pak cache.
[2016.04.14-14.07.32:868][  0]LogDerivedDataCache: Unable to find inner node Pak for hierarchical cache Hierarchy.
[2016.04.14-14.07.32:868][  0]LogDerivedDataCache: FDerivedDataBackendGraph:  CompressedPak pak cache file ../../../../../../Unreal Engine Projects/ToyProject/ToyScroller/DerivedDataCache/Compressed.ddp not found, will not use a pak cache.
[2016.04.14-14.07.32:868][  0]LogDerivedDataCache: Unable to find inner node CompressedPak for hierarchical cache Hierarchy.
[2016.04.14-14.07.32:952][  0]LogDerivedDataCache:Display: Pak cache opened for reading ../../../Engine/DerivedDataCache/Compressed.ddp.
[2016.04.14-14.07.32:964][  0]LogDerivedDataCache: Using Local data cache path C:/Users/Gonzalo Bernal/AppData/Local/UnrealEngine/Common/DerivedDataCache: Writable
[2016.04.14-14.07.39:021][  0]LogInit: Selected Device Profile: [Windows]
[2016.04.14-14.07.39:030][  0]LogContentStreaming: Texture pool size is 0.00 MB
[2016.04.14-14.07.40:002][  0]LogMaterial: Uniform references updated for custom material expression Custom.
[2016.04.14-14.07.41:043][  0]LogMeshUtilities: No automatic mesh reduction module available
[2016.04.14-14.07.41:043][  0]LogMeshUtilities: No automatic mesh merging module available
[2016.04.14-14.07.41:043][  0]LogMeshUtilities: No distributed automatic mesh merging module available
[2016.04.14-14.07.45:421][  0]LogUObjectArray: 27678 objects as part of root set at end of initial load.
[2016.04.14-14.07.45:421][  0]LogUObjectAllocator: 5591384 out of 0 bytes used by permanent object pool.
[2016.04.14-14.07.45:421][  0]LogUObjectArray: CloseDisregardForGC: 0/0 objects in disregard for GC pool
[2016.04.14-14.07.45:445][  0]LogInit: WinSock: version 1.1 (2.2), MaxSocks=32767, MaxUdp=65467
[2016.04.14-14.07.47:432][  0]LogSlate: SlateFontCache - WITH_FREETYPE: 1, WITH_HARFBUZZ: 1
[2016.04.14-14.07.47:441][  0]LogSlate: SlateFontCache - WITH_FREETYPE: 1, WITH_HARFBUZZ: 1
[2016.04.14-14.07.50:274][  0]LogStreaming:Warning: Failed to read file '../../../Engine/Content/Editor/Slate/Common/Selection_16x.png' error.
[2016.04.14-14.07.50:274][  0]LogSlate: Could not find file for Slate resource: ../../../Engine/Content/Editor/Slate/Common/Selection_16x.png
[2016.04.14-14.07.50:274][  0]LogStreaming:Warning: Failed to read file '../../../Engine/Content/Editor/Slate/Common/Selection_16x.png' error.
[2016.04.14-14.07.50:274][  0]LogSlate: Could not find file for Slate resource: ../../../Engine/Content/Editor/Slate/Common/Selection_16x.png
[2016.04.14-14.07.50:274][  0]LogStreaming:Warning: Failed to read file '../../../Engine/Content/Editor/Slate/Common/Selection_16x.png' error.
[2016.04.14-14.07.50:274][  0]LogSlate: Could not find file for Slate resource: ../../../Engine/Content/Editor/Slate/Common/Selection_16x.png
[2016.04.14-14.08.01:026][  0]LogUdpMessaging: Initializing bridge on interface 0.0.0.0:0 to multicast group 230.0.0.1:6666.
[2016.04.14-14.08.02:470][  0]LogAssetRegistry: FAssetRegistry took 0.0260 seconds to start up
[2016.04.14-14.08.06:070][  0]SourceControl: Info Source control is disabled
[2016.04.14-14.08.06:354][  0]SourceControl: Info Source control is disabled
[2016.04.14-14.08.06:673][  0]SourceControl: Info Source control is disabled
[2016.04.14-14.08.06:729][  0]SourceControl: Info Source control is disabled
[2016.04.14-14.08.08:565][  0]LogEngine: Initializing Engine...
[2016.04.14-14.08.08:638][  0]LogHMD: SteamVR failed to initialize.  Err: 110
[2016.04.14-14.08.08:639][  0]LogHMD: SteamVR failed to initialize.  Err: 110
[2016.04.14-14.08.09:558][  0]LogAIModule: Creating AISystem for world NewWorld
[2016.04.14-14.08.09:727][  0]LogInit: XAudio2 using 'Altavoces (Dispositivo de High Definition Audio)' : 2 channels at 44.1 kHz using 16 bits per sample (channel mask 0x3)
[2016.04.14-14.08.09:739][  0]LogInit: FAudioDevice initialized.
[2016.04.14-14.08.09:762][  0]LogDerivedDataCache: Saved boot cache 0.02s 46MB C:/Users/Gonzalo Bernal/AppData/Local/UnrealEngine/4.11/DerivedDataCache/Boot.ddc.
[2016.04.14-14.08.09:771][  0]LogInit: Texture streaming: Enabled
[2016.04.14-14.08.10:024][  0]LogInit: Transaction tracking system initialized
[2016.04.14-14.08.10:393][  0]BlueprintLog: New page: Editor Load
[2016.04.14-14.08.11:651][  0]LocalizationService: Info Localization service is disabled
[2016.04.14-14.08.12:506][  0]LogConsoleResponse:Display: 
[2016.04.14-14.08.15:525][  0]LogFileCache: Scanning file cache for directory 'D:/Unreal Engine Projects/ToyProject/ToyScroller/Content/' took 0.04s
[2016.04.14-14.08.15:525][  0]LogCook:Display: Max memory allowance for cook 8192mb
[2016.04.14-14.08.15:525][  0]LogCook:Display: Mobile HDR setting 1
[2016.04.14-14.08.15:532][  0]LogCook:Display: Done creating registry. It took  0.00s.
[2016.04.14-14.08.16:980][  0]SourceControl: Info Source control is disabled
[2016.04.14-14.08.17:032][  0]Cmd: MAP LOAD FILE="../../../../../../Unreal Engine Projects/ToyProject/ToyScroller/Content/SideScrollerBP/Maps/SideScrollerExampleMap.umap" TEMPLATE=0 SHOWPROGRESS=1 FEATURELEVEL=3
[2016.04.14-14.08.17:081][  0]LightingResults: New page: Lighting Build
[2016.04.14-14.08.17:328][  0]MapCheck: New page: Map Check
[2016.04.14-14.08.17:328][  0]LightingResults: New page: Lighting Build
[2016.04.14-14.08.21:161][  0]LogAIModule: Creating AISystem for world SideScrollerExampleMap
[2016.04.14-14.08.21:762][  0]LogEditorServer: Finished looking for orphan Actors (0.000 secs)
[2016.04.14-14.08.21:809][  0]Cmd: MAP CHECKDEP NOCLEARLOG
[2016.04.14-14.08.21:892][  0]MapCheck: Info Map check complete: 0 Error(s), 0 Warning(s), took 83.579ms to complete.
[2016.04.14-14.08.21:892][  0]LogFileHelpers: Loading map 'SideScrollerExampleMap' took 4.873
[2016.04.14-14.08.23:158][  0]LogCollectionManager: Loaded 0 collections in 0.004138 seconds
[2016.04.14-14.08.23:348][  0]LogFileCache: Scanning file cache for directory 'D:/Unreal Engine Projects/ToyProject/ToyScroller/Saved/Collections/' took 0.01s
[2016.04.14-14.08.23:348][  0]LogFileCache: Scanning file cache for directory 'D:/Unreal Engine Projects/ToyProject/ToyScroller/Content/Developers/GonzaloBernal/Collections/' took 0.01s
[2016.04.14-14.08.23:348][  0]LogFileCache: Scanning file cache for directory 'D:/Unreal Engine Projects/ToyProject/ToyScroller/Content/Collections/' took 0.01s
[2016.04.14-14.08.23:348][  0]LogCollectionManager: Rebuilt the GUID cache for 0 collections in 0.000005 seconds
[2016.04.14-14.08.23:376][  0]LogContentBrowser: Native class hierarchy populated in 0.0275 seconds. Added 1979 classes and 343 folders.
[2016.04.14-14.08.23:457][  0]LogStats: UGameplayTagsManager::ConstructGameplayTagTree: Construct from data asset -  0.000 s
[2016.04.14-14.08.23:457][  0]LogStats: UGameplayTagsManager::ConstructGameplayTagTree: GameplayTagTreeChangedEvent.Broadcast -  0.000 s
[2016.04.14-14.08.23:465][  0]LogContentBrowser: Native class hierarchy updated for 'GameplayTags' in 0.0013 seconds. Added 12 classes and 0 folders.
[2016.04.14-14.08.23:505][  0]LogContentBrowser: Native class hierarchy updated for 'WidgetCarousel' in 0.0010 seconds. Added 0 classes and 0 folders.
[2016.04.14-14.08.23:656][  0]LogContentBrowser: Native class hierarchy updated for 'SuperSearch' in 0.0011 seconds. Added 1 classes and 2 folders.
[2016.04.14-14.08.25:023][  0]LogContentBrowser: Native class hierarchy updated for 'AddContentDialog' in 0.0012 seconds. Added 0 classes and 0 folders.
[2016.04.14-14.08.25:087][  0]LogContentBrowser: Native class hierarchy updated for 'SceneOutliner' in 0.0011 seconds. Added 1 classes and 2 folders.
[2016.04.14-14.08.25:988][  0]LogCrashTracker: Crashtracker disabled due to settings.
[2016.04.14-14.08.26:139][  0]LogUObjectGlobals:Warning: Failed to find object 'Class None.'
[2016.04.14-14.08.26:276][  0]LogContentBrowser: Native class hierarchy updated for 'HierarchicalLODOutliner' in 0.0008 seconds. Added 1 classes and 2 folders.
[2016.04.14-14.08.26:276][  0]LogLoad: Full Startup: 62.75 seconds (BP compile: 0.86 seconds)
[2016.04.14-14.08.26:276][  0]LogExternalProfiler:Warning: No registered external profiler was matched with a command-line switch (or the DLL could not be loaded).  External profiling features will not be available.
[2016.04.14-14.08.26:643][  0]LogOcInput: OculusInput pre-init called
[2016.04.14-14.08.27:232][  0]LogContentStreaming: Texture pool size now 1000 MB
[2016.04.14-14.08.27:863][  0]LogRenderer: Reallocating scene render targets to support 1040x592 (Frame:2).
[2016.04.14-14.08.28:855][  2]LogAssetRegistry: Asset discovery search completed in 26.4076 seconds
[2016.04.14-14.08.28:869][  2]LogCollectionManager: Rebuilt the object cache for 0 collections in 0.000001 seconds (found 0 objects)
[2016.04.14-14.08.28:869][  2]LogCollectionManager: Fixed up redirectors for 0 collections in 0.014440 seconds (updated 0 objects)
[2016.04.14-14.27.56:014][395]Cmd: QUIT_EDITOR
[2016.04.14-14.27.56:193][395]LogWindowsTextInputMethodSystem:Display: IME system now deactivated.
[2016.04.14-14.27.56:263][395]LogExit: Preparing to exit.
[2016.04.14-14.27.57:784][395]LogExit: Editor shut down
[2016.04.14-14.27.57:784][395]LogExit: Transaction tracking system shut down
[2016.04.14-14.27.58:432][395]LogObj: Freed 0b from 0 cluster array pools.
[2016.04.14-14.27.58:432][395]LogExit: Object subsystem successfully closed.
[2016.04.14-14.27.58:602][395]LogD3D11RHI: Shutdown
[2016.04.14-14.27.58:602][395]LogD3D11RHI: CleanupD3DDevice
[2016.04.14-14.27.58:676][395]LogD3D11RHI: ~FD3D11DynamicRHI
[2016.04.14-14.27.58:697][395]LogDerivedDataCache: Shutdown
[2016.04.14-14.27.59:260][395]LogModuleManager: Shutting down and abandoning module HierarchicalLODOutliner (203)
[2016.04.14-14.27.59:273][395]LogModuleManager: Shutting down and abandoning module CrashTracker (202)
[2016.04.14-14.27.59:273][395]LogModuleManager: Shutting down and abandoning module SceneOutliner (201)
[2016.04.14-14.27.59:273][395]LogModuleManager: Shutting down and abandoning module SuperSearch (200)
[2016.04.14-14.27.59:273][395]LogModuleManager: Shutting down and abandoning module WidgetCarousel (199)
[2016.04.14-14.27.59:273][395]LogModuleManager: Shutting down and abandoning module AddContentDialog (198)
[2016.04.14-14.27.59:277][395]LogModuleManager: Shutting down and abandoning module GameplayTags (197)
[2016.04.14-14.27.59:277][395]LogModuleManager: Shutting down and abandoning module EditorWidgets (196)
[2016.04.14-14.27.59:277][395]LogModuleManager: Shutting down and abandoning module CollectionManager (195)
[2016.04.14-14.27.59:277][395]LogModuleManager: Shutting down and abandoning module StatsViewer (194)
[2016.04.14-14.27.59:329][395]LogModuleManager: Shutting down and abandoning module FoliageEdit (193)
[2016.04.14-14.27.59:329][395]LogModuleManager: Shutting down and abandoning module LandscapeEditor (192)
[2016.04.14-14.27.59:367][395]LogModuleManager: Shutting down and abandoning module ActorPickerMode (191)
[2016.04.14-14.27.59:367][395]LogModuleManager: Shutting down and abandoning module GeometryMode (190)
[2016.04.14-14.27.59:367][395]LogModuleManager: Shutting down and abandoning module TextureAlignMode (189)
[2016.04.14-14.27.59:367][395]LogModuleManager: Shutting down and abandoning module BspMode (188)
[2016.04.14-14.27.59:367][395]LogModuleManager: Shutting down and abandoning module PlacementMode (187)
[2016.04.14-14.27.59:367][395]LogModuleManager: Shutting down and abandoning module AutomationWorker (186)
[2016.04.14-14.27.59:367][395]LogModuleManager: Shutting down and abandoning module CharacterAI (185)
[2016.04.14-14.27.59:367][395]LogModuleManager: Shutting down and abandoning module SmartSnapping (184)
[2016.04.14-14.27.59:367][395]LogModuleManager: Shutting down and abandoning module ViewportSnapping (183)
[2016.04.14-14.27.59:367][395]LogModuleManager: Shutting down and abandoning module LogVisualizer (182)
[2016.04.14-14.27.59:455][395]LogModuleManager: Shutting down and abandoning module GameProjectGeneration (181)
[2016.04.14-14.27.59:497][395]LogModuleManager: Shutting down and abandoning module IntroTutorials (180)
[2016.04.14-14.27.59:508][395]LogModuleManager: Shutting down and abandoning module EditorLiveStreaming (179)
[2016.04.14-14.27.59:508][395]LogModuleManager: Shutting down and abandoning module IOSPlatformEditor (178)
[2016.04.14-14.27.59:508][395]LogModuleManager: Shutting down and abandoning module HTML5PlatformEditor (177)
[2016.04.14-14.27.59:508][395]LogModuleManager: Shutting down and abandoning module AndroidDeviceDetection (176)
[2016.04.14-14.28.00:343][395]LogModuleManager: Shutting down and abandoning module AndroidPlatformEditor (175)
[2016.04.14-14.28.00:343][395]LogModuleManager: Shutting down and abandoning module IOSRuntimeSettings (174)
[2016.04.14-14.28.00:343][395]LogModuleManager: Shutting down and abandoning module AndroidRuntimeSettings (173)
[2016.04.14-14.28.00:343][395]LogModuleManager: Shutting down and abandoning module MergeActors (172)
[2016.04.14-14.28.00:363][395]LogModuleManager: Shutting down and abandoning module SizeMap (171)
[2016.04.14-14.28.00:363][395]LogModuleManager: Shutting down and abandoning module TreeMap (170)
[2016.04.14-14.28.00:363][395]LogModuleManager: Shutting down and abandoning module ReferenceViewer (169)
[2016.04.14-14.28.00:363][395]LogModuleManager: Shutting down and abandoning module LocalizationService (168)
[2016.04.14-14.28.00:363][395]LogModuleManager: Shutting down and abandoning module LocalizationDashboard (167)
[2016.04.14-14.28.00:387][395]LogModuleManager: Shutting down and abandoning module HardwareTargeting (166)
[2016.04.14-14.28.00:402][395]LogModuleManager: Shutting down and abandoning module DeviceProfileEditor (165)
[2016.04.14-14.28.00:424][395]LogModuleManager: Shutting down and abandoning module UndoHistory (164)
[2016.04.14-14.28.00:443][395]LogModuleManager: Shutting down and abandoning module UserFeedback (163)
[2016.04.14-14.28.00:443][395]LogModuleManager: Shutting down and abandoning module XmlParser (162)
[2016.04.14-14.28.00:443][395]LogModuleManager: Shutting down and abandoning module Blutility (161)
[2016.04.14-14.28.00:443][395]LogModuleManager: Shutting down and abandoning module ProjectTargetPlatformEditor (160)
[2016.04.14-14.28.00:444][395]LogModuleManager: Shutting down and abandoning module ProjectSettingsViewer (159)
[2016.04.14-14.28.00:444][395]LogModuleManager: Shutting down and abandoning module InputBindingEditor (158)
[2016.04.14-14.28.00:444][395]LogModuleManager: Shutting down and abandoning module EditorSettingsViewer (157)
[2016.04.14-14.28.00:444][395]LogModuleManager: Shutting down and abandoning module SettingsEditor (156)
[2016.04.14-14.28.00:469][395]LogModuleManager: Shutting down and abandoning module ProjectLauncher (155)
[2016.04.14-14.28.00:483][395]LogModuleManager: Shutting down and abandoning module SessionFrontend (154)
[2016.04.14-14.28.00:491][395]LogModuleManager: Shutting down and abandoning module ProfilerClient (153)
[2016.04.14-14.28.00:516][395]LogModuleManager: Shutting down and abandoning module TargetDeviceServices (152)
[2016.04.14-14.28.00:516][395]LogModuleManager: Shutting down and abandoning module DeviceManager (151)
[2016.04.14-14.28.00:563][395]LogModuleManager: Shutting down and abandoning module AutomationController (150)
[2016.04.14-14.28.00:579][395]LogModuleManager: Shutting down and abandoning module AutomationWindow (149)
[2016.04.14-14.28.00:597][395]LogModuleManager: Shutting down and abandoning module Layers (148)
[2016.04.14-14.28.00:633][395]LogModuleManager: Shutting down and abandoning module ComponentVisualizers (147)
[2016.04.14-14.28.00:633][395]LogModuleManager: Shutting down and abandoning module DetailCustomizations (146)
[2016.04.14-14.28.00:640][395]LogModuleManager: Shutting down and abandoning module PackagesDialog (145)
[2016.04.14-14.28.00:660][395]LogModuleManager: Shutting down and abandoning module Persona (144)
[2016.04.14-14.28.00:706][395]LogModuleManager: Shutting down and abandoning module Kismet (143)
[2016.04.14-14.28.00:706][395]LogModuleManager: Shutting down and abandoning module GraphEditor (142)
[2016.04.14-14.28.00:795][395]LogModuleManager: Shutting down and abandoning module ClassViewer (141)
[2016.04.14-14.28.00:822][395]LogModuleManager: Shutting down and abandoning module Toolbox (140)
[2016.04.14-14.28.00:822][395]LogModuleManager: Shutting down and abandoning module ModuleUI (139)
[2016.04.14-14.28.00:866][395]LogModuleManager: Shutting down and abandoning module MovieSceneTools (138)
[2016.04.14-14.28.00:866][395]LogModuleManager: Shutting down and abandoning module OutputLog (137)
[2016.04.14-14.28.00:867][395]LogModuleManager: Shutting down and abandoning module GammaUI (136)
[2016.04.14-14.28.00:877][395]LogModuleManager: Shutting down and abandoning module Documentation (135)
[2016.04.14-14.28.00:878][395]LogModuleManager: Shutting down and abandoning module StreamingPauseRendering (134)
[2016.04.14-14.28.00:878][395]LogModuleManager: Shutting down and abandoning module AnalyticsET (133)
[2016.04.14-14.28.00:878][395]LogModuleManager: Shutting down and abandoning module Analytics (132)
[2016.04.14-14.28.00:878][395]LogModuleManager: Shutting down and abandoning module PortalServices (131)
[2016.04.14-14.28.00:878][395]LogModuleManager: Shutting down and abandoning module PortalRpc (130)
[2016.04.14-14.28.00:878][395]LogModuleManager: Shutting down and abandoning module MessagingRpc (129)
[2016.04.14-14.28.00:878][395]LogModuleManager: Shutting down and abandoning module AITestSuite (128)
[2016.04.14-14.28.00:878][395]LogModuleManager: Shutting down and abandoning module GameplayDebugger (127)
[2016.04.14-14.28.00:878][395]LogModuleManager: Shutting down and abandoning module AIModule (126)
[2016.04.14-14.28.00:878][395]LogModuleManager: Shutting down and abandoning module ProfilerService (125)
[2016.04.14-14.28.01:118][395]LogModuleManager: Shutting down and abandoning module TaskGraph (124)
[2016.04.14-14.28.01:293][395]LogModuleManager: Shutting down and abandoning module SlateRemote (123)
[2016.04.14-14.28.01:294][395]LogModuleManager: Shutting down and abandoning module SteamVRController (122)
[2016.04.14-14.28.01:294][395]LogModuleManager: Shutting down and abandoning module SteamVR (121)
[2016.04.14-14.28.01:294][395]LogModuleManager: Shutting down and abandoning module ProceduralMeshComponent (120)
[2016.04.14-14.28.01:294][395]LogModuleManager: Shutting down and abandoning module OculusLibrary (119)
[2016.04.14-14.28.01:294][395]LogModuleManager: Shutting down and abandoning module OculusInput (118)
[2016.04.14-14.28.01:294][395]LogModuleManager: Shutting down and abandoning module CustomMeshComponent (117)
[2016.04.14-14.28.01:294][395]LogModuleManager: Shutting down and abandoning module CableComponent (116)
[2016.04.14-14.28.01:294][395]LogModuleManager: Shutting down and abandoning module ArchVisCharacter (115)
[2016.04.14-14.28.01:294][395]LogModuleManager: Shutting down and abandoning module MediaPlayerEditor (114)
[2016.04.14-14.28.01:311][395]LogModuleManager: Shutting down and abandoning module HTML5Networking (113)
[2016.04.14-14.28.01:311][395]LogModuleManager: Shutting down and abandoning module SpeedTreeImporter (112)
[2016.04.14-14.28.01:311][395]LogModuleManager: Shutting down and abandoning module PluginBrowser (111)
[2016.04.14-14.28.01:312][395]LogModuleManager: Shutting down and abandoning module EpicSurvey (110)
[2016.04.14-14.28.01:312][395]LogModuleManager: Shutting down and abandoning module DesktopPlatform (109)
[2016.04.14-14.28.01:312][395]LogModuleManager: Shutting down and abandoning module VisualStudioSourceCodeAccess (108)
[2016.04.14-14.28.01:312][395]LogModuleManager: Shutting down and abandoning module UObjectPlugin (107)
[2016.04.14-14.28.01:312][395]LogModuleManager: Shutting down and abandoning module SubversionSourceControl (106)
[2016.04.14-14.28.01:312][395]LogModuleManager: Shutting down and abandoning module PerforceSourceControl (105)
[2016.04.14-14.28.01:312][395]LogModuleManager: Shutting down and abandoning module SourceControl (104)
[2016.04.14-14.28.01:312][395]LogModuleManager: Shutting down and abandoning module GitSourceControl (103)
[2016.04.14-14.28.01:312][395]LogModuleManager: Shutting down and abandoning module LightPropagationVolumeEditor (102)
[2016.04.14-14.28.01:312][395]LogModuleManager: Shutting down and abandoning module PaperTiledImporter (101)
[2016.04.14-14.28.01:312][395]LogModuleManager: Shutting down and abandoning module PaperSpriteSheetImporter (100)
[2016.04.14-14.28.01:312][395]LogModuleManager: Shutting down and abandoning module MeshPaint (99)
[2016.04.14-14.28.01:312][395]LogModuleManager: Shutting down and abandoning module HotReload (98)
[2016.04.14-14.28.01:313][395]LogModuleManager: Shutting down and abandoning module MainFrame (97)
[2016.04.14-14.28.01:313][395]LogModuleManager: Shutting down and abandoning module LevelEditor (96)
[2016.04.14-14.28.01:314][395]LogModuleManager: Shutting down and abandoning module DirectoryWatcher (95)
[2016.04.14-14.28.01:315][395]LogModuleManager: Shutting down and abandoning module AssetRegistry (94)
[2016.04.14-14.28.01:535][395]LogModuleManager: Shutting down and abandoning module ContentBrowser (93)
[2016.04.14-14.28.01:536][395]LogModuleManager: Shutting down and abandoning module Paper2DEditor (92)
[2016.04.14-14.28.01:545][395]LogModuleManager: Shutting down and abandoning module UdpMessaging (91)
[2016.04.14-14.28.01:646][395]LogModuleManager: Shutting down and abandoning module LightPropagationVolumeRuntime (90)
[2016.04.14-14.28.01:646][395]LogModuleManager: Shutting down and abandoning module Paper2D (89)
[2016.04.14-14.28.01:646][395]LogModuleManager: Shutting down and abandoning module WindowsMoviePlayer (88)
[2016.04.14-14.28.01:646][395]LogModuleManager: Shutting down and abandoning module Media (87)
[2016.04.14-14.28.01:646][395]LogModuleManager: Shutting down and abandoning module WmfMedia (86)
[2016.04.14-14.28.01:683][395]LogModuleManager: Shutting down and abandoning module GameLiveStreaming (85)
[2016.04.14-14.28.01:683][395]LogModuleManager: Shutting down and abandoning module GameplayTagsEditor (84)
[2016.04.14-14.28.01:683][395]LogModuleManager: Shutting down and abandoning module OnlineBlueprintSupport (83)
[2016.04.14-14.28.01:683][395]LogModuleManager: Shutting down and abandoning module GameplayTasksEditor (82)
[2016.04.14-14.28.01:683][395]LogModuleManager: Shutting down and abandoning module PropertyEditor (81)
[2016.04.14-14.28.01:683][395]LogModuleManager: Shutting down and abandoning module BehaviorTreeEditor (80)
[2016.04.14-14.28.01:696][395]LogModuleManager: Shutting down and abandoning module FunctionalTesting (79)
[2016.04.14-14.28.01:696][395]LogModuleManager: Shutting down and abandoning module CollisionAnalyzer (78)
[2016.04.14-14.28.01:705][395]LogModuleManager: Shutting down and abandoning module WorkspaceMenuStructure (77)
[2016.04.14-14.28.01:705][395]LogModuleManager: Shutting down and abandoning module MessageLog (76)
[2016.04.14-14.28.01:705][395]LogModuleManager: Shutting down and abandoning module Sequencer (75)
[2016.04.14-14.28.01:716][395]LogModuleManager: Shutting down and abandoning module AssetTools (74)
[2016.04.14-14.28.01:735][395]LogModuleManager: Shutting down and abandoning module UMGEditor (73)
[2016.04.14-14.28.01:754][395]LogModuleManager: Shutting down and abandoning module UMG (72)
[2016.04.14-14.28.01:771][395]LogModuleManager: Shutting down and abandoning module SlateReflector (71)
[2016.04.14-14.28.01:782][395]LogModuleManager: Shutting down and abandoning module Slate (70)
[2016.04.14-14.28.01:782][395]LogModuleManager: Shutting down and abandoning module EditorStyle (69)
[2016.04.14-14.28.01:783][395]LogModuleManager: Shutting down and abandoning module SessionServices (68)
[2016.04.14-14.28.01:783][395]LogModuleManager: Shutting down and abandoning module SourceCodeAccess (67)
[2016.04.14-14.28.01:783][395]LogModuleManager: Shutting down and abandoning module HeadMountedDisplay (66)
[2016.04.14-14.28.01:783][395]LogModuleManager: Shutting down and abandoning module XAudio2 (65)
[2016.04.14-14.28.01:783][395]LogModuleManager: Shutting down and abandoning module Networking (63)
[2016.04.14-14.28.01:783][395]LogModuleManager: Shutting down and abandoning module Core (62)
[2016.04.14-14.28.01:783][395]LogModuleManager: Shutting down and abandoning module KismetCompiler (61)
[2016.04.14-14.28.01:783][395]LogModuleManager: Shutting down and abandoning module PhysXFormats (60)
[2016.04.14-14.28.01:784][395]LogModuleManager: Shutting down and abandoning module MeshUtilities (59)
[2016.04.14-14.28.01:790][395]LogModuleManager: Shutting down and abandoning module CookingStats (58)
[2016.04.14-14.28.01:790][395]LogModuleManager: Shutting down and abandoning module DerivedDataCache (57)
[2016.04.14-14.28.01:790][395]LogDerivedDataCache: Shutdown
[2016.04.14-14.28.01:790][395]LogModuleManager: Shutting down and abandoning module ShaderFormatOpenGL (56)
[2016.04.14-14.28.01:798][395]LogModuleManager: Shutting down and abandoning module ShaderFormatD3D (55)
[2016.04.14-14.28.01:798][395]LogModuleManager: Shutting down and abandoning module MetalShaderFormat (54)
[2016.04.14-14.28.01:808][395]LogModuleManager: Shutting down and abandoning module TextureFormatUncompressed (53)
[2016.04.14-14.28.01:808][395]LogModuleManager: Shutting down and abandoning module TextureFormatPVR (52)
[2016.04.14-14.28.01:808][395]LogModuleManager: Shutting down and abandoning module TextureFormatIntelISPCTexComp (51)
[2016.04.14-14.28.01:808][395]LogModuleManager: Shutting down and abandoning module TextureFormatDXT (50)
[2016.04.14-14.28.01:808][395]LogModuleManager: Shutting down and abandoning module ImageWrapper (49)
[2016.04.14-14.28.01:808][395]LogModuleManager: Shutting down and abandoning module TextureFormatASTC (48)
[2016.04.14-14.28.01:808][395]LogModuleManager: Shutting down and abandoning module TextureFormatAndroid (47)
[2016.04.14-14.28.01:808][395]LogModuleManager: Shutting down and abandoning module AudioFormatOpus (46)
[2016.04.14-14.28.01:808][395]LogModuleManager: Shutting down and abandoning module AudioFormatOgg (45)
[2016.04.14-14.28.01:808][395]LogModuleManager: Shutting down and abandoning module AudioFormatADPCM (44)
[2016.04.14-14.28.01:808][395]LogModuleManager: Shutting down and abandoning module LinuxTargetPlatform (43)
[2016.04.14-14.28.01:808][395]LogModuleManager: Shutting down and abandoning module LinuxServerTargetPlatform (42)
[2016.04.14-14.28.01:808][395]LogModuleManager: Shutting down and abandoning module LinuxNoEditorTargetPlatform (41)
[2016.04.14-14.28.01:808][395]LogModuleManager: Shutting down and abandoning module TVOSTargetPlatform (40)
[2016.04.14-14.28.01:808][395]LogModuleManager: Shutting down and abandoning module Messaging (39)
[2016.04.14-14.28.01:808][395]LogModuleManager: Shutting down and abandoning module IOSTargetPlatform (38)
[2016.04.14-14.28.01:808][395]LogModuleManager: Shutting down and abandoning module HTML5TargetPlatform (37)
[2016.04.14-14.28.01:808][395]LogModuleManager: Shutting down and abandoning module Android_PVRTCTargetPlatform (36)
[2016.04.14-14.28.01:808][395]LogModuleManager: Shutting down and abandoning module Android_MultiTargetPlatform (35)
[2016.04.14-14.28.01:808][395]LogModuleManager: Shutting down and abandoning module Android_ETC2TargetPlatform (34)
[2016.04.14-14.28.01:808][395]LogModuleManager: Shutting down and abandoning module Android_ETC1TargetPlatform (33)
[2016.04.14-14.28.01:808][395]LogModuleManager: Shutting down and abandoning module Android_DXTTargetPlatform (32)
[2016.04.14-14.28.01:808][395]LogModuleManager: Shutting down and abandoning module Android_ATCTargetPlatform (31)
[2016.04.14-14.28.01:808][395]LogModuleManager: Shutting down and abandoning module Android_ASTCTargetPlatform (30)
[2016.04.14-14.28.01:808][395]LogModuleManager: Shutting down and abandoning module AndroidTargetPlatform (29)
[2016.04.14-14.28.01:808][395]LogModuleManager: Shutting down and abandoning module WindowsTargetPlatform (28)
[2016.04.14-14.28.01:808][395]LogModuleManager: Shutting down and abandoning module WindowsServerTargetPlatform (27)
[2016.04.14-14.28.01:808][395]LogModuleManager: Shutting down and abandoning module WindowsNoEditorTargetPlatform (26)
[2016.04.14-14.28.01:808][395]LogModuleManager: Shutting down and abandoning module WindowsClientTargetPlatform (25)
[2016.04.14-14.28.01:808][395]LogModuleManager: Shutting down and abandoning module AllDesktopTargetPlatform (24)
[2016.04.14-14.28.01:808][395]LogModuleManager: Shutting down and abandoning module TargetPlatform (23)
[2016.04.14-14.28.01:808][395]LogModuleManager: Shutting down and abandoning module InputCore (22)
[2016.04.14-14.28.01:808][395]LogModuleManager: Shutting down and abandoning module Settings (21)
[2016.04.14-14.28.01:808][395]LogModuleManager: Shutting down and abandoning module OnlineSubsystem (19)
[2016.04.14-14.28.01:808][395]LogModuleManager: Shutting down and abandoning module HTTP (18)
[2016.04.14-14.28.03:812][395]LogModuleManager: Shutting down and abandoning module XMPP (17)
[2016.04.14-14.28.03:890][395]LogModuleManager: Shutting down and abandoning module OculusRift (16)
[2016.04.14-14.28.03:938][395]LogModuleManager: Shutting down and abandoning module ExampleDeviceProfileSelector (15)
[2016.04.14-14.28.03:938][395]LogModuleManager: Shutting down and abandoning module TextureCompressor (14)
[2016.04.14-14.28.03:969][395]LogModuleManager: Shutting down and abandoning module ShaderCore (13)
[2016.04.14-14.28.03:969][395]LogModuleManager: Shutting down and abandoning module Landscape (12)
[2016.04.14-14.28.03:969][395]LogModuleManager: Shutting down and abandoning module SlateRHIRenderer (11)
[2016.04.14-14.28.03:992][395]LogModuleManager: Shutting down and abandoning module OpenGLDrv (10)
[2016.04.14-14.28.04:036][395]LogModuleManager: Shutting down and abandoning module D3D11RHI (9)
[2016.04.14-14.28.04:037][395]LogModuleManager: Shutting down and abandoning module AnimGraphRuntime (8)
[2016.04.14-14.28.04:037][395]LogModuleManager: Shutting down and abandoning module Renderer (7)
[2016.04.14-14.28.04:037][395]LogModuleManager: Shutting down and abandoning module Engine (6)
[2016.04.14-14.28.04:037][395]LogModuleManager: Shutting down and abandoning module CoreUObject (5)
[2016.04.14-14.28.04:037][395]LogModuleManager: Shutting down and abandoning module NetworkFile (4)
[2016.04.14-14.28.04:056][395]LogModuleManager: Shutting down and abandoning module StreamingFile (3)
[2016.04.14-14.28.04:069][395]LogModuleManager: Shutting down and abandoning module SandboxFile (2)
[2016.04.14-14.28.04:087][395]LogModuleManager: Shutting down and abandoning module PakFile (1)
[2016.04.14-14.28.04:149][395]LogExit: Exiting.
[2016.04.14-14.28.04:151][395]Log file closed, 04/14/16 16:28:04
