Log file open, 04/25/16 21:45:13
LogInit:Display: Running engine for game: ToyScroller
LogPlatformFile: Not using cached read wrapper
LogInit:Display: RandInit(637624017) SRandInit(637624020).
LogTaskGraph: Started task graph with 4 named threads and 7 total threads.
LogStats: Stats thread started at 0.322592
LogInit: Version: 4.11.2-2946394+++UE4+Release-4.11
LogInit: API Version: 2927265
LogInit: Compiled (64-bit): Apr 18 2016 02:18:46
LogInit: Compiled with Visual C++: 19.00.23026.00
LogInit: Build Configuration: Development
LogInit: Branch Name: ++UE4+Release-4.11
LogInit: Command line:  
LogInit: Base directory: D:/Program Files/Epic Games/4.11/Engine/Binaries/Win64/
LogInit: Installed Engine Build: 1
LogInit: Using libcurl 7.41.0
LogInit:  - built for x86_64-pc-win32
LogInit:  - supports SSL with WinSSL
LogInit:  - other features:
LogInit:      CURL_VERSION_SSL
LogInit:      CURL_VERSION_IPV6
LogInit:      CURL_VERSION_ASYNCHDNS
LogInit:      CURL_VERSION_LARGEFILE
LogInit:      CURL_VERSION_IDN
LogInit:  CurlRequestOptions (configurable via config and command line):
LogInit:  - bVerifyPeer = true  - Libcurl will verify peer certificate
LogInit:  - bUseHttpProxy = false  - Libcurl will NOT use HTTP proxy
LogInit:  - bDontReuseConnections = false  - Libcurl will reuse connections
LogInit:  - CertBundlePath = nullptr  - Libcurl will use whatever was configured at build time.
LogInit: Presizing for max 16777216 objects, including 0 objects not considered by GC, pre-allocating 0 bytes for permanent pool.
LogInit: Object subsystem initialized
[2016.04.25-19.45.13:893][  0]LogInit: Selected Device Profile: [Windows]
[2016.04.25-19.45.13:893][  0]LogInit: Applying CVar settings loaded from the selected device profile: [Windows]
[2016.04.25-19.45.13:909][  0]LogInit: Computer: DESKTOP-E7MBVHS
[2016.04.25-19.45.13:909][  0]LogInit: User: GonzaloBernal
[2016.04.25-19.45.13:909][  0]LogInit: CPU Page size=65536, Cores=4
[2016.04.25-19.45.13:909][  0]LogInit: High frequency timer resolution =3.117914 MHz
[2016.04.25-19.45.13:909][  0]LogMemory: Memory total: Physical=7.9GB (8GB approx)
[2016.04.25-19.45.13:909][  0]LogMemory: Platform Memory Stats for Windows
[2016.04.25-19.45.13:909][  0]LogMemory: Process Physical Memory: 313.05 MB used, 313.05 MB peak
[2016.04.25-19.45.13:909][  0]LogMemory: Process Virtual Memory: 313.64 MB used, 313.64 MB peak
[2016.04.25-19.45.13:909][  0]LogMemory: Physical Memory: 4719.04 MB used, 8067.22 MB total
[2016.04.25-19.45.13:909][  0]LogMemory: Virtual Memory: 636.23 MB used, 134217728.00 MB total
[2016.04.25-19.45.14:490][  0]LogD3D11RHI: D3D11 adapters:
[2016.04.25-19.45.14:513][  0]LogD3D11RHI:    0. 'NVIDIA GeForce GTX 760' (Feature Level 11_0)
[2016.04.25-19.45.14:513][  0]LogD3D11RHI:       1989MB of dedicated video memory, 0MB of dedicated system memory, and 4033MB of shared system memory, 1 output[s]
[2016.04.25-19.45.14:517][  0]LogD3D11RHI:    1. 'Intel(R) HD Graphics' (Feature Level 11_0)
[2016.04.25-19.45.14:517][  0]LogD3D11RHI:       32MB of dedicated video memory, 0MB of dedicated system memory, and 1760MB of shared system memory, 0 output[s]
[2016.04.25-19.45.14:519][  0]LogD3D11RHI:    2. 'Microsoft Basic Render Driver' (Feature Level 11_0)
[2016.04.25-19.45.14:519][  0]LogD3D11RHI:       0MB of dedicated video memory, 0MB of dedicated system memory, and 4033MB of shared system memory, 0 output[s]
[2016.04.25-19.45.14:519][  0]LogD3D11RHI: Chosen D3D11 Adapter: 0
[2016.04.25-19.45.14:522][  0]LogD3D11RHI: Creating new Direct3DDevice
[2016.04.25-19.45.14:523][  0]LogD3D11RHI:     Adapter Name: NVIDIA GeForce GTX 760
[2016.04.25-19.45.14:523][  0]LogD3D11RHI:   Driver Version: 10.18.13.6472 (internal 10.18.13.6472)
[2016.04.25-19.45.14:523][  0]LogD3D11RHI:      Driver Date: 3-21-2016
[2016.04.25-19.45.14:523][  0]LogRHI: Texture pool is 1361 MB (70% of 1945 MB)
[2016.04.25-19.45.14:537][  0]LogD3D11RHI: Async texture creation enabled
[2016.04.25-19.45.15:054][  0]LogShaderCompilers: Guid format shader working directory is -15 characters bigger than the processId version (../../../../../../Unreal Engine Projects/ToyProject/ToyScroller/Intermediate/Shaders/WorkingDirectory/10328/).
[2016.04.25-19.45.15:054][  0]LogShaderCompilers: Cleaned the shader compiler working directory 'C:/Users/GONZAL~1/AppData/Local/Temp/UnrealShaderWorkingDir/2D68486E4D0BBF6BE6839CADDB9B4B4F/'.
[2016.04.25-19.45.15:054][  0]LogShaderCompilers:Display: Using Local Shader Compiler.
[2016.04.25-19.45.16:695][  0]LogTemp:Display: Loaded TP AllDesktopTargetPlatform
[2016.04.25-19.45.16:699][  0]LogTemp:Display: Loaded TP WindowsClientTargetPlatform
[2016.04.25-19.45.16:704][  0]LogTemp:Display: Loaded TP WindowsNoEditorTargetPlatform
[2016.04.25-19.45.16:711][  0]LogTemp:Display: Loaded TP WindowsServerTargetPlatform
[2016.04.25-19.45.16:716][  0]LogTemp:Display: Loaded TP WindowsTargetPlatform
[2016.04.25-19.45.16:722][  0]LogTemp:Display: Loaded TP AndroidTargetPlatform
[2016.04.25-19.45.16:725][  0]LogTemp:Display: Loaded TP Android_ASTCTargetPlatform
[2016.04.25-19.45.16:728][  0]LogTemp:Display: Loaded TP Android_ATCTargetPlatform
[2016.04.25-19.45.16:732][  0]LogTemp:Display: Loaded TP Android_DXTTargetPlatform
[2016.04.25-19.45.16:736][  0]LogTemp:Display: Loaded TP Android_ETC1TargetPlatform
[2016.04.25-19.45.16:739][  0]LogTemp:Display: Loaded TP Android_ETC2TargetPlatform
[2016.04.25-19.45.16:747][  0]LogTemp:Display: Loaded TP Android_MultiTargetPlatform
[2016.04.25-19.45.16:747][  0]LogTemp:Display: Loaded TP Android_PVRTCTargetPlatform
[2016.04.25-19.45.16:749][  0]LogTemp:Display: Loaded TP HTML5TargetPlatform
[2016.04.25-19.45.16:768][  0]LogTemp:Display: Loaded TP IOSTargetPlatform
[2016.04.25-19.45.16:771][  0]LogTemp:Display: Loaded TP TVOSTargetPlatform
[2016.04.25-19.45.16:775][  0]LogTemp:Display: Loaded TP LinuxNoEditorTargetPlatform
[2016.04.25-19.45.16:779][  0]LogTemp:Display: Loaded TP LinuxServerTargetPlatform
[2016.04.25-19.45.16:784][  0]LogTemp:Display: Loaded TP LinuxTargetPlatform
[2016.04.25-19.45.16:784][  0]LogTargetPlatformManager:Display: Building Assets For Windows
[2016.04.25-19.45.17:517][  0]LogDerivedDataCache:Display: Max Cache Size: 512 MB
[2016.04.25-19.45.17:917][  0]LogDerivedDataCache: Loaded boot cache 0.40s 65MB C:/Users/Gonzalo Bernal/AppData/Local/UnrealEngine/4.11/DerivedDataCache/Boot.ddc.
[2016.04.25-19.45.17:917][  0]LogDerivedDataCache:Display: Loaded Boot cache: C:/Users/Gonzalo Bernal/AppData/Local/UnrealEngine/4.11/DerivedDataCache/Boot.ddc
[2016.04.25-19.45.17:917][  0]LogDerivedDataCache: FDerivedDataBackendGraph:  Pak pak cache file ../../../../../../Unreal Engine Projects/ToyProject/ToyScroller/DerivedDataCache/DDC.ddp not found, will not use a pak cache.
[2016.04.25-19.45.17:917][  0]LogDerivedDataCache: Unable to find inner node Pak for hierarchical cache Hierarchy.
[2016.04.25-19.45.17:917][  0]LogDerivedDataCache: FDerivedDataBackendGraph:  CompressedPak pak cache file ../../../../../../Unreal Engine Projects/ToyProject/ToyScroller/DerivedDataCache/Compressed.ddp not found, will not use a pak cache.
[2016.04.25-19.45.17:917][  0]LogDerivedDataCache: Unable to find inner node CompressedPak for hierarchical cache Hierarchy.
[2016.04.25-19.45.17:976][  0]LogDerivedDataCache:Display: Pak cache opened for reading ../../../Engine/DerivedDataCache/Compressed.ddp.
[2016.04.25-19.45.17:989][  0]LogDerivedDataCache: Using Local data cache path C:/Users/Gonzalo Bernal/AppData/Local/UnrealEngine/Common/DerivedDataCache: Writable
[2016.04.25-19.45.24:583][  0]LogInit: Selected Device Profile: [Windows]
[2016.04.25-19.45.24:592][  0]LogContentStreaming: Texture pool size is 0.00 MB
[2016.04.25-19.45.25:932][  0]LogMaterial: Uniform references updated for custom material expression Custom.
[2016.04.25-19.45.27:116][  0]LogMeshUtilities: No automatic mesh reduction module available
[2016.04.25-19.45.27:116][  0]LogMeshUtilities: No automatic mesh merging module available
[2016.04.25-19.45.27:116][  0]LogMeshUtilities: No distributed automatic mesh merging module available
[2016.04.25-19.45.30:999][  0]LogUObjectArray: 27679 objects as part of root set at end of initial load.
[2016.04.25-19.45.30:999][  0]LogUObjectAllocator: 5591592 out of 0 bytes used by permanent object pool.
[2016.04.25-19.45.30:999][  0]LogUObjectArray: CloseDisregardForGC: 0/0 objects in disregard for GC pool
[2016.04.25-19.45.31:029][  0]LogInit: WinSock: version 1.1 (2.2), MaxSocks=32767, MaxUdp=65467
[2016.04.25-19.45.32:912][  0]LogSlate: SlateFontCache - WITH_FREETYPE: 1, WITH_HARFBUZZ: 1
[2016.04.25-19.45.32:928][  0]LogSlate: SlateFontCache - WITH_FREETYPE: 1, WITH_HARFBUZZ: 1
[2016.04.25-19.45.35:547][  0]LogStreaming:Warning: Failed to read file '../../../Engine/Content/Editor/Slate/Common/Selection_16x.png' error.
[2016.04.25-19.45.35:547][  0]LogSlate: Could not find file for Slate resource: ../../../Engine/Content/Editor/Slate/Common/Selection_16x.png
[2016.04.25-19.45.35:557][  0]LogStreaming:Warning: Failed to read file '../../../Engine/Content/Editor/Slate/Common/Selection_16x.png' error.
[2016.04.25-19.45.35:557][  0]LogSlate: Could not find file for Slate resource: ../../../Engine/Content/Editor/Slate/Common/Selection_16x.png
[2016.04.25-19.45.35:557][  0]LogStreaming:Warning: Failed to read file '../../../Engine/Content/Editor/Slate/Common/Selection_16x.png' error.
[2016.04.25-19.45.35:557][  0]LogSlate: Could not find file for Slate resource: ../../../Engine/Content/Editor/Slate/Common/Selection_16x.png
[2016.04.25-19.45.46:953][  0]LogUdpMessaging: Initializing bridge on interface 0.0.0.0:0 to multicast group 230.0.0.1:6666.
[2016.04.25-19.45.47:984][  0]LogAssetRegistry: FAssetRegistry took 0.0253 seconds to start up
[2016.04.25-19.45.51:629][  0]SourceControl: Info Source control is disabled
[2016.04.25-19.45.51:710][  0]SourceControl: Info Source control is disabled
[2016.04.25-19.45.51:883][  0]SourceControl: Info Source control is disabled
[2016.04.25-19.45.52:037][  0]SourceControl: Info Source control is disabled
[2016.04.25-19.45.53:168][  0]LogHMD: Failed to initialize OpenVR with code 110
[2016.04.25-19.45.53:851][  0]LogEngine: Initializing Engine...
[2016.04.25-19.45.55:086][  0]LogAIModule: Creating AISystem for world NewWorld
[2016.04.25-19.45.55:302][  0]LogInit: XAudio2 using 'Altavoces (Dispositivo de High Definition Audio)' : 2 channels at 44.1 kHz using 16 bits per sample (channel mask 0x3)
[2016.04.25-19.45.55:315][  0]LogInit: FAudioDevice initialized.
[2016.04.25-19.45.55:353][  0]LogDerivedDataCache: Saved boot cache 0.04s 65MB C:/Users/Gonzalo Bernal/AppData/Local/UnrealEngine/4.11/DerivedDataCache/Boot.ddc.
[2016.04.25-19.45.55:369][  0]LogInit: Texture streaming: Enabled
[2016.04.25-19.45.55:635][  0]LogInit: Transaction tracking system initialized
[2016.04.25-19.45.55:979][  0]BlueprintLog: New page: Editor Load
[2016.04.25-19.45.57:346][  0]LocalizationService: Info Localization service is disabled
[2016.04.25-19.45.57:843][  0]LogLinker:Warning: Can't find file '/Game/SideScrollerBP/SideScrollerOverview'
[2016.04.25-19.45.57:843][  0]LogLinker:Warning: Can't find file '/Game/SideScrollerBP/SideScrollerOverview'
[2016.04.25-19.45.57:844][  0]LogUObjectGlobals:Warning: Failed to find object 'Class /Game/SideScrollerBP/SideScrollerOverview.SideScrollerOverview_C'
[2016.04.25-19.45.58:117][  0]LogConsoleResponse:Display: 
[2016.04.25-19.45.59:902][  0]LogFileCache: Scanning file cache for directory 'D:/Unreal Engine Projects/ToyProject/ToyScroller/Content/' took 0.05s
[2016.04.25-19.45.59:902][  0]LogCook:Display: Max memory allowance for cook 8192mb
[2016.04.25-19.45.59:903][  0]LogCook:Display: Mobile HDR setting 1
[2016.04.25-19.45.59:910][  0]LogCook:Display: Done creating registry. It took  0.00s.
[2016.04.25-19.46.01:522][  0]SourceControl: Info Source control is disabled
[2016.04.25-19.46.01:601][  0]Cmd: MAP LOAD FILE="../../../../../../Unreal Engine Projects/ToyProject/ToyScroller/Content/ToyProjectContent/Maps/SideScrollerExampleMap.umap" TEMPLATE=0 SHOWPROGRESS=1 FEATURELEVEL=3
[2016.04.25-19.46.01:648][  0]LightingResults: New page: Lighting Build
[2016.04.25-19.46.01:948][  0]MapCheck: New page: Map Check
[2016.04.25-19.46.01:948][  0]LightingResults: New page: Lighting Build
[2016.04.25-19.46.05:876][  0]LogAIModule: Creating AISystem for world SideScrollerExampleMap
[2016.04.25-19.46.06:703][  0]LogEditorServer: Finished looking for orphan Actors (0.000 secs)
[2016.04.25-19.46.06:756][  0]Cmd: MAP CHECKDEP NOCLEARLOG
[2016.04.25-19.46.06:819][  0]MapCheck: Info Map check complete: 0 Error(s), 0 Warning(s), took 62.691ms to complete.
[2016.04.25-19.46.06:819][  0]LogFileHelpers: Loading map 'SideScrollerExampleMap' took 5.271
[2016.04.25-19.46.08:080][  0]LogCollectionManager: Loaded 0 collections in 0.004229 seconds
[2016.04.25-19.46.08:251][  0]LogFileCache: Scanning file cache for directory 'D:/Unreal Engine Projects/ToyProject/ToyScroller/Saved/Collections/' took 0.01s
[2016.04.25-19.46.08:251][  0]LogFileCache: Scanning file cache for directory 'D:/Unreal Engine Projects/ToyProject/ToyScroller/Content/Developers/GonzaloBernal/Collections/' took 0.01s
[2016.04.25-19.46.08:251][  0]LogFileCache: Scanning file cache for directory 'D:/Unreal Engine Projects/ToyProject/ToyScroller/Content/Collections/' took 0.01s
[2016.04.25-19.46.08:251][  0]LogCollectionManager: Rebuilt the GUID cache for 0 collections in 0.000005 seconds
[2016.04.25-19.46.08:279][  0]LogContentBrowser: Native class hierarchy populated in 0.0273 seconds. Added 1979 classes and 343 folders.
[2016.04.25-19.46.08:359][  0]LogStats: UGameplayTagsManager::ConstructGameplayTagTree: Construct from data asset -  0.000 s
[2016.04.25-19.46.08:359][  0]LogStats: UGameplayTagsManager::ConstructGameplayTagTree: GameplayTagTreeChangedEvent.Broadcast -  0.000 s
[2016.04.25-19.46.08:367][  0]LogContentBrowser: Native class hierarchy updated for 'GameplayTags' in 0.0013 seconds. Added 12 classes and 0 folders.
[2016.04.25-19.46.08:425][  0]LogContentBrowser: Native class hierarchy updated for 'WidgetCarousel' in 0.0010 seconds. Added 0 classes and 0 folders.
[2016.04.25-19.46.08:581][  0]LogContentBrowser: Native class hierarchy updated for 'SuperSearch' in 0.0013 seconds. Added 1 classes and 2 folders.
[2016.04.25-19.46.09:829][  0]LogContentBrowser: Native class hierarchy updated for 'AddContentDialog' in 0.0011 seconds. Added 0 classes and 0 folders.
[2016.04.25-19.46.09:886][  0]LogContentBrowser: Native class hierarchy updated for 'SceneOutliner' in 0.0012 seconds. Added 1 classes and 2 folders.
[2016.04.25-19.46.10:898][  0]LogCrashTracker: Crashtracker disabled due to settings.
[2016.04.25-19.46.11:110][  0]LogUObjectGlobals:Warning: Failed to find object 'Class None.'
[2016.04.25-19.46.11:224][  0]LogContentBrowser: Native class hierarchy updated for 'HierarchicalLODOutliner' in 0.0012 seconds. Added 1 classes and 2 folders.
[2016.04.25-19.46.11:224][  0]LogLoad: Full Startup: 58.83 seconds (BP compile: 1.00 seconds)
[2016.04.25-19.46.11:224][  0]LogExternalProfiler:Warning: No registered external profiler was matched with a command-line switch (or the DLL could not be loaded).  External profiling features will not be available.
[2016.04.25-19.46.11:611][  0]LogOcInput: OculusInput pre-init called
[2016.04.25-19.46.12:244][  0]LogContentStreaming: Texture pool size now 1000 MB
[2016.04.25-19.46.13:205][  0]LogRenderer: Reallocating scene render targets to support 1040x592 (Frame:2).
[2016.04.25-19.46.13:859][  3]LogAssetRegistry: Asset discovery search completed in 25.8981 seconds
[2016.04.25-19.46.13:890][  3]LogCollectionManager: Rebuilt the object cache for 0 collections in 0.000001 seconds (found 0 objects)
[2016.04.25-19.46.13:890][  3]LogCollectionManager: Fixed up redirectors for 0 collections in 0.030034 seconds (updated 0 objects)
[2016.04.25-19.46.16:232][242]LogBlueprintUserMessages: Early PlayInEditor Detection: Level '/Game/ToyProjectContent/Maps/SideScrollerExampleMap.SideScrollerExampleMap:PersistentLevel' has LevelScriptBlueprint '/Game/ToyProjectContent/Maps/SideScrollerExampleMap.SideScrollerExampleMap:PersistentLevel.SideScrollerExampleMap' with GeneratedClass '/Game/ToyProjectContent/Maps/SideScrollerExampleMap.SideScrollerExampleMap_C' with ClassGeneratedBy '/Game/ToyProjectContent/Maps/SideScrollerExampleMap.SideScrollerExampleMap:PersistentLevel.SideScrollerExampleMap'
[2016.04.25-19.46.16:232][242]LogPlayLevel: PlayLevel: No blueprints needed recompiling
[2016.04.25-19.46.16:306][242]PIE: New page: PIE session: SideScrollerExampleMap (Apr 25, 2016, 10:46:16 PM)
[2016.04.25-19.46.16:306][242]LogPlayLevel: Creating play world package: /Game/ToyProjectContent/Maps/UEDPIE_0_SideScrollerExampleMap
[2016.04.25-19.46.16:374][242]LogPlayLevel: PIE: StaticDuplicateObject took: (0.067540s)
[2016.04.25-19.46.16:375][242]LogAIModule: Creating AISystem for world SideScrollerExampleMap
[2016.04.25-19.46.16:375][242]LogPlayLevel: PIE: World Init took: (0.001150s)
[2016.04.25-19.46.16:377][242]LogPlayLevel: PIE: Created PIE world by copying editor world from /Game/ToyProjectContent/Maps/SideScrollerExampleMap.SideScrollerExampleMap to /Game/ToyProjectContent/Maps/UEDPIE_0_SideScrollerExampleMap.SideScrollerExampleMap (0.070089s)
[2016.04.25-19.46.16:396][242]LogInit: XAudio2 using 'Altavoces (Dispositivo de High Definition Audio)' : 2 channels at 44.1 kHz using 16 bits per sample (channel mask 0x3)
[2016.04.25-19.46.16:403][242]LogInit: FAudioDevice initialized.
[2016.04.25-19.46.16:516][242]LogLinker:Warning: Can't find file '/Game/SideScrollerBP/Blueprints/SideScrollerGameMode'
[2016.04.25-19.46.16:517][242]LogLinker:Warning: Can't find file '/Game/SideScrollerBP/Blueprints/SideScrollerGameMode'
[2016.04.25-19.46.16:517][242]LogUObjectGlobals:Warning: Failed to find object 'Class /Game/SideScrollerBP/Blueprints/SideScrollerGameMode.SideScrollerGameMode_C'
[2016.04.25-19.46.16:517][242]LogWorld: Game class is 'GameMode'
[2016.04.25-19.46.16:556][242]LogWorld: Bringing World /Game/ToyProjectContent/Maps/UEDPIE_0_SideScrollerExampleMap.SideScrollerExampleMap up for play (max tick rate 0) at 2016.04.25-21.46.16
[2016.04.25-19.46.16:579][242]LogWorld: Bringing up level for play took: 0.026366
[2016.04.25-19.46.16:665][242]LogContentBrowser: Native class hierarchy updated for 'MovieSceneCapture' in 0.0012 seconds. Added 9 classes and 0 folders.
[2016.04.25-19.46.16:699][242]PIE: Info Play in editor start time for /Game/ToyProjectContent/Maps/UEDPIE_0_SideScrollerExampleMap 0.569
[2016.04.25-19.46.16:699][242]LogBlueprintUserMessages: Late PlayInEditor Detection: Level '/Game/ToyProjectContent/Maps/SideScrollerExampleMap.SideScrollerExampleMap:PersistentLevel' has LevelScriptBlueprint '/Game/ToyProjectContent/Maps/SideScrollerExampleMap.SideScrollerExampleMap:PersistentLevel.SideScrollerExampleMap' with GeneratedClass '/Game/ToyProjectContent/Maps/SideScrollerExampleMap.SideScrollerExampleMap_C' with ClassGeneratedBy '/Game/ToyProjectContent/Maps/SideScrollerExampleMap.SideScrollerExampleMap:PersistentLevel.SideScrollerExampleMap'
[2016.04.25-19.47.08:335][384]LogBlueprintUserMessages: Early EndPlayMap Detection: Level '/Game/ToyProjectContent/Maps/SideScrollerExampleMap.SideScrollerExampleMap:PersistentLevel' has LevelScriptBlueprint '/Game/ToyProjectContent/Maps/SideScrollerExampleMap.SideScrollerExampleMap:PersistentLevel.SideScrollerExampleMap' with GeneratedClass '/Game/ToyProjectContent/Maps/SideScrollerExampleMap.SideScrollerExampleMap_C' with ClassGeneratedBy '/Game/ToyProjectContent/Maps/SideScrollerExampleMap.SideScrollerExampleMap:PersistentLevel.SideScrollerExampleMap'
[2016.04.25-19.47.08:514][384]LogBlueprintUserMessages: Late EndPlayMap Detection: Level '/Game/ToyProjectContent/Maps/SideScrollerExampleMap.SideScrollerExampleMap:PersistentLevel' has LevelScriptBlueprint '/Game/ToyProjectContent/Maps/SideScrollerExampleMap.SideScrollerExampleMap:PersistentLevel.SideScrollerExampleMap' with GeneratedClass '/Game/ToyProjectContent/Maps/SideScrollerExampleMap.SideScrollerExampleMap_C' with ClassGeneratedBy '/Game/ToyProjectContent/Maps/SideScrollerExampleMap.SideScrollerExampleMap:PersistentLevel.SideScrollerExampleMap'
[2016.04.25-19.47.29:538][861]LogBlueprintUserMessages: Early PlayInEditor Detection: Level '/Game/ToyProjectContent/Maps/SideScrollerExampleMap.SideScrollerExampleMap:PersistentLevel' has LevelScriptBlueprint '/Game/ToyProjectContent/Maps/SideScrollerExampleMap.SideScrollerExampleMap:PersistentLevel.SideScrollerExampleMap' with GeneratedClass '/Game/ToyProjectContent/Maps/SideScrollerExampleMap.SideScrollerExampleMap_C' with ClassGeneratedBy '/Game/ToyProjectContent/Maps/SideScrollerExampleMap.SideScrollerExampleMap:PersistentLevel.SideScrollerExampleMap'
[2016.04.25-19.47.29:538][861]LogPlayLevel: PlayLevel: No blueprints needed recompiling
[2016.04.25-19.47.29:538][861]PIE: New page: PIE session: SideScrollerExampleMap (Apr 25, 2016, 10:47:29 PM)
[2016.04.25-19.47.29:538][861]LogPlayLevel: Creating play world package: /Game/ToyProjectContent/Maps/UEDPIE_0_SideScrollerExampleMap
[2016.04.25-19.47.29:557][861]LogPlayLevel: PIE: StaticDuplicateObject took: (0.018043s)
[2016.04.25-19.47.29:557][861]LogAIModule: Creating AISystem for world SideScrollerExampleMap
[2016.04.25-19.47.29:557][861]LogPlayLevel: PIE: World Init took: (0.000814s)
[2016.04.25-19.47.29:558][861]LogPlayLevel: PIE: Created PIE world by copying editor world from /Game/ToyProjectContent/Maps/SideScrollerExampleMap.SideScrollerExampleMap to /Game/ToyProjectContent/Maps/UEDPIE_0_SideScrollerExampleMap.SideScrollerExampleMap (0.019079s)
[2016.04.25-19.47.29:570][861]LogInit: XAudio2 using 'Altavoces (Dispositivo de High Definition Audio)' : 2 channels at 44.1 kHz using 16 bits per sample (channel mask 0x3)
[2016.04.25-19.47.29:577][861]LogInit: FAudioDevice initialized.
[2016.04.25-19.47.29:650][861]LogLinker:Warning: Can't find file '/Game/SideScrollerBP/Blueprints/SideScrollerGameMode'
[2016.04.25-19.47.29:651][861]LogLinker:Warning: Can't find file '/Game/SideScrollerBP/Blueprints/SideScrollerGameMode'
[2016.04.25-19.47.29:651][861]LogUObjectGlobals:Warning: Failed to find object 'Class /Game/SideScrollerBP/Blueprints/SideScrollerGameMode.SideScrollerGameMode_C'
[2016.04.25-19.47.29:651][861]LogWorld: Game class is 'GameMode'
[2016.04.25-19.47.29:655][861]LogWorld: Bringing World /Game/ToyProjectContent/Maps/UEDPIE_0_SideScrollerExampleMap.SideScrollerExampleMap up for play (max tick rate 0) at 2016.04.25-21.47.29
[2016.04.25-19.47.29:655][861]LogWorld: Bringing up level for play took: 0.003795
[2016.04.25-19.47.29:656][861]PIE: Info Play in editor start time for /Game/ToyProjectContent/Maps/UEDPIE_0_SideScrollerExampleMap -0.473
[2016.04.25-19.47.29:656][861]LogBlueprintUserMessages: Late PlayInEditor Detection: Level '/Game/ToyProjectContent/Maps/SideScrollerExampleMap.SideScrollerExampleMap:PersistentLevel' has LevelScriptBlueprint '/Game/ToyProjectContent/Maps/SideScrollerExampleMap.SideScrollerExampleMap:PersistentLevel.SideScrollerExampleMap' with GeneratedClass '/Game/ToyProjectContent/Maps/SideScrollerExampleMap.SideScrollerExampleMap_C' with ClassGeneratedBy '/Game/ToyProjectContent/Maps/SideScrollerExampleMap.SideScrollerExampleMap:PersistentLevel.SideScrollerExampleMap'
[2016.04.25-19.48.41:014][419]LogBlueprintUserMessages: Early EndPlayMap Detection: Level '/Game/ToyProjectContent/Maps/SideScrollerExampleMap.SideScrollerExampleMap:PersistentLevel' has LevelScriptBlueprint '/Game/ToyProjectContent/Maps/SideScrollerExampleMap.SideScrollerExampleMap:PersistentLevel.SideScrollerExampleMap' with GeneratedClass '/Game/ToyProjectContent/Maps/SideScrollerExampleMap.SideScrollerExampleMap_C' with ClassGeneratedBy '/Game/ToyProjectContent/Maps/SideScrollerExampleMap.SideScrollerExampleMap:PersistentLevel.SideScrollerExampleMap'
[2016.04.25-19.48.41:042][419]LogBlueprintUserMessages: Late EndPlayMap Detection: Level '/Game/ToyProjectContent/Maps/SideScrollerExampleMap.SideScrollerExampleMap:PersistentLevel' has LevelScriptBlueprint '/Game/ToyProjectContent/Maps/SideScrollerExampleMap.SideScrollerExampleMap:PersistentLevel.SideScrollerExampleMap' with GeneratedClass '/Game/ToyProjectContent/Maps/SideScrollerExampleMap.SideScrollerExampleMap_C' with ClassGeneratedBy '/Game/ToyProjectContent/Maps/SideScrollerExampleMap.SideScrollerExampleMap:PersistentLevel.SideScrollerExampleMap'
[2016.04.25-19.49.41:199][114]LogContentBrowser: Native class hierarchy updated for 'BlueprintGraph' in 0.0019 seconds. Added 108 classes and 0 folders.
[2016.04.25-19.50.08:438][ 19]LogProperty:Warning: ObjectProperty /Script/Engine.EdGraphPin:LinkedTo.LinkedTo: unresolved reference to 'EdGraphPin'K2Node_ExecutionSequence_255.EdGraphPin_2564''
[2016.04.25-19.50.08:438][ 19]LogProperty:Warning: ObjectProperty /Script/Engine.EdGraphPin:LinkedTo.LinkedTo: unresolved reference to 'EdGraphPin'K2Node_ExecutionSequence_254.EdGraphPin_2588''
[2016.04.25-19.50.08:438][ 19]LogProperty:Warning: ObjectProperty /Script/Engine.EdGraphPin:LinkedTo.LinkedTo: unresolved reference to 'EdGraphPin'K2Node_VariableSet_221.EdGraphPin_3159''
[2016.04.25-19.50.08:438][ 19]LogProperty:Warning: ObjectProperty /Script/Engine.EdGraphPin:LinkedTo.LinkedTo: unresolved reference to 'EdGraphPin'K2Node_IfThenElse_189.EdGraphPin_2518''
[2016.04.25-19.50.08:439][ 19]LogProperty:Warning: ObjectProperty /Script/Engine.EdGraphPin:LinkedTo.LinkedTo: unresolved reference to 'EdGraphPin'K2Node_ExecutionSequence_253.EdGraphPin_2556''
[2016.04.25-19.50.08:439][ 19]LogProperty:Warning: ObjectProperty /Script/Engine.EdGraphPin:LinkedTo.LinkedTo: unresolved reference to 'EdGraphPin'K2Node_VariableGet_353.EdGraphPin_2549''
[2016.04.25-19.50.08:439][ 19]LogProperty:Warning: ObjectProperty /Script/Engine.EdGraphPin:LinkedTo.LinkedTo: unresolved reference to 'EdGraphPin'K2Node_VariableSet_185.EdGraphPin_3170''
[2016.04.25-19.50.08:439][ 19]LogProperty:Warning: ObjectProperty /Script/Engine.EdGraphPin:LinkedTo.LinkedTo: unresolved reference to 'EdGraphPin'K2Node_VariableSet_185.EdGraphPin_3174''
[2016.04.25-19.50.08:440][ 19]LogLinker:Warning: Can't find file '/Game/Blueprints/Character_And_Settings/FirstPersonCharacter'
[2016.04.25-19.50.08:440][ 19]LogLinker: Can't find file '/Game/Blueprints/Character_And_Settings/FirstPersonCharacter'
[2016.04.25-19.50.08:440][ 19]LogProperty:Warning: WeakObjectProperty /Script/Engine.EdGraphPinType:PinSubCategoryObject: unresolved reference to 'BlueprintGeneratedClass'/Game/Blueprints/Character_And_Settings/FirstPersonCharacter.FirstPersonCharacter_C')'
[2016.04.25-19.50.08:441][ 19]LogProperty:Warning: ObjectProperty /Script/Engine.EdGraphPin:LinkedTo.LinkedTo: unresolved reference to 'EdGraphPin'K2Node_ExecutionSequence_254.EdGraphPin_2590''
[2016.04.25-19.50.08:441][ 19]LogProperty:Warning: ObjectProperty /Script/Engine.EdGraphPin:LinkedTo.LinkedTo: unresolved reference to 'EdGraphPin'K2Node_ExecutionSequence_255.EdGraphPin_2566''
[2016.04.25-19.50.08:441][ 19]LogProperty:Warning: ObjectProperty /Script/Engine.EdGraphPin:LinkedTo.LinkedTo: unresolved reference to 'EdGraphPin'K2Node_VariableSet_239.EdGraphPin_2573''
[2016.04.25-19.50.08:441][ 19]LogLinker: Can't find file '/Game/Blueprints/Character_And_Settings/FirstPersonCharacter'
[2016.04.25-19.50.08:442][ 19]LogProperty:Warning: WeakObjectProperty /Script/Engine.EdGraphPinType:PinSubCategoryObject: unresolved reference to 'BlueprintGeneratedClass'/Game/Blueprints/Character_And_Settings/FirstPersonCharacter.FirstPersonCharacter_C')'
[2016.04.25-19.50.08:442][ 19]LogProperty:Warning: ObjectProperty /Script/Engine.EdGraphPin:LinkedTo.LinkedTo: unresolved reference to 'EdGraphPin'K2Node_VariableSet_238.EdGraphPin_2597''
[2016.04.25-19.50.08:442][ 19]LogLinker: Can't find file '/Game/Blueprints/Character_And_Settings/FirstPersonCharacter'
[2016.04.25-19.50.08:442][ 19]LogProperty:Warning: WeakObjectProperty /Script/Engine.EdGraphPinType:PinSubCategoryObject: unresolved reference to 'BlueprintGeneratedClass'/Game/Blueprints/Character_And_Settings/FirstPersonCharacter.FirstPersonCharacter_C')'
[2016.04.25-19.50.08:447][ 19]LogBlueprint:Warning: [SideScrollerCharacter] CreatePinForVariable: 'IsSprinting' variable not found. Base class was probably changed.
[2016.04.25-19.50.08:447][ 19]LogBlueprint:Warning: [SideScrollerCharacter] CreatePinForVariable: 'IsSprinting' variable not found. Base class was probably changed.
[2016.04.25-19.50.08:447][ 19]LogBlueprint:Warning: [SideScrollerCharacter] CreatePinForVariable: 'IsSprinting' variable not found. Base class was probably changed.
[2016.04.25-19.50.08:447][ 19]LogBlueprint:Warning: [SideScrollerCharacter] CreatePinForVariable: 'IsSprinting' variable not found. Base class was probably changed.
[2016.04.25-19.50.08:447][ 19]LogBlueprint:Warning: [SideScrollerCharacter] CreatePinForVariable: 'IsSprinting' variable not found. Base class was probably changed.
[2016.04.25-19.50.17:362][581]LogBlueprintUserMessages: Early PlayInEditor Detection: Level '/Game/ToyProjectContent/Maps/SideScrollerExampleMap.SideScrollerExampleMap:PersistentLevel' has LevelScriptBlueprint '/Game/ToyProjectContent/Maps/SideScrollerExampleMap.SideScrollerExampleMap:PersistentLevel.SideScrollerExampleMap' with GeneratedClass '/Game/ToyProjectContent/Maps/SideScrollerExampleMap.SideScrollerExampleMap_C' with ClassGeneratedBy '/Game/ToyProjectContent/Maps/SideScrollerExampleMap.SideScrollerExampleMap:PersistentLevel.SideScrollerExampleMap'
[2016.04.25-19.50.17:362][581]BlueprintLog: New page: Pre-Play auto-recompile
[2016.04.25-19.50.17:377][581]LogPlayLevel: [PlayLevel] Compiling SideScrollerCharacter before play...
[2016.04.25-19.50.17:399][581]LogBlueprint:Warning: [compiler SideScrollerCharacter] Warning Could not find a variable named "IsSprinting" in 'SideScrollerCharacter_C'.
Make sure 'SideScrollerCharacter_C' has been compiled for  Set IsSprinting 
[2016.04.25-19.50.17:399][581]LogBlueprint:Warning: [compiler SideScrollerCharacter] Warning Could not find a variable named "IsSprinting" in 'SideScrollerCharacter_C'.
Make sure 'SideScrollerCharacter_C' has been compiled for  Set IsSprinting 
[2016.04.25-19.50.17:399][581]LogBlueprint:Warning: [compiler SideScrollerCharacter] Warning Could not find a variable named "IsSprinting" in 'SideScrollerCharacter_C'.
Make sure 'SideScrollerCharacter_C' has been compiled for  Get IsSprinting 
[2016.04.25-19.50.17:401][581]LogBlueprint:Error: [compiler SideScrollerCharacter] Error The property associated with  Is Sprinting  could not be found
[2016.04.25-19.50.17:402][581]LogBlueprint:Error: [compiler SideScrollerCharacter] Error The property associated with  Is Sprinting  could not be found
[2016.04.25-19.50.17:402][581]LogBlueprint:Error: [compiler SideScrollerCharacter] Error The property associated with  Is Sprinting  could not be found
[2016.04.25-19.50.17:634][581]LogBlueprint:Warning: [compiler SideScrollerCharacter] Warning [0305.24] Compile of SideScrollerCharacter failed. 3 Fatal Issue(s) 3 Warning(s) [in 245 ms]
[2016.04.25-19.50.17:634][581]LogBlueprint:Warning: [compiler SideScrollerCharacter] Warning [0305.24] Compile of SideScrollerCharacter failed. 3 Fatal Issue(s) 4 Warning(s) [in 0 ms]
[2016.04.25-19.50.17:634][581]LogBlueprint:Warning: [compiler SideScrollerCharacter] Warning [0305.24] Compile of SideScrollerCharacter failed. 3 Fatal Issue(s) 5 Warning(s) [in 0 ms]
[2016.04.25-19.50.17:634][581]LogBlueprint:Warning: [compiler SideScrollerCharacter] Warning [0305.24] Compile of SideScrollerCharacter failed. 3 Fatal Issue(s) 6 Warning(s) [in 0 ms]
[2016.04.25-19.50.17:639][581]LogBlueprint:Warning: [compiler SideScrollerCharacter] Warning [0305.24] Compile of SideScrollerCharacter failed. 3 Fatal Issue(s) 7 Warning(s) [in 5 ms]
[2016.04.25-19.50.17:639][581]LogBlueprint:Warning: [compiler SideScrollerCharacter] Warning [0305.24] Compile of SideScrollerCharacter failed. 3 Fatal Issue(s) 8 Warning(s) [in 0 ms]
[2016.04.25-19.50.17:661][581]LogPlayLevel: PlayLevel: Blueprint regeneration took 298 ms (1 blueprints)
[2016.04.25-19.50.17:686][581]BlueprintLog: Info Blueprint SideScrollerCharacter failed to compile
[2016.04.25-19.50.33:256][518]BlueprintLog: New page: Compile SideScrollerCharacter
[2016.04.25-19.50.33:663][518]BlueprintEditorCompileResults: Info [0321.26] Compile of SideScrollerCharacter successful! [in 405 ms]
[2016.04.25-19.50.39:153][926]LogBlueprintUserMessages: Early PlayInEditor Detection: Level '/Game/ToyProjectContent/Maps/SideScrollerExampleMap.SideScrollerExampleMap:PersistentLevel' has LevelScriptBlueprint '/Game/ToyProjectContent/Maps/SideScrollerExampleMap.SideScrollerExampleMap:PersistentLevel.SideScrollerExampleMap' with GeneratedClass '/Game/ToyProjectContent/Maps/SideScrollerExampleMap.SideScrollerExampleMap_C' with ClassGeneratedBy '/Game/ToyProjectContent/Maps/SideScrollerExampleMap.SideScrollerExampleMap:PersistentLevel.SideScrollerExampleMap'
[2016.04.25-19.50.39:154][926]LogPlayLevel: PlayLevel: No blueprints needed recompiling
[2016.04.25-19.50.39:154][926]PIE: New page: PIE session: SideScrollerExampleMap (Apr 25, 2016, 10:50:39 PM)
[2016.04.25-19.50.39:154][926]LogPlayLevel: Creating play world package: /Game/ToyProjectContent/Maps/UEDPIE_0_SideScrollerExampleMap
[2016.04.25-19.50.39:174][926]LogPlayLevel: PIE: StaticDuplicateObject took: (0.020785s)
[2016.04.25-19.50.39:175][926]LogAIModule: Creating AISystem for world SideScrollerExampleMap
[2016.04.25-19.50.39:175][926]LogPlayLevel: PIE: World Init took: (0.000963s)
[2016.04.25-19.50.39:176][926]LogPlayLevel: PIE: Created PIE world by copying editor world from /Game/ToyProjectContent/Maps/SideScrollerExampleMap.SideScrollerExampleMap to /Game/ToyProjectContent/Maps/UEDPIE_0_SideScrollerExampleMap.SideScrollerExampleMap (0.022041s)
[2016.04.25-19.50.39:216][926]LogInit: XAudio2 using 'Altavoces (Dispositivo de High Definition Audio)' : 2 channels at 44.1 kHz using 16 bits per sample (channel mask 0x3)
[2016.04.25-19.50.39:222][926]LogInit: FAudioDevice initialized.
[2016.04.25-19.50.39:256][926]LogLinker:Warning: Can't find file '/Game/SideScrollerBP/Blueprints/SideScrollerGameMode'
[2016.04.25-19.50.39:256][926]LogLinker:Warning: Can't find file '/Game/SideScrollerBP/Blueprints/SideScrollerGameMode'
[2016.04.25-19.50.39:256][926]LogUObjectGlobals:Warning: Failed to find object 'Class /Game/SideScrollerBP/Blueprints/SideScrollerGameMode.SideScrollerGameMode_C'
[2016.04.25-19.50.39:256][926]LogWorld: Game class is 'GameMode'
[2016.04.25-19.50.39:261][926]LogWorld: Bringing World /Game/ToyProjectContent/Maps/UEDPIE_0_SideScrollerExampleMap.SideScrollerExampleMap up for play (max tick rate 0) at 2016.04.25-21.50.39
[2016.04.25-19.50.39:261][926]LogWorld: Bringing up level for play took: 0.004087
[2016.04.25-19.50.39:262][926]PIE: Info Play in editor start time for /Game/ToyProjectContent/Maps/UEDPIE_0_SideScrollerExampleMap -0.868
[2016.04.25-19.50.39:262][926]LogBlueprintUserMessages: Late PlayInEditor Detection: Level '/Game/ToyProjectContent/Maps/SideScrollerExampleMap.SideScrollerExampleMap:PersistentLevel' has LevelScriptBlueprint '/Game/ToyProjectContent/Maps/SideScrollerExampleMap.SideScrollerExampleMap:PersistentLevel.SideScrollerExampleMap' with GeneratedClass '/Game/ToyProjectContent/Maps/SideScrollerExampleMap.SideScrollerExampleMap_C' with ClassGeneratedBy '/Game/ToyProjectContent/Maps/SideScrollerExampleMap.SideScrollerExampleMap:PersistentLevel.SideScrollerExampleMap'
[2016.04.25-19.50.44:573][560]LogBlueprintUserMessages: Early EndPlayMap Detection: Level '/Game/ToyProjectContent/Maps/SideScrollerExampleMap.SideScrollerExampleMap:PersistentLevel' has LevelScriptBlueprint '/Game/ToyProjectContent/Maps/SideScrollerExampleMap.SideScrollerExampleMap:PersistentLevel.SideScrollerExampleMap' with GeneratedClass '/Game/ToyProjectContent/Maps/SideScrollerExampleMap.SideScrollerExampleMap_C' with ClassGeneratedBy '/Game/ToyProjectContent/Maps/SideScrollerExampleMap.SideScrollerExampleMap:PersistentLevel.SideScrollerExampleMap'
[2016.04.25-19.50.44:642][560]LogBlueprintUserMessages: Late EndPlayMap Detection: Level '/Game/ToyProjectContent/Maps/SideScrollerExampleMap.SideScrollerExampleMap:PersistentLevel' has LevelScriptBlueprint '/Game/ToyProjectContent/Maps/SideScrollerExampleMap.SideScrollerExampleMap:PersistentLevel.SideScrollerExampleMap' with GeneratedClass '/Game/ToyProjectContent/Maps/SideScrollerExampleMap.SideScrollerExampleMap_C' with ClassGeneratedBy '/Game/ToyProjectContent/Maps/SideScrollerExampleMap.SideScrollerExampleMap:PersistentLevel.SideScrollerExampleMap'
[2016.04.25-19.51.35:749][410]LogEditorViewport: Clicking on Actor (LMB): BP_Sky_Sphere_C (SkySphereBlueprint)
[2016.04.25-19.51.36:695][515]LogEditorViewport: Clicking on Actor (LMB): StaticMeshActor (Wall2)
[2016.04.25-19.51.39:195][803]LogEditorViewport: Clicking on Actor (LMB): SideScrollerCharacter_C (SideScrollerCharacter)
[2016.04.25-19.52.02:977][601]BlueprintLog: New page: Compile SideScrollerCharacter
[2016.04.25-19.52.03:107][601]BlueprintEditorCompileResults: Info [0410.71] Compile of SideScrollerCharacter successful! [in 129 ms]
[2016.04.25-19.52.04:784][748]LogBlueprintUserMessages: Early PlayInEditor Detection: Level '/Game/ToyProjectContent/Maps/SideScrollerExampleMap.SideScrollerExampleMap:PersistentLevel' has LevelScriptBlueprint '/Game/ToyProjectContent/Maps/SideScrollerExampleMap.SideScrollerExampleMap:PersistentLevel.SideScrollerExampleMap' with GeneratedClass '/Game/ToyProjectContent/Maps/SideScrollerExampleMap.SideScrollerExampleMap_C' with ClassGeneratedBy '/Game/ToyProjectContent/Maps/SideScrollerExampleMap.SideScrollerExampleMap:PersistentLevel.SideScrollerExampleMap'
[2016.04.25-19.52.04:784][748]LogPlayLevel: PlayLevel: No blueprints needed recompiling
[2016.04.25-19.52.04:784][748]PIE: New page: PIE session: SideScrollerExampleMap (Apr 25, 2016, 10:52:04 PM)
[2016.04.25-19.52.04:784][748]LogPlayLevel: Creating play world package: /Game/ToyProjectContent/Maps/UEDPIE_0_SideScrollerExampleMap
[2016.04.25-19.52.04:806][748]LogPlayLevel: PIE: StaticDuplicateObject took: (0.021483s)
[2016.04.25-19.52.04:806][748]LogAIModule: Creating AISystem for world SideScrollerExampleMap
[2016.04.25-19.52.04:807][748]LogPlayLevel: PIE: World Init took: (0.001033s)
[2016.04.25-19.52.04:807][748]LogPlayLevel: PIE: Created PIE world by copying editor world from /Game/ToyProjectContent/Maps/SideScrollerExampleMap.SideScrollerExampleMap to /Game/ToyProjectContent/Maps/UEDPIE_0_SideScrollerExampleMap.SideScrollerExampleMap (0.022823s)
[2016.04.25-19.52.04:851][748]LogInit: XAudio2 using 'Altavoces (Dispositivo de High Definition Audio)' : 2 channels at 44.1 kHz using 16 bits per sample (channel mask 0x3)
[2016.04.25-19.52.04:858][748]LogInit: FAudioDevice initialized.
[2016.04.25-19.52.04:893][748]LogLinker:Warning: Can't find file '/Game/SideScrollerBP/Blueprints/SideScrollerGameMode'
[2016.04.25-19.52.04:894][748]LogLinker:Warning: Can't find file '/Game/SideScrollerBP/Blueprints/SideScrollerGameMode'
[2016.04.25-19.52.04:894][748]LogUObjectGlobals:Warning: Failed to find object 'Class /Game/SideScrollerBP/Blueprints/SideScrollerGameMode.SideScrollerGameMode_C'
[2016.04.25-19.52.04:894][748]LogWorld: Game class is 'GameMode'
[2016.04.25-19.52.04:903][748]LogWorld: Bringing World /Game/ToyProjectContent/Maps/UEDPIE_0_SideScrollerExampleMap.SideScrollerExampleMap up for play (max tick rate 0) at 2016.04.25-21.52.04
[2016.04.25-19.52.04:904][748]LogWorld: Bringing up level for play took: 0.008038
[2016.04.25-19.52.04:906][748]PIE: Info Play in editor start time for /Game/ToyProjectContent/Maps/UEDPIE_0_SideScrollerExampleMap 0.776
[2016.04.25-19.52.04:906][748]LogBlueprintUserMessages: Late PlayInEditor Detection: Level '/Game/ToyProjectContent/Maps/SideScrollerExampleMap.SideScrollerExampleMap:PersistentLevel' has LevelScriptBlueprint '/Game/ToyProjectContent/Maps/SideScrollerExampleMap.SideScrollerExampleMap:PersistentLevel.SideScrollerExampleMap' with GeneratedClass '/Game/ToyProjectContent/Maps/SideScrollerExampleMap.SideScrollerExampleMap_C' with ClassGeneratedBy '/Game/ToyProjectContent/Maps/SideScrollerExampleMap.SideScrollerExampleMap:PersistentLevel.SideScrollerExampleMap'
[2016.04.25-19.52.27:622][470]LogBlueprintUserMessages: Early EndPlayMap Detection: Level '/Game/ToyProjectContent/Maps/SideScrollerExampleMap.SideScrollerExampleMap:PersistentLevel' has LevelScriptBlueprint '/Game/ToyProjectContent/Maps/SideScrollerExampleMap.SideScrollerExampleMap:PersistentLevel.SideScrollerExampleMap' with GeneratedClass '/Game/ToyProjectContent/Maps/SideScrollerExampleMap.SideScrollerExampleMap_C' with ClassGeneratedBy '/Game/ToyProjectContent/Maps/SideScrollerExampleMap.SideScrollerExampleMap:PersistentLevel.SideScrollerExampleMap'
[2016.04.25-19.52.27:687][470]LogBlueprintUserMessages: Late EndPlayMap Detection: Level '/Game/ToyProjectContent/Maps/SideScrollerExampleMap.SideScrollerExampleMap:PersistentLevel' has LevelScriptBlueprint '/Game/ToyProjectContent/Maps/SideScrollerExampleMap.SideScrollerExampleMap:PersistentLevel.SideScrollerExampleMap' with GeneratedClass '/Game/ToyProjectContent/Maps/SideScrollerExampleMap.SideScrollerExampleMap_C' with ClassGeneratedBy '/Game/ToyProjectContent/Maps/SideScrollerExampleMap.SideScrollerExampleMap:PersistentLevel.SideScrollerExampleMap'
[2016.04.25-19.54.43:743][690]LogSavePackage: Save=175.53ms
[2016.04.25-19.54.43:743][690]LogSavePackage: Moving '../../../../../../Unreal Engine Projects/ToyProject/ToyScroller/Saved/SideScrollerCharacter5ACD594A42EAC1B8F05453A835B8C8E4.tmp' to '../../../../../../Unreal Engine Projects/ToyProject/ToyScroller/Content/ToyProjectContent/Blueprints/SideScrollerCharacter.uasset'
[2016.04.25-19.54.43:752][690]LogSavePackage: Total save time: 342.57ms
[2016.04.25-19.54.43:752][690]LogSavePackage:Display: Finished SavePackage ../../../../../../Unreal Engine Projects/ToyProject/ToyScroller/Content/ToyProjectContent/Blueprints/SideScrollerCharacter.uasset
[2016.04.25-19.55.22:653][ 47]LogSavePackage: Save=93.65ms
[2016.04.25-19.55.22:653][ 47]LogSavePackage: Moving '../../../../../../Unreal Engine Projects/ToyProject/ToyScroller/Saved/SideScrollerCharacterD56183954D1975559D280F90A1F71B66.tmp' to '../../../../../../Unreal Engine Projects/ToyProject/ToyScroller/Content/ToyProjectContent/Blueprints/SideScrollerCharacter.uasset'
[2016.04.25-19.55.22:656][ 47]LogSavePackage: Total save time: 97.92ms
[2016.04.25-19.55.22:656][ 47]LogSavePackage:Display: Finished SavePackage ../../../../../../Unreal Engine Projects/ToyProject/ToyScroller/Content/ToyProjectContent/Blueprints/SideScrollerCharacter.uasset
[2016.04.25-19.56.03:367][855]LogBlueprintUserMessages: Early PlayInEditor Detection: Level '/Game/ToyProjectContent/Maps/SideScrollerExampleMap.SideScrollerExampleMap:PersistentLevel' has LevelScriptBlueprint '/Game/ToyProjectContent/Maps/SideScrollerExampleMap.SideScrollerExampleMap:PersistentLevel.SideScrollerExampleMap' with GeneratedClass '/Game/ToyProjectContent/Maps/SideScrollerExampleMap.SideScrollerExampleMap_C' with ClassGeneratedBy '/Game/ToyProjectContent/Maps/SideScrollerExampleMap.SideScrollerExampleMap:PersistentLevel.SideScrollerExampleMap'
[2016.04.25-19.56.03:367][855]LogPlayLevel: PlayLevel: No blueprints needed recompiling
[2016.04.25-19.56.03:367][855]PIE: New page: PIE session: SideScrollerExampleMap (Apr 25, 2016, 10:56:03 PM)
[2016.04.25-19.56.03:367][855]LogPlayLevel: Creating play world package: /Game/ToyProjectContent/Maps/UEDPIE_0_SideScrollerExampleMap
[2016.04.25-19.56.03:390][855]LogPlayLevel: PIE: StaticDuplicateObject took: (0.022613s)
[2016.04.25-19.56.03:391][855]LogAIModule: Creating AISystem for world SideScrollerExampleMap
[2016.04.25-19.56.03:391][855]LogPlayLevel: PIE: World Init took: (0.000929s)
[2016.04.25-19.56.03:391][855]LogPlayLevel: PIE: Created PIE world by copying editor world from /Game/ToyProjectContent/Maps/SideScrollerExampleMap.SideScrollerExampleMap to /Game/ToyProjectContent/Maps/UEDPIE_0_SideScrollerExampleMap.SideScrollerExampleMap (0.023808s)
[2016.04.25-19.56.03:391][855]LogActorComponent: UnregisterComponent: (/Engine/Transient.CharMoveComp) Not registered. Aborting.
[2016.04.25-19.56.03:439][855]LogInit: XAudio2 using 'Altavoces (Dispositivo de High Definition Audio)' : 2 channels at 44.1 kHz using 16 bits per sample (channel mask 0x3)
[2016.04.25-19.56.03:447][855]LogInit: FAudioDevice initialized.
[2016.04.25-19.56.03:480][855]LogLinker:Warning: Can't find file '/Game/SideScrollerBP/Blueprints/SideScrollerGameMode'
[2016.04.25-19.56.03:480][855]LogLinker:Warning: Can't find file '/Game/SideScrollerBP/Blueprints/SideScrollerGameMode'
[2016.04.25-19.56.03:480][855]LogUObjectGlobals:Warning: Failed to find object 'Class /Game/SideScrollerBP/Blueprints/SideScrollerGameMode.SideScrollerGameMode_C'
[2016.04.25-19.56.03:480][855]LogWorld: Game class is 'GameMode'
[2016.04.25-19.56.03:485][855]LogWorld: Bringing World /Game/ToyProjectContent/Maps/UEDPIE_0_SideScrollerExampleMap.SideScrollerExampleMap up for play (max tick rate 0) at 2016.04.25-21.56.03
[2016.04.25-19.56.03:486][855]LogWorld: Bringing up level for play took: 0.004769
[2016.04.25-19.56.03:487][855]PIE: Info Play in editor start time for /Game/ToyProjectContent/Maps/UEDPIE_0_SideScrollerExampleMap -0.643
[2016.04.25-19.56.03:487][855]LogBlueprintUserMessages: Late PlayInEditor Detection: Level '/Game/ToyProjectContent/Maps/SideScrollerExampleMap.SideScrollerExampleMap:PersistentLevel' has LevelScriptBlueprint '/Game/ToyProjectContent/Maps/SideScrollerExampleMap.SideScrollerExampleMap:PersistentLevel.SideScrollerExampleMap' with GeneratedClass '/Game/ToyProjectContent/Maps/SideScrollerExampleMap.SideScrollerExampleMap_C' with ClassGeneratedBy '/Game/ToyProjectContent/Maps/SideScrollerExampleMap.SideScrollerExampleMap:PersistentLevel.SideScrollerExampleMap'
[2016.04.25-19.56.41:800][966]LogBlueprintUserMessages: Early EndPlayMap Detection: Level '/Game/ToyProjectContent/Maps/SideScrollerExampleMap.SideScrollerExampleMap:PersistentLevel' has LevelScriptBlueprint '/Game/ToyProjectContent/Maps/SideScrollerExampleMap.SideScrollerExampleMap:PersistentLevel.SideScrollerExampleMap' with GeneratedClass '/Game/ToyProjectContent/Maps/SideScrollerExampleMap.SideScrollerExampleMap_C' with ClassGeneratedBy '/Game/ToyProjectContent/Maps/SideScrollerExampleMap.SideScrollerExampleMap:PersistentLevel.SideScrollerExampleMap'
[2016.04.25-19.56.41:870][966]LogBlueprintUserMessages: Late EndPlayMap Detection: Level '/Game/ToyProjectContent/Maps/SideScrollerExampleMap.SideScrollerExampleMap:PersistentLevel' has LevelScriptBlueprint '/Game/ToyProjectContent/Maps/SideScrollerExampleMap.SideScrollerExampleMap:PersistentLevel.SideScrollerExampleMap' with GeneratedClass '/Game/ToyProjectContent/Maps/SideScrollerExampleMap.SideScrollerExampleMap_C' with ClassGeneratedBy '/Game/ToyProjectContent/Maps/SideScrollerExampleMap.SideScrollerExampleMap:PersistentLevel.SideScrollerExampleMap'
[2016.04.25-19.59.41:027][874]LogSavePackage: Save=101.74ms
[2016.04.25-19.59.41:027][874]LogSavePackage: Moving '../../../../../../Unreal Engine Projects/ToyProject/ToyScroller/Saved/SideScrollerCharacter88DC37EA4E358CCFD2160E9121BAEF0B.tmp' to '../../../../../../Unreal Engine Projects/ToyProject/ToyScroller/Content/ToyProjectContent/Blueprints/SideScrollerCharacter.uasset'
[2016.04.25-19.59.41:030][874]LogSavePackage: Total save time: 105.89ms
[2016.04.25-19.59.41:030][874]LogSavePackage:Display: Finished SavePackage ../../../../../../Unreal Engine Projects/ToyProject/ToyScroller/Content/ToyProjectContent/Blueprints/SideScrollerCharacter.uasset
[2016.04.25-19.59.48:799][377]LogSavePackage: Save=271.89ms
[2016.04.25-19.59.48:799][377]LogSavePackage: Moving '../../../../../../Unreal Engine Projects/ToyProject/ToyScroller/Saved/SideScrollerExampleMapB4C78A7046DB25A5AD8CAB937D76345B.tmp' to '../../../../../../Unreal Engine Projects/ToyProject/ToyScroller/Content/ToyProjectContent/Maps/SideScrollerExampleMap.umap'
[2016.04.25-19.59.48:803][377]LogSavePackage: Total save time: 288.06ms
[2016.04.25-19.59.48:803][377]LogSavePackage:Display: Finished SavePackage ../../../../../../Unreal Engine Projects/ToyProject/ToyScroller/Content/ToyProjectContent/Maps/SideScrollerExampleMap.umap
[2016.04.25-19.59.51:148][577]LogBlueprintUserMessages: Early PlayInEditor Detection: Level '/Game/ToyProjectContent/Maps/SideScrollerExampleMap.SideScrollerExampleMap:PersistentLevel' has LevelScriptBlueprint '/Game/ToyProjectContent/Maps/SideScrollerExampleMap.SideScrollerExampleMap:PersistentLevel.SideScrollerExampleMap' with GeneratedClass '/Game/ToyProjectContent/Maps/SideScrollerExampleMap.SideScrollerExampleMap_C' with ClassGeneratedBy '/Game/ToyProjectContent/Maps/SideScrollerExampleMap.SideScrollerExampleMap:PersistentLevel.SideScrollerExampleMap'
[2016.04.25-19.59.51:148][577]LogPlayLevel: PlayLevel: No blueprints needed recompiling
[2016.04.25-19.59.51:148][577]PIE: New page: PIE session: SideScrollerExampleMap (Apr 25, 2016, 10:59:51 PM)
[2016.04.25-19.59.51:148][577]LogPlayLevel: Creating play world package: /Game/ToyProjectContent/Maps/UEDPIE_0_SideScrollerExampleMap
[2016.04.25-19.59.51:171][577]LogPlayLevel: PIE: StaticDuplicateObject took: (0.022877s)
[2016.04.25-19.59.51:172][577]LogAIModule: Creating AISystem for world SideScrollerExampleMap
[2016.04.25-19.59.51:172][577]LogPlayLevel: PIE: World Init took: (0.000825s)
[2016.04.25-19.59.51:172][577]LogPlayLevel: PIE: Created PIE world by copying editor world from /Game/ToyProjectContent/Maps/SideScrollerExampleMap.SideScrollerExampleMap to /Game/ToyProjectContent/Maps/UEDPIE_0_SideScrollerExampleMap.SideScrollerExampleMap (0.023971s)
[2016.04.25-19.59.51:225][577]LogInit: XAudio2 using 'Altavoces (Dispositivo de High Definition Audio)' : 2 channels at 44.1 kHz using 16 bits per sample (channel mask 0x3)
[2016.04.25-19.59.51:234][577]LogInit: FAudioDevice initialized.
[2016.04.25-19.59.51:265][577]LogLinker:Warning: Can't find file '/Game/SideScrollerBP/Blueprints/SideScrollerGameMode'
[2016.04.25-19.59.51:265][577]LogLinker:Warning: Can't find file '/Game/SideScrollerBP/Blueprints/SideScrollerGameMode'
[2016.04.25-19.59.51:265][577]LogUObjectGlobals:Warning: Failed to find object 'Class /Game/SideScrollerBP/Blueprints/SideScrollerGameMode.SideScrollerGameMode_C'
[2016.04.25-19.59.51:265][577]LogWorld: Game class is 'GameMode'
[2016.04.25-19.59.51:270][577]LogWorld: Bringing World /Game/ToyProjectContent/Maps/UEDPIE_0_SideScrollerExampleMap.SideScrollerExampleMap up for play (max tick rate 0) at 2016.04.25-21.59.51
[2016.04.25-19.59.51:270][577]LogWorld: Bringing up level for play took: 0.004192
[2016.04.25-19.59.51:272][577]PIE: Info Play in editor start time for /Game/ToyProjectContent/Maps/UEDPIE_0_SideScrollerExampleMap -0.858
[2016.04.25-19.59.51:272][577]LogBlueprintUserMessages: Late PlayInEditor Detection: Level '/Game/ToyProjectContent/Maps/SideScrollerExampleMap.SideScrollerExampleMap:PersistentLevel' has LevelScriptBlueprint '/Game/ToyProjectContent/Maps/SideScrollerExampleMap.SideScrollerExampleMap:PersistentLevel.SideScrollerExampleMap' with GeneratedClass '/Game/ToyProjectContent/Maps/SideScrollerExampleMap.SideScrollerExampleMap_C' with ClassGeneratedBy '/Game/ToyProjectContent/Maps/SideScrollerExampleMap.SideScrollerExampleMap:PersistentLevel.SideScrollerExampleMap'
[2016.04.25-20.00.31:599][267]LogBlueprintUserMessages: Early EndPlayMap Detection: Level '/Game/ToyProjectContent/Maps/SideScrollerExampleMap.SideScrollerExampleMap:PersistentLevel' has LevelScriptBlueprint '/Game/ToyProjectContent/Maps/SideScrollerExampleMap.SideScrollerExampleMap:PersistentLevel.SideScrollerExampleMap' with GeneratedClass '/Game/ToyProjectContent/Maps/SideScrollerExampleMap.SideScrollerExampleMap_C' with ClassGeneratedBy '/Game/ToyProjectContent/Maps/SideScrollerExampleMap.SideScrollerExampleMap:PersistentLevel.SideScrollerExampleMap'
[2016.04.25-20.00.31:662][267]LogBlueprintUserMessages: Late EndPlayMap Detection: Level '/Game/ToyProjectContent/Maps/SideScrollerExampleMap.SideScrollerExampleMap:PersistentLevel' has LevelScriptBlueprint '/Game/ToyProjectContent/Maps/SideScrollerExampleMap.SideScrollerExampleMap:PersistentLevel.SideScrollerExampleMap' with GeneratedClass '/Game/ToyProjectContent/Maps/SideScrollerExampleMap.SideScrollerExampleMap_C' with ClassGeneratedBy '/Game/ToyProjectContent/Maps/SideScrollerExampleMap.SideScrollerExampleMap:PersistentLevel.SideScrollerExampleMap'
[2016.04.25-20.00.35:718][607]LogSavePackage: Save=261.88ms
[2016.04.25-20.00.35:718][607]LogSavePackage: Moving '../../../../../../Unreal Engine Projects/ToyProject/ToyScroller/Saved/SideScrollerExampleMap0301318B4A4AC834ADA55D88F2ACC417.tmp' to '../../../../../../Unreal Engine Projects/ToyProject/ToyScroller/Content/ToyProjectContent/Maps/SideScrollerExampleMap.umap'
[2016.04.25-20.00.35:720][607]LogSavePackage: Total save time: 265.71ms
[2016.04.25-20.00.35:720][607]LogSavePackage:Display: Finished SavePackage ../../../../../../Unreal Engine Projects/ToyProject/ToyScroller/Content/ToyProjectContent/Maps/SideScrollerExampleMap.umap
[2016.04.25-20.00.42:461][896]LogWindowsTextInputMethodSystem:Display: IME system now deactivated.
[2016.04.25-20.00.42:709][897]Cmd: QUIT_EDITOR
[2016.04.25-20.00.43:068][897]LogExit: Preparing to exit.
[2016.04.25-20.00.43:520][897]LogExit: Editor shut down
[2016.04.25-20.00.43:520][897]LogExit: Transaction tracking system shut down
[2016.04.25-20.00.43:966][897]LogObj: Freed 0b from 0 cluster array pools.
[2016.04.25-20.00.43:966][897]LogExit: Object subsystem successfully closed.
[2016.04.25-20.00.44:057][897]LogD3D11RHI: Shutdown
[2016.04.25-20.00.44:057][897]LogD3D11RHI: CleanupD3DDevice
[2016.04.25-20.00.44:147][897]LogD3D11RHI: ~FD3D11DynamicRHI
[2016.04.25-20.00.44:227][897]LogDerivedDataCache: Shutdown
[2016.04.25-20.00.44:679][897]LogModuleManager: Shutting down and abandoning module BlueprintGraph (207)
[2016.04.25-20.00.44:680][897]LogModuleManager: Shutting down and abandoning module ExternalImagePicker (206)
[2016.04.25-20.00.44:680][897]LogModuleManager: Shutting down and abandoning module MovieSceneCapture (205)
[2016.04.25-20.00.44:680][897]LogModuleManager: Shutting down and abandoning module HierarchicalLODOutliner (204)
[2016.04.25-20.00.44:696][897]LogModuleManager: Shutting down and abandoning module CrashTracker (203)
[2016.04.25-20.00.44:696][897]LogModuleManager: Shutting down and abandoning module SceneOutliner (202)
[2016.04.25-20.00.44:696][897]LogModuleManager: Shutting down and abandoning module SuperSearch (201)
[2016.04.25-20.00.44:696][897]LogModuleManager: Shutting down and abandoning module WidgetCarousel (200)
[2016.04.25-20.00.44:696][897]LogModuleManager: Shutting down and abandoning module AddContentDialog (199)
[2016.04.25-20.00.44:697][897]LogModuleManager: Shutting down and abandoning module GameplayTags (198)
[2016.04.25-20.00.44:697][897]LogModuleManager: Shutting down and abandoning module EditorWidgets (197)
[2016.04.25-20.00.44:697][897]LogModuleManager: Shutting down and abandoning module CollectionManager (196)
[2016.04.25-20.00.44:698][897]LogModuleManager: Shutting down and abandoning module StatsViewer (195)
[2016.04.25-20.00.44:721][897]LogModuleManager: Shutting down and abandoning module FoliageEdit (194)
[2016.04.25-20.00.44:721][897]LogModuleManager: Shutting down and abandoning module LandscapeEditor (193)
[2016.04.25-20.00.44:732][897]LogModuleManager: Shutting down and abandoning module ActorPickerMode (192)
[2016.04.25-20.00.44:732][897]LogModuleManager: Shutting down and abandoning module GeometryMode (191)
[2016.04.25-20.00.44:732][897]LogModuleManager: Shutting down and abandoning module TextureAlignMode (190)
[2016.04.25-20.00.44:732][897]LogModuleManager: Shutting down and abandoning module BspMode (189)
[2016.04.25-20.00.44:732][897]LogModuleManager: Shutting down and abandoning module PlacementMode (188)
[2016.04.25-20.00.44:732][897]LogModuleManager: Shutting down and abandoning module AutomationWorker (187)
[2016.04.25-20.00.44:732][897]LogModuleManager: Shutting down and abandoning module CharacterAI (186)
[2016.04.25-20.00.44:732][897]LogModuleManager: Shutting down and abandoning module SmartSnapping (185)
[2016.04.25-20.00.44:732][897]LogModuleManager: Shutting down and abandoning module ViewportSnapping (184)
[2016.04.25-20.00.44:732][897]LogModuleManager: Shutting down and abandoning module LogVisualizer (183)
[2016.04.25-20.00.44:750][897]LogModuleManager: Shutting down and abandoning module GameProjectGeneration (182)
[2016.04.25-20.00.44:768][897]LogModuleManager: Shutting down and abandoning module IntroTutorials (181)
[2016.04.25-20.00.44:778][897]LogModuleManager: Shutting down and abandoning module EditorLiveStreaming (180)
[2016.04.25-20.00.44:778][897]LogModuleManager: Shutting down and abandoning module IOSPlatformEditor (179)
[2016.04.25-20.00.44:778][897]LogModuleManager: Shutting down and abandoning module HTML5PlatformEditor (178)
[2016.04.25-20.00.44:778][897]LogModuleManager: Shutting down and abandoning module AndroidDeviceDetection (177)
[2016.04.25-20.00.44:897][897]LogModuleManager: Shutting down and abandoning module AndroidPlatformEditor (176)
[2016.04.25-20.00.44:897][897]LogModuleManager: Shutting down and abandoning module IOSRuntimeSettings (175)
[2016.04.25-20.00.44:897][897]LogModuleManager: Shutting down and abandoning module AndroidRuntimeSettings (174)
[2016.04.25-20.00.44:897][897]LogModuleManager: Shutting down and abandoning module MergeActors (173)
[2016.04.25-20.00.44:912][897]LogModuleManager: Shutting down and abandoning module SizeMap (172)
[2016.04.25-20.00.44:912][897]LogModuleManager: Shutting down and abandoning module TreeMap (171)
[2016.04.25-20.00.44:912][897]LogModuleManager: Shutting down and abandoning module ReferenceViewer (170)
[2016.04.25-20.00.44:912][897]LogModuleManager: Shutting down and abandoning module LocalizationService (169)
[2016.04.25-20.00.44:912][897]LogModuleManager: Shutting down and abandoning module LocalizationDashboard (168)
[2016.04.25-20.00.44:918][897]LogModuleManager: Shutting down and abandoning module HardwareTargeting (167)
[2016.04.25-20.00.44:930][897]LogModuleManager: Shutting down and abandoning module DeviceProfileEditor (166)
[2016.04.25-20.00.44:941][897]LogModuleManager: Shutting down and abandoning module UndoHistory (165)
[2016.04.25-20.00.44:948][897]LogModuleManager: Shutting down and abandoning module UserFeedback (164)
[2016.04.25-20.00.44:948][897]LogModuleManager: Shutting down and abandoning module XmlParser (163)
[2016.04.25-20.00.44:948][897]LogModuleManager: Shutting down and abandoning module Blutility (162)
[2016.04.25-20.00.44:948][897]LogModuleManager: Shutting down and abandoning module ProjectTargetPlatformEditor (161)
[2016.04.25-20.00.44:948][897]LogModuleManager: Shutting down and abandoning module ProjectSettingsViewer (160)
[2016.04.25-20.00.44:948][897]LogModuleManager: Shutting down and abandoning module InputBindingEditor (159)
[2016.04.25-20.00.44:948][897]LogModuleManager: Shutting down and abandoning module EditorSettingsViewer (158)
[2016.04.25-20.00.44:949][897]LogModuleManager: Shutting down and abandoning module SettingsEditor (157)
[2016.04.25-20.00.44:962][897]LogModuleManager: Shutting down and abandoning module ProjectLauncher (156)
[2016.04.25-20.00.44:982][897]LogModuleManager: Shutting down and abandoning module SessionFrontend (155)
[2016.04.25-20.00.44:992][897]LogModuleManager: Shutting down and abandoning module ProfilerClient (154)
[2016.04.25-20.00.45:003][897]LogModuleManager: Shutting down and abandoning module TargetDeviceServices (153)
[2016.04.25-20.00.45:003][897]LogModuleManager: Shutting down and abandoning module DeviceManager (152)
[2016.04.25-20.00.45:044][897]LogModuleManager: Shutting down and abandoning module AutomationController (151)
[2016.04.25-20.00.45:063][897]LogModuleManager: Shutting down and abandoning module AutomationWindow (150)
[2016.04.25-20.00.45:114][897]LogModuleManager: Shutting down and abandoning module Layers (149)
[2016.04.25-20.00.45:185][897]LogModuleManager: Shutting down and abandoning module ComponentVisualizers (148)
[2016.04.25-20.00.45:185][897]LogModuleManager: Shutting down and abandoning module DetailCustomizations (147)
[2016.04.25-20.00.45:185][897]LogModuleManager: Shutting down and abandoning module PackagesDialog (146)
[2016.04.25-20.00.45:186][897]LogModuleManager: Shutting down and abandoning module Persona (145)
[2016.04.25-20.00.45:235][897]LogModuleManager: Shutting down and abandoning module Kismet (144)
[2016.04.25-20.00.45:235][897]LogModuleManager: Shutting down and abandoning module GraphEditor (143)
[2016.04.25-20.00.45:235][897]LogModuleManager: Shutting down and abandoning module ClassViewer (142)
[2016.04.25-20.00.45:246][897]LogModuleManager: Shutting down and abandoning module Toolbox (141)
[2016.04.25-20.00.45:246][897]LogModuleManager: Shutting down and abandoning module ModuleUI (140)
[2016.04.25-20.00.45:255][897]LogModuleManager: Shutting down and abandoning module MovieSceneTools (139)
[2016.04.25-20.00.45:256][897]LogModuleManager: Shutting down and abandoning module OutputLog (138)
[2016.04.25-20.00.45:256][897]LogModuleManager: Shutting down and abandoning module GammaUI (137)
[2016.04.25-20.00.45:264][897]LogModuleManager: Shutting down and abandoning module Documentation (136)
[2016.04.25-20.00.45:264][897]LogModuleManager: Shutting down and abandoning module StreamingPauseRendering (135)
[2016.04.25-20.00.45:264][897]LogModuleManager: Shutting down and abandoning module AnalyticsET (134)
[2016.04.25-20.00.45:264][897]LogModuleManager: Shutting down and abandoning module Analytics (133)
[2016.04.25-20.00.45:264][897]LogModuleManager: Shutting down and abandoning module PortalServices (132)
[2016.04.25-20.00.45:264][897]LogModuleManager: Shutting down and abandoning module PortalRpc (131)
[2016.04.25-20.00.45:264][897]LogModuleManager: Shutting down and abandoning module MessagingRpc (130)
[2016.04.25-20.00.45:264][897]LogModuleManager: Shutting down and abandoning module AITestSuite (129)
[2016.04.25-20.00.45:264][897]LogModuleManager: Shutting down and abandoning module GameplayDebugger (128)
[2016.04.25-20.00.45:264][897]LogModuleManager: Shutting down and abandoning module AIModule (127)
[2016.04.25-20.00.45:264][897]LogModuleManager: Shutting down and abandoning module ProfilerService (126)
[2016.04.25-20.00.45:495][897]LogModuleManager: Shutting down and abandoning module TaskGraph (125)
[2016.04.25-20.00.45:509][897]LogModuleManager: Shutting down and abandoning module SlateRemote (124)
[2016.04.25-20.00.45:509][897]LogModuleManager: Shutting down and abandoning module SteamVRController (123)
[2016.04.25-20.00.45:509][897]LogModuleManager: Shutting down and abandoning module SteamVR (122)
[2016.04.25-20.00.45:509][897]LogModuleManager: Shutting down and abandoning module ProceduralMeshComponent (121)
[2016.04.25-20.00.45:509][897]LogModuleManager: Shutting down and abandoning module OculusLibrary (120)
[2016.04.25-20.00.45:509][897]LogModuleManager: Shutting down and abandoning module OculusInput (119)
[2016.04.25-20.00.45:509][897]LogModuleManager: Shutting down and abandoning module CustomMeshComponent (118)
[2016.04.25-20.00.45:509][897]LogModuleManager: Shutting down and abandoning module CableComponent (117)
[2016.04.25-20.00.45:509][897]LogModuleManager: Shutting down and abandoning module ArchVisCharacter (116)
[2016.04.25-20.00.45:509][897]LogModuleManager: Shutting down and abandoning module MediaPlayerEditor (115)
[2016.04.25-20.00.45:529][897]LogModuleManager: Shutting down and abandoning module HTML5Networking (114)
[2016.04.25-20.00.45:529][897]LogModuleManager: Shutting down and abandoning module SpeedTreeImporter (113)
[2016.04.25-20.00.45:529][897]LogModuleManager: Shutting down and abandoning module PluginBrowser (112)
[2016.04.25-20.00.45:529][897]LogModuleManager: Shutting down and abandoning module EpicSurvey (111)
[2016.04.25-20.00.45:529][897]LogModuleManager: Shutting down and abandoning module DesktopPlatform (110)
[2016.04.25-20.00.45:529][897]LogModuleManager: Shutting down and abandoning module VisualStudioSourceCodeAccess (109)
[2016.04.25-20.00.45:530][897]LogModuleManager: Shutting down and abandoning module UObjectPlugin (108)
[2016.04.25-20.00.45:530][897]LogModuleManager: Shutting down and abandoning module SubversionSourceControl (107)
[2016.04.25-20.00.45:530][897]LogModuleManager: Shutting down and abandoning module PerforceSourceControl (106)
[2016.04.25-20.00.45:530][897]LogModuleManager: Shutting down and abandoning module SourceControl (105)
[2016.04.25-20.00.45:530][897]LogModuleManager: Shutting down and abandoning module GitSourceControl (104)
[2016.04.25-20.00.45:530][897]LogModuleManager: Shutting down and abandoning module LightPropagationVolumeEditor (103)
[2016.04.25-20.00.45:530][897]LogModuleManager: Shutting down and abandoning module PaperTiledImporter (102)
[2016.04.25-20.00.45:530][897]LogModuleManager: Shutting down and abandoning module PaperSpriteSheetImporter (101)
[2016.04.25-20.00.45:530][897]LogModuleManager: Shutting down and abandoning module MeshPaint (100)
[2016.04.25-20.00.45:530][897]LogModuleManager: Shutting down and abandoning module HotReload (99)
[2016.04.25-20.00.45:530][897]LogModuleManager: Shutting down and abandoning module MainFrame (98)
[2016.04.25-20.00.45:530][897]LogModuleManager: Shutting down and abandoning module LevelEditor (97)
[2016.04.25-20.00.45:531][897]LogModuleManager: Shutting down and abandoning module DirectoryWatcher (96)
[2016.04.25-20.00.45:531][897]LogModuleManager: Shutting down and abandoning module AssetRegistry (95)
[2016.04.25-20.00.45:740][897]LogModuleManager: Shutting down and abandoning module ContentBrowser (94)
[2016.04.25-20.00.45:742][897]LogModuleManager: Shutting down and abandoning module Paper2DEditor (93)
[2016.04.25-20.00.45:751][897]LogModuleManager: Shutting down and abandoning module UdpMessaging (92)
[2016.04.25-20.00.45:852][897]LogModuleManager: Shutting down and abandoning module LightPropagationVolumeRuntime (91)
[2016.04.25-20.00.45:852][897]LogModuleManager: Shutting down and abandoning module Paper2D (90)
[2016.04.25-20.00.45:852][897]LogModuleManager: Shutting down and abandoning module WindowsMoviePlayer (89)
[2016.04.25-20.00.45:852][897]LogModuleManager: Shutting down and abandoning module Media (88)
[2016.04.25-20.00.45:852][897]LogModuleManager: Shutting down and abandoning module WmfMedia (87)
[2016.04.25-20.00.45:865][897]LogModuleManager: Shutting down and abandoning module MediaAssets (86)
[2016.04.25-20.00.45:865][897]LogModuleManager: Shutting down and abandoning module GameLiveStreaming (85)
[2016.04.25-20.00.45:865][897]LogModuleManager: Shutting down and abandoning module GameplayTagsEditor (84)
[2016.04.25-20.00.45:865][897]LogModuleManager: Shutting down and abandoning module OnlineBlueprintSupport (83)
[2016.04.25-20.00.45:865][897]LogModuleManager: Shutting down and abandoning module GameplayTasksEditor (82)
[2016.04.25-20.00.45:865][897]LogModuleManager: Shutting down and abandoning module PropertyEditor (81)
[2016.04.25-20.00.45:865][897]LogModuleManager: Shutting down and abandoning module BehaviorTreeEditor (80)
[2016.04.25-20.00.45:880][897]LogModuleManager: Shutting down and abandoning module FunctionalTesting (79)
[2016.04.25-20.00.45:880][897]LogModuleManager: Shutting down and abandoning module CollisionAnalyzer (78)
[2016.04.25-20.00.45:895][897]LogModuleManager: Shutting down and abandoning module WorkspaceMenuStructure (77)
[2016.04.25-20.00.45:895][897]LogModuleManager: Shutting down and abandoning module MessageLog (76)
[2016.04.25-20.00.45:895][897]LogModuleManager: Shutting down and abandoning module Sequencer (75)
[2016.04.25-20.00.45:917][897]LogModuleManager: Shutting down and abandoning module AssetTools (74)
[2016.04.25-20.00.45:936][897]LogModuleManager: Shutting down and abandoning module UMGEditor (73)
[2016.04.25-20.00.45:950][897]LogModuleManager: Shutting down and abandoning module UMG (72)
[2016.04.25-20.00.45:971][897]LogModuleManager: Shutting down and abandoning module SlateReflector (71)
[2016.04.25-20.00.45:988][897]LogModuleManager: Shutting down and abandoning module Slate (70)
[2016.04.25-20.00.45:988][897]LogModuleManager: Shutting down and abandoning module EditorStyle (69)
[2016.04.25-20.00.45:991][897]LogModuleManager: Shutting down and abandoning module SessionServices (68)
[2016.04.25-20.00.45:991][897]LogModuleManager: Shutting down and abandoning module SourceCodeAccess (67)
[2016.04.25-20.00.45:991][897]LogModuleManager: Shutting down and abandoning module HeadMountedDisplay (66)
[2016.04.25-20.00.45:991][897]LogModuleManager: Shutting down and abandoning module XAudio2 (65)
[2016.04.25-20.00.45:991][897]LogModuleManager: Shutting down and abandoning module Networking (63)
[2016.04.25-20.00.45:992][897]LogModuleManager: Shutting down and abandoning module Core (62)
[2016.04.25-20.00.45:992][897]LogModuleManager: Shutting down and abandoning module KismetCompiler (61)
[2016.04.25-20.00.45:992][897]LogModuleManager: Shutting down and abandoning module PhysXFormats (60)
[2016.04.25-20.00.45:992][897]LogModuleManager: Shutting down and abandoning module MeshUtilities (59)
[2016.04.25-20.00.46:000][897]LogModuleManager: Shutting down and abandoning module CookingStats (58)
[2016.04.25-20.00.46:000][897]LogModuleManager: Shutting down and abandoning module DerivedDataCache (57)
[2016.04.25-20.00.46:000][897]LogDerivedDataCache: Shutdown
[2016.04.25-20.00.46:000][897]LogModuleManager: Shutting down and abandoning module ShaderFormatOpenGL (56)
[2016.04.25-20.00.46:010][897]LogModuleManager: Shutting down and abandoning module ShaderFormatD3D (55)
[2016.04.25-20.00.46:010][897]LogModuleManager: Shutting down and abandoning module MetalShaderFormat (54)
[2016.04.25-20.00.46:020][897]LogModuleManager: Shutting down and abandoning module TextureFormatUncompressed (53)
[2016.04.25-20.00.46:020][897]LogModuleManager: Shutting down and abandoning module TextureFormatPVR (52)
[2016.04.25-20.00.46:020][897]LogModuleManager: Shutting down and abandoning module TextureFormatIntelISPCTexComp (51)
[2016.04.25-20.00.46:020][897]LogModuleManager: Shutting down and abandoning module TextureFormatDXT (50)
[2016.04.25-20.00.46:020][897]LogModuleManager: Shutting down and abandoning module ImageWrapper (49)
[2016.04.25-20.00.46:020][897]LogModuleManager: Shutting down and abandoning module TextureFormatASTC (48)
[2016.04.25-20.00.46:020][897]LogModuleManager: Shutting down and abandoning module TextureFormatAndroid (47)
[2016.04.25-20.00.46:020][897]LogModuleManager: Shutting down and abandoning module AudioFormatOpus (46)
[2016.04.25-20.00.46:020][897]LogModuleManager: Shutting down and abandoning module AudioFormatOgg (45)
[2016.04.25-20.00.46:020][897]LogModuleManager: Shutting down and abandoning module AudioFormatADPCM (44)
[2016.04.25-20.00.46:020][897]LogModuleManager: Shutting down and abandoning module LinuxTargetPlatform (43)
[2016.04.25-20.00.46:020][897]LogModuleManager: Shutting down and abandoning module LinuxServerTargetPlatform (42)
[2016.04.25-20.00.46:020][897]LogModuleManager: Shutting down and abandoning module LinuxNoEditorTargetPlatform (41)
[2016.04.25-20.00.46:020][897]LogModuleManager: Shutting down and abandoning module TVOSTargetPlatform (40)
[2016.04.25-20.00.46:020][897]LogModuleManager: Shutting down and abandoning module Messaging (39)
[2016.04.25-20.00.46:020][897]LogModuleManager: Shutting down and abandoning module IOSTargetPlatform (38)
[2016.04.25-20.00.46:020][897]LogModuleManager: Shutting down and abandoning module HTML5TargetPlatform (37)
[2016.04.25-20.00.46:020][897]LogModuleManager: Shutting down and abandoning module Android_PVRTCTargetPlatform (36)
[2016.04.25-20.00.46:020][897]LogModuleManager: Shutting down and abandoning module Android_MultiTargetPlatform (35)
[2016.04.25-20.00.46:020][897]LogModuleManager: Shutting down and abandoning module Android_ETC2TargetPlatform (34)
[2016.04.25-20.00.46:020][897]LogModuleManager: Shutting down and abandoning module Android_ETC1TargetPlatform (33)
[2016.04.25-20.00.46:020][897]LogModuleManager: Shutting down and abandoning module Android_DXTTargetPlatform (32)
[2016.04.25-20.00.46:020][897]LogModuleManager: Shutting down and abandoning module Android_ATCTargetPlatform (31)
[2016.04.25-20.00.46:020][897]LogModuleManager: Shutting down and abandoning module Android_ASTCTargetPlatform (30)
[2016.04.25-20.00.46:020][897]LogModuleManager: Shutting down and abandoning module AndroidTargetPlatform (29)
[2016.04.25-20.00.46:020][897]LogModuleManager: Shutting down and abandoning module WindowsTargetPlatform (28)
[2016.04.25-20.00.46:020][897]LogModuleManager: Shutting down and abandoning module WindowsServerTargetPlatform (27)
[2016.04.25-20.00.46:020][897]LogModuleManager: Shutting down and abandoning module WindowsNoEditorTargetPlatform (26)
[2016.04.25-20.00.46:020][897]LogModuleManager: Shutting down and abandoning module WindowsClientTargetPlatform (25)
[2016.04.25-20.00.46:020][897]LogModuleManager: Shutting down and abandoning module AllDesktopTargetPlatform (24)
[2016.04.25-20.00.46:020][897]LogModuleManager: Shutting down and abandoning module TargetPlatform (23)
[2016.04.25-20.00.46:020][897]LogModuleManager: Shutting down and abandoning module InputCore (22)
[2016.04.25-20.00.46:020][897]LogModuleManager: Shutting down and abandoning module Settings (21)
[2016.04.25-20.00.46:021][897]LogModuleManager: Shutting down and abandoning module OnlineSubsystem (19)
[2016.04.25-20.00.46:021][897]LogModuleManager: Shutting down and abandoning module HTTP (18)
[2016.04.25-20.00.48:023][897]LogModuleManager: Shutting down and abandoning module XMPP (17)
[2016.04.25-20.00.48:043][897]LogModuleManager: Shutting down and abandoning module OculusRift (16)
[2016.04.25-20.00.48:058][897]LogModuleManager: Shutting down and abandoning module ExampleDeviceProfileSelector (15)
[2016.04.25-20.00.48:058][897]LogModuleManager: Shutting down and abandoning module TextureCompressor (14)
[2016.04.25-20.00.48:071][897]LogModuleManager: Shutting down and abandoning module ShaderCore (13)
[2016.04.25-20.00.48:071][897]LogModuleManager: Shutting down and abandoning module Landscape (12)
[2016.04.25-20.00.48:071][897]LogModuleManager: Shutting down and abandoning module SlateRHIRenderer (11)
[2016.04.25-20.00.48:082][897]LogModuleManager: Shutting down and abandoning module OpenGLDrv (10)
[2016.04.25-20.00.48:105][897]LogModuleManager: Shutting down and abandoning module D3D11RHI (9)
[2016.04.25-20.00.48:105][897]LogModuleManager: Shutting down and abandoning module AnimGraphRuntime (8)
[2016.04.25-20.00.48:105][897]LogModuleManager: Shutting down and abandoning module Renderer (7)
[2016.04.25-20.00.48:105][897]LogModuleManager: Shutting down and abandoning module Engine (6)
[2016.04.25-20.00.48:105][897]LogModuleManager: Shutting down and abandoning module CoreUObject (5)
[2016.04.25-20.00.48:105][897]LogModuleManager: Shutting down and abandoning module NetworkFile (4)
[2016.04.25-20.00.48:115][897]LogModuleManager: Shutting down and abandoning module StreamingFile (3)
[2016.04.25-20.00.48:122][897]LogModuleManager: Shutting down and abandoning module SandboxFile (2)
[2016.04.25-20.00.48:134][897]LogModuleManager: Shutting down and abandoning module PakFile (1)
[2016.04.25-20.00.48:153][897]LogExit: Exiting.
[2016.04.25-20.00.48:154][897]Log file closed, 04/25/16 22:00:48
