Log file open, 04/17/16 21:04:28
LogInit:Display: Running engine for game: ToyScroller
LogPlatformFile: Not using cached read wrapper
LogInit:Display: RandInit(-1279528746) SRandInit(-1279528743).
LogTaskGraph: Started task graph with 4 named threads and 7 total threads.
LogStats: Stats thread started at 0.073326
LogInit: Version: 4.11.1-2934540+++UE4+Release-4.11
LogInit: API Version: 2927265
LogInit: Compiled (64-bit): Apr  6 2016 02:14:16
LogInit: Compiled with Visual C++: 19.00.23026.00
LogInit: Build Configuration: Development
LogInit: Branch Name: ++UE4+Release-4.11
LogInit: Command line:  /Temp/Autosaves/Game/ToyProjectContent/Maps/UEDPCSideScrollerExampleMap -game -PIEVIACONSOLE -ResX=1920 -ResY=1080  -Multiprocess -messaging -SessionName="Play in Standalone Game" 
LogInit: Base directory: D:/Program Files/Epic Games/4.11/Engine/Binaries/Win64/
LogInit: Installed Engine Build: 1
LogInit: Using libcurl 7.41.0
LogInit:  - built for x86_64-pc-win32
LogInit:  - supports SSL with WinSSL
LogInit:  - other features:
LogInit:      CURL_VERSION_SSL
LogInit:      CURL_VERSION_IPV6
LogInit:      CURL_VERSION_ASYNCHDNS
LogInit:      CURL_VERSION_LARGEFILE
LogInit:      CURL_VERSION_IDN
LogInit:  CurlRequestOptions (configurable via config and command line):
LogInit:  - bVerifyPeer = true  - Libcurl will verify peer certificate
LogInit:  - bUseHttpProxy = false  - Libcurl will NOT use HTTP proxy
LogInit:  - bDontReuseConnections = false  - Libcurl will reuse connections
LogInit:  - CertBundlePath = nullptr  - Libcurl will use whatever was configured at build time.
LogInit: Presizing for max 16777216 objects, including 0 objects not considered by GC, pre-allocating 0 bytes for permanent pool.
LogInit: Object subsystem initialized
[2016.04.17-19.04.28:648][  0]LogInit: Selected Device Profile: [Windows]
[2016.04.17-19.04.28:648][  0]LogInit: Applying CVar settings loaded from the selected device profile: [Windows]
[2016.04.17-19.04.28:651][  0]LogInit: Computer: DESKTOP-E7MBVHS
[2016.04.17-19.04.28:651][  0]LogInit: User: GonzaloBernal
[2016.04.17-19.04.28:651][  0]LogInit: CPU Page size=65536, Cores=4
[2016.04.17-19.04.28:651][  0]LogInit: High frequency timer resolution =3.117918 MHz
[2016.04.17-19.04.28:652][  0]LogMemory: Memory total: Physical=7.9GB (8GB approx)
[2016.04.17-19.04.28:652][  0]LogMemory: Platform Memory Stats for Windows
[2016.04.17-19.04.28:652][  0]LogMemory: Process Physical Memory: 312.16 MB used, 312.16 MB peak
[2016.04.17-19.04.28:652][  0]LogMemory: Process Virtual Memory: 315.68 MB used, 315.68 MB peak
[2016.04.17-19.04.28:652][  0]LogMemory: Physical Memory: 5149.53 MB used, 8067.22 MB total
[2016.04.17-19.04.28:652][  0]LogMemory: Virtual Memory: 638.21 MB used, 134217728.00 MB total
[2016.04.17-19.04.29:048][  0]LogD3D11RHI: D3D11 adapters:
[2016.04.17-19.04.29:068][  0]LogD3D11RHI:    0. 'NVIDIA GeForce GTX 760' (Feature Level 11_0)
[2016.04.17-19.04.29:068][  0]LogD3D11RHI:       1989MB of dedicated video memory, 0MB of dedicated system memory, and 4033MB of shared system memory, 1 output[s]
[2016.04.17-19.04.29:071][  0]LogD3D11RHI:    1. 'Intel(R) HD Graphics' (Feature Level 11_0)
[2016.04.17-19.04.29:071][  0]LogD3D11RHI:       32MB of dedicated video memory, 0MB of dedicated system memory, and 1760MB of shared system memory, 0 output[s]
[2016.04.17-19.04.29:072][  0]LogD3D11RHI:    2. 'Microsoft Basic Render Driver' (Feature Level 11_0)
[2016.04.17-19.04.29:072][  0]LogD3D11RHI:       0MB of dedicated video memory, 0MB of dedicated system memory, and 4033MB of shared system memory, 0 output[s]
[2016.04.17-19.04.29:072][  0]LogD3D11RHI: Chosen D3D11 Adapter: 0
[2016.04.17-19.04.29:076][  0]LogD3D11RHI: Creating new Direct3DDevice
[2016.04.17-19.04.29:076][  0]LogD3D11RHI:     Adapter Name: NVIDIA GeForce GTX 760
[2016.04.17-19.04.29:076][  0]LogD3D11RHI:   Driver Version: 10.18.13.6472 (internal 10.18.13.6472)
[2016.04.17-19.04.29:076][  0]LogD3D11RHI:      Driver Date: 3-21-2016
[2016.04.17-19.04.29:076][  0]LogRHI: Texture pool is 1361 MB (70% of 1945 MB)
[2016.04.17-19.04.29:087][  0]LogD3D11RHI: Async texture creation enabled
[2016.04.17-19.04.29:512][  0]LogShaderCompilers: Guid format shader working directory is -15 characters bigger than the processId version (../../../../../../Unreal Engine Projects/ToyProject/ToyScroller/Intermediate/Shaders/WorkingDirectory/10804/).
[2016.04.17-19.04.29:512][  0]LogShaderCompilers: Cleaned the shader compiler working directory 'C:/Users/GONZAL~1/AppData/Local/Temp/UnrealShaderWorkingDir/11BDA6A6400C8805CD09CE9E20F96B88/'.
[2016.04.17-19.04.29:512][  0]LogShaderCompilers:Display: Using Local Shader Compiler.
[2016.04.17-19.04.30:437][  0]LogTemp:Display: Loaded TP AllDesktopTargetPlatform
[2016.04.17-19.04.30:442][  0]LogTemp:Display: Loaded TP WindowsClientTargetPlatform
[2016.04.17-19.04.30:446][  0]LogTemp:Display: Loaded TP WindowsNoEditorTargetPlatform
[2016.04.17-19.04.30:450][  0]LogTemp:Display: Loaded TP WindowsServerTargetPlatform
[2016.04.17-19.04.30:454][  0]LogTemp:Display: Loaded TP WindowsTargetPlatform
[2016.04.17-19.04.30:457][  0]LogTemp:Display: Loaded TP AndroidTargetPlatform
[2016.04.17-19.04.30:460][  0]LogTemp:Display: Loaded TP Android_ASTCTargetPlatform
[2016.04.17-19.04.30:463][  0]LogTemp:Display: Loaded TP Android_ATCTargetPlatform
[2016.04.17-19.04.30:467][  0]LogTemp:Display: Loaded TP Android_DXTTargetPlatform
[2016.04.17-19.04.30:470][  0]LogTemp:Display: Loaded TP Android_ETC1TargetPlatform
[2016.04.17-19.04.30:473][  0]LogTemp:Display: Loaded TP Android_ETC2TargetPlatform
[2016.04.17-19.04.30:478][  0]LogTemp:Display: Loaded TP Android_MultiTargetPlatform
[2016.04.17-19.04.30:478][  0]LogTemp:Display: Loaded TP Android_PVRTCTargetPlatform
[2016.04.17-19.04.30:479][  0]LogTemp:Display: Loaded TP HTML5TargetPlatform
[2016.04.17-19.04.30:495][  0]LogTemp:Display: Loaded TP IOSTargetPlatform
[2016.04.17-19.04.30:498][  0]LogTemp:Display: Loaded TP TVOSTargetPlatform
[2016.04.17-19.04.30:501][  0]LogTemp:Display: Loaded TP LinuxNoEditorTargetPlatform
[2016.04.17-19.04.30:504][  0]LogTemp:Display: Loaded TP LinuxServerTargetPlatform
[2016.04.17-19.04.30:507][  0]LogTemp:Display: Loaded TP LinuxTargetPlatform
[2016.04.17-19.04.30:507][  0]LogTargetPlatformManager:Display: Building Assets For Windows
[2016.04.17-19.04.30:579][  0]LogDerivedDataCache:Display: Max Cache Size: 512 MB
[2016.04.17-19.04.30:620][  0]LogDerivedDataCache: Loaded boot cache 0.04s 46MB C:/Users/Gonzalo Bernal/AppData/Local/UnrealEngine/4.11/DerivedDataCache/Boot.ddc.
[2016.04.17-19.04.30:620][  0]LogDerivedDataCache:Display: Loaded Boot cache: C:/Users/Gonzalo Bernal/AppData/Local/UnrealEngine/4.11/DerivedDataCache/Boot.ddc
[2016.04.17-19.04.30:621][  0]LogDerivedDataCache: FDerivedDataBackendGraph:  Pak pak cache file ../../../../../../Unreal Engine Projects/ToyProject/ToyScroller/DerivedDataCache/DDC.ddp not found, will not use a pak cache.
[2016.04.17-19.04.30:621][  0]LogDerivedDataCache: Unable to find inner node Pak for hierarchical cache Hierarchy.
[2016.04.17-19.04.30:621][  0]LogDerivedDataCache: FDerivedDataBackendGraph:  CompressedPak pak cache file ../../../../../../Unreal Engine Projects/ToyProject/ToyScroller/DerivedDataCache/Compressed.ddp not found, will not use a pak cache.
[2016.04.17-19.04.30:621][  0]LogDerivedDataCache: Unable to find inner node CompressedPak for hierarchical cache Hierarchy.
[2016.04.17-19.04.30:635][  0]LogDerivedDataCache:Display: Pak cache opened for reading ../../../Engine/DerivedDataCache/Compressed.ddp.
[2016.04.17-19.04.30:647][  0]LogDerivedDataCache: Using Local data cache path C:/Users/Gonzalo Bernal/AppData/Local/UnrealEngine/Common/DerivedDataCache: Writable
[2016.04.17-19.04.30:846][  0]LogInit: Selected Device Profile: [Windows]
[2016.04.17-19.04.30:851][  0]LogMaterial: Uniform references updated for custom material expression Custom.
[2016.04.17-19.04.30:851][  0]LogContentStreaming: Texture pool size is 1000.00 MB
[2016.04.17-19.04.30:967][  0]LogMeshUtilities: No automatic mesh reduction module available
[2016.04.17-19.04.30:967][  0]LogMeshUtilities: No automatic mesh merging module available
[2016.04.17-19.04.30:967][  0]LogMeshUtilities: No distributed automatic mesh merging module available
[2016.04.17-19.04.31:159][  0]LogInit: WinSock: version 1.1 (2.2), MaxSocks=32767, MaxUdp=65467
[2016.04.17-19.04.31:214][  0]LogSlate: SlateFontCache - WITH_FREETYPE: 1, WITH_HARFBUZZ: 1
[2016.04.17-19.04.31:214][  0]LogSlate: SlateFontCache - WITH_FREETYPE: 1, WITH_HARFBUZZ: 1
[2016.04.17-19.04.31:334][  0]LogWindowsMoviePlayer: Unable to load movie: ../../../../../../Unreal Engine Projects/ToyProject/ToyScroller/Content/Movies/Default_Startup.mp4
[2016.04.17-19.04.31:408][  0]LogUdpMessaging: Initializing bridge on interface 0.0.0.0:0 to multicast group 230.0.0.1:6666.
[2016.04.17-19.04.31:474][  0]SourceControl: Info Source control is disabled
[2016.04.17-19.04.31:474][  0]SourceControl: Info Source control is disabled
[2016.04.17-19.04.31:484][  0]SourceControl: Info Source control is disabled
[2016.04.17-19.04.31:612][  0]LogUObjectArray: 29142 objects as part of root set at end of initial load.
[2016.04.17-19.04.31:612][  0]LogUObjectAllocator: 6065048 out of 0 bytes used by permanent object pool.
[2016.04.17-19.04.31:612][  0]LogUObjectArray: CloseDisregardForGC: 0/0 objects in disregard for GC pool
[2016.04.17-19.04.31:665][  0]LogEngine: Initializing Engine...
[2016.04.17-19.04.31:666][  0]LogHMD: SteamVR failed to initialize.  Err: 110
[2016.04.17-19.04.31:667][  0]LogHMD: SteamVR failed to initialize.  Err: 110
[2016.04.17-19.04.31:785][  0]LogInit: XAudio2 using 'Altavoces (Dispositivo de High Definition Audio)' : 2 channels at 44.1 kHz using 16 bits per sample (channel mask 0x3)
[2016.04.17-19.04.31:797][  0]LogInit: FAudioDevice initialized.
[2016.04.17-19.04.31:801][  0]LogInit: Texture streaming: Enabled
[2016.04.17-19.04.31:870][  0]LogNet: Browse: /Temp/Autosaves/Game/ToyProjectContent/Maps/UEDPCSideScrollerExampleMap?Name=Player
[2016.04.17-19.04.31:870][  0]LogLoad: LoadMap: /Temp/Autosaves/Game/ToyProjectContent/Maps/UEDPCSideScrollerExampleMap?Name=Player
[2016.04.17-19.04.31:884][  0]LogMemory: Platform Memory Stats for Windows
[2016.04.17-19.04.31:884][  0]LogMemory: Process Physical Memory: 666.66 MB used, 670.30 MB peak
[2016.04.17-19.04.31:884][  0]LogMemory: Process Virtual Memory: 788.93 MB used, 788.94 MB peak
[2016.04.17-19.04.31:884][  0]LogMemory: Physical Memory: 5445.16 MB used, 8067.22 MB total
[2016.04.17-19.04.31:884][  0]LogMemory: Virtual Memory: 1348.14 MB used, 134217728.00 MB total
[2016.04.17-19.04.31:884][  0]LogMemory: 
[2016.04.17-19.04.31:884][  0]Allocator Stats for TBB: (not implemented)
[2016.04.17-19.04.31:979][  0]LogLinker:Warning: CreateImport: Failed to load Outer for resource 'Arrow': SideScrollerCharacter_C /Game/ToyProjectContent/Blueprints/SideScrollerCharacter.Default__SideScrollerCharacter_C
[2016.04.17-19.04.32:173][  0]LogAIModule: Creating AISystem for world SideScrollerExampleMap
[2016.04.17-19.04.32:173][  0]LogLinker:Warning: Can't find file '/Game/SideScrollerBP/Blueprints/SideScrollerGameMode'
[2016.04.17-19.04.32:173][  0]LogUObjectGlobals:Warning: Failed to load '/Game/SideScrollerBP/Blueprints/SideScrollerGameMode': Can't find file '/Game/SideScrollerBP/Blueprints/SideScrollerGameMode'
[2016.04.17-19.04.32:174][  0]LogLinker:Warning: Can't find file '/Game/SideScrollerBP/Blueprints/SideScrollerGameMode'
[2016.04.17-19.04.32:174][  0]LogUObjectGlobals:Warning: Failed to load '/Game/SideScrollerBP/Blueprints/SideScrollerGameMode': Can't find file '/Game/SideScrollerBP/Blueprints/SideScrollerGameMode'
[2016.04.17-19.04.32:174][  0]LogUObjectGlobals:Warning: Failed to find object 'Class /Game/SideScrollerBP/Blueprints/SideScrollerGameMode.SideScrollerGameMode_C'
[2016.04.17-19.04.32:174][  0]LogWorld: Game class is 'GameMode'
[2016.04.17-19.04.32:178][  0]LogWorld: Bringing World /Temp/Autosaves/Game/ToyProjectContent/Maps/UEDPCSideScrollerExampleMap.SideScrollerExampleMap up for play (max tick rate 0) at 2016.04.17-21.04.32
[2016.04.17-19.04.32:179][  0]LogWorld: Bringing up level for play took: 0.004092
[2016.04.17-19.04.32:179][  0]LogInit:Display: Game Engine Initialized.
[2016.04.17-19.04.32:401][  0]LogLoad: Full Startup: 4.38 seconds (BP compile: 0.07 seconds)
[2016.04.17-19.04.32:401][  0]LogExternalProfiler:Warning: No registered external profiler was matched with a command-line switch (or the DLL could not be loaded).  External profiling features will not be available.
[2016.04.17-19.04.32:419][  0]LogOcInput: OculusInput pre-init called
[2016.04.17-19.04.32:517][  0]LogRenderer: Reallocating scene render targets to support 128x128 (Frame:1).
[2016.04.17-19.04.32:579][  0]LogRenderer: Reallocating scene render targets to support 1920x1080 (Frame:2).
[2016.04.17-19.04.32:614][  0]LogRenderer: Reallocating scene render targets to support 1920x1060 (Frame:3).
[2016.04.17-19.04.33:457][ 48]LogRenderer: Reallocating scene render targets to support 1920x1080 (Frame:51).
[2016.04.17-19.04.57:378][527]LogRenderer: Reallocating scene render targets to support 1920x1060 (Frame:1532).
[2016.04.17-19.05.00:281][704]LogWindowsTextInputMethodSystem:Display: IME system now deactivated.
[2016.04.17-19.05.00:284][704]LogEngine: All Windows Closed
[2016.04.17-19.05.00:284][704]LogWindows: FPlatformMisc::RequestExit(0)
[2016.04.17-19.05.00:680][705]LogExit: Preparing to exit.
[2016.04.17-19.05.01:542][705]LogExit: Game engine shut down
[2016.04.17-19.05.01:638][705]LogObj: Freed 0b from 0 cluster array pools.
[2016.04.17-19.05.01:638][705]LogExit: Object subsystem successfully closed.
[2016.04.17-19.05.01:650][705]LogD3D11RHI: Shutdown
[2016.04.17-19.05.01:650][705]LogD3D11RHI: CleanupD3DDevice
[2016.04.17-19.05.01:701][705]LogD3D11RHI: ~FD3D11DynamicRHI
[2016.04.17-19.05.02:155][705]LogDerivedDataCache: Shutdown
[2016.04.17-19.05.02:155][705]LogModuleManager: Shutting down and abandoning module AndroidDeviceDetection (123)
[2016.04.17-19.05.02:425][705]LogModuleManager: Shutting down and abandoning module AutomationController (122)
[2016.04.17-19.05.02:425][705]LogModuleManager: Shutting down and abandoning module AutomationWorker (121)
[2016.04.17-19.05.02:425][705]LogModuleManager: Shutting down and abandoning module CharacterAI (120)
[2016.04.17-19.05.02:425][705]LogModuleManager: Shutting down and abandoning module AITestSuite (119)
[2016.04.17-19.05.02:425][705]LogModuleManager: Shutting down and abandoning module GameplayDebugger (118)
[2016.04.17-19.05.02:425][705]LogModuleManager: Shutting down and abandoning module AIModule (117)
[2016.04.17-19.05.02:425][705]LogModuleManager: Shutting down and abandoning module MovieSceneCapture (116)
[2016.04.17-19.05.02:425][705]LogModuleManager: Shutting down and abandoning module StreamingPauseRendering (115)
[2016.04.17-19.05.02:425][705]LogModuleManager: Shutting down and abandoning module PortalServices (114)
[2016.04.17-19.05.02:425][705]LogModuleManager: Shutting down and abandoning module PortalRpc (113)
[2016.04.17-19.05.02:425][705]LogModuleManager: Shutting down and abandoning module MessagingRpc (112)
[2016.04.17-19.05.02:425][705]LogModuleManager: Shutting down and abandoning module ProfilerService (111)
[2016.04.17-19.05.02:657][705]LogModuleManager: Shutting down and abandoning module TaskGraph (110)
[2016.04.17-19.05.02:658][705]LogModuleManager: Shutting down and abandoning module SlateRemote (109)
[2016.04.17-19.05.02:658][705]LogModuleManager: Shutting down and abandoning module SteamVRController (108)
[2016.04.17-19.05.02:658][705]LogModuleManager: Shutting down and abandoning module SteamVR (107)
[2016.04.17-19.05.02:658][705]LogModuleManager: Shutting down and abandoning module ProceduralMeshComponent (106)
[2016.04.17-19.05.02:658][705]LogModuleManager: Shutting down and abandoning module OculusLibrary (105)
[2016.04.17-19.05.02:658][705]LogModuleManager: Shutting down and abandoning module OculusInput (104)
[2016.04.17-19.05.02:658][705]LogModuleManager: Shutting down and abandoning module CustomMeshComponent (103)
[2016.04.17-19.05.02:658][705]LogModuleManager: Shutting down and abandoning module CableComponent (102)
[2016.04.17-19.05.02:658][705]LogModuleManager: Shutting down and abandoning module ArchVisCharacter (101)
[2016.04.17-19.05.02:658][705]LogModuleManager: Shutting down and abandoning module HTML5Networking (100)
[2016.04.17-19.05.02:658][705]LogModuleManager: Shutting down and abandoning module DesktopPlatform (99)
[2016.04.17-19.05.02:658][705]LogModuleManager: Shutting down and abandoning module DirectoryWatcher (98)
[2016.04.17-19.05.02:658][705]LogModuleManager: Shutting down and abandoning module HotReload (97)
[2016.04.17-19.05.02:658][705]LogModuleManager: Shutting down and abandoning module VisualStudioSourceCodeAccess (96)
[2016.04.17-19.05.02:658][705]LogModuleManager: Shutting down and abandoning module UObjectPlugin (95)
[2016.04.17-19.05.02:658][705]LogModuleManager: Shutting down and abandoning module SubversionSourceControl (94)
[2016.04.17-19.05.02:658][705]LogModuleManager: Shutting down and abandoning module SourceControl (93)
[2016.04.17-19.05.02:658][705]LogModuleManager: Shutting down and abandoning module PerforceSourceControl (92)
[2016.04.17-19.05.02:658][705]LogModuleManager: Shutting down and abandoning module UdpMessaging (91)
[2016.04.17-19.05.02:758][705]LogModuleManager: Shutting down and abandoning module LightPropagationVolumeRuntime (90)
[2016.04.17-19.05.02:758][705]LogModuleManager: Shutting down and abandoning module Paper2D (89)
[2016.04.17-19.05.02:758][705]LogModuleManager: Shutting down and abandoning module WindowsMoviePlayer (88)
[2016.04.17-19.05.02:758][705]LogModuleManager: Shutting down and abandoning module Media (87)
[2016.04.17-19.05.02:758][705]LogModuleManager: Shutting down and abandoning module WmfMedia (86)
[2016.04.17-19.05.02:759][705]LogModuleManager: Shutting down and abandoning module GameLiveStreaming (85)
[2016.04.17-19.05.02:759][705]LogModuleManager: Shutting down and abandoning module GameplayTagsEditor (84)
[2016.04.17-19.05.02:759][705]LogModuleManager: Shutting down and abandoning module OnlineBlueprintSupport (83)
[2016.04.17-19.05.02:759][705]LogModuleManager: Shutting down and abandoning module GameplayTasksEditor (82)
[2016.04.17-19.05.02:759][705]LogModuleManager: Shutting down and abandoning module PropertyEditor (81)
[2016.04.17-19.05.02:759][705]LogModuleManager: Shutting down and abandoning module BehaviorTreeEditor (80)
[2016.04.17-19.05.02:759][705]LogModuleManager: Shutting down and abandoning module FunctionalTesting (79)
[2016.04.17-19.05.02:759][705]LogModuleManager: Shutting down and abandoning module CollisionAnalyzer (78)
[2016.04.17-19.05.02:759][705]LogModuleManager: Shutting down and abandoning module WorkspaceMenuStructure (77)
[2016.04.17-19.05.02:759][705]LogModuleManager: Shutting down and abandoning module MessageLog (76)
[2016.04.17-19.05.02:759][705]LogModuleManager: Shutting down and abandoning module Sequencer (75)
[2016.04.17-19.05.02:759][705]LogModuleManager: Shutting down and abandoning module AssetTools (74)
[2016.04.17-19.05.02:759][705]LogModuleManager: Shutting down and abandoning module UMGEditor (73)
[2016.04.17-19.05.02:759][705]LogModuleManager: Shutting down and abandoning module UMG (72)
[2016.04.17-19.05.02:759][705]LogModuleManager: Shutting down and abandoning module SlateReflector (71)
[2016.04.17-19.05.02:759][705]LogModuleManager: Shutting down and abandoning module Slate (70)
[2016.04.17-19.05.02:759][705]LogModuleManager: Shutting down and abandoning module EditorStyle (69)
[2016.04.17-19.05.02:760][705]LogModuleManager: Shutting down and abandoning module SessionServices (68)
[2016.04.17-19.05.02:760][705]LogModuleManager: Shutting down and abandoning module SourceCodeAccess (67)
[2016.04.17-19.05.02:760][705]LogModuleManager: Shutting down and abandoning module HeadMountedDisplay (66)
[2016.04.17-19.05.02:760][705]LogModuleManager: Shutting down and abandoning module XAudio2 (65)
[2016.04.17-19.05.02:760][705]LogModuleManager: Shutting down and abandoning module Networking (63)
[2016.04.17-19.05.02:760][705]LogModuleManager: Shutting down and abandoning module Core (62)
[2016.04.17-19.05.02:761][705]LogModuleManager: Shutting down and abandoning module KismetCompiler (61)
[2016.04.17-19.05.02:761][705]LogModuleManager: Shutting down and abandoning module PhysXFormats (60)
[2016.04.17-19.05.02:761][705]LogModuleManager: Shutting down and abandoning module MeshUtilities (59)
[2016.04.17-19.05.02:761][705]LogModuleManager: Shutting down and abandoning module CookingStats (58)
[2016.04.17-19.05.02:761][705]LogModuleManager: Shutting down and abandoning module DerivedDataCache (57)
[2016.04.17-19.05.02:761][705]LogDerivedDataCache: Shutdown
[2016.04.17-19.05.02:761][705]LogModuleManager: Shutting down and abandoning module ShaderFormatOpenGL (56)
[2016.04.17-19.05.02:761][705]LogModuleManager: Shutting down and abandoning module ShaderFormatD3D (55)
[2016.04.17-19.05.02:761][705]LogModuleManager: Shutting down and abandoning module MetalShaderFormat (54)
[2016.04.17-19.05.02:761][705]LogModuleManager: Shutting down and abandoning module TextureFormatUncompressed (53)
[2016.04.17-19.05.02:761][705]LogModuleManager: Shutting down and abandoning module TextureFormatPVR (52)
[2016.04.17-19.05.02:761][705]LogModuleManager: Shutting down and abandoning module TextureFormatIntelISPCTexComp (51)
[2016.04.17-19.05.02:761][705]LogModuleManager: Shutting down and abandoning module TextureFormatDXT (50)
[2016.04.17-19.05.02:761][705]LogModuleManager: Shutting down and abandoning module ImageWrapper (49)
[2016.04.17-19.05.02:761][705]LogModuleManager: Shutting down and abandoning module TextureFormatASTC (48)
[2016.04.17-19.05.02:761][705]LogModuleManager: Shutting down and abandoning module TextureFormatAndroid (47)
[2016.04.17-19.05.02:761][705]LogModuleManager: Shutting down and abandoning module AudioFormatOpus (46)
[2016.04.17-19.05.02:761][705]LogModuleManager: Shutting down and abandoning module AudioFormatOgg (45)
[2016.04.17-19.05.02:761][705]LogModuleManager: Shutting down and abandoning module AudioFormatADPCM (44)
[2016.04.17-19.05.02:761][705]LogModuleManager: Shutting down and abandoning module LinuxTargetPlatform (43)
[2016.04.17-19.05.02:761][705]LogModuleManager: Shutting down and abandoning module LinuxServerTargetPlatform (42)
[2016.04.17-19.05.02:761][705]LogModuleManager: Shutting down and abandoning module LinuxNoEditorTargetPlatform (41)
[2016.04.17-19.05.02:761][705]LogModuleManager: Shutting down and abandoning module TVOSTargetPlatform (40)
[2016.04.17-19.05.02:761][705]LogModuleManager: Shutting down and abandoning module Messaging (39)
[2016.04.17-19.05.02:761][705]LogModuleManager: Shutting down and abandoning module IOSTargetPlatform (38)
[2016.04.17-19.05.02:761][705]LogModuleManager: Shutting down and abandoning module HTML5TargetPlatform (37)
[2016.04.17-19.05.02:761][705]LogModuleManager: Shutting down and abandoning module Android_PVRTCTargetPlatform (36)
[2016.04.17-19.05.02:761][705]LogModuleManager: Shutting down and abandoning module Android_MultiTargetPlatform (35)
[2016.04.17-19.05.02:761][705]LogModuleManager: Shutting down and abandoning module Android_ETC2TargetPlatform (34)
[2016.04.17-19.05.02:761][705]LogModuleManager: Shutting down and abandoning module Android_ETC1TargetPlatform (33)
[2016.04.17-19.05.02:761][705]LogModuleManager: Shutting down and abandoning module Android_DXTTargetPlatform (32)
[2016.04.17-19.05.02:761][705]LogModuleManager: Shutting down and abandoning module Android_ATCTargetPlatform (31)
[2016.04.17-19.05.02:761][705]LogModuleManager: Shutting down and abandoning module Android_ASTCTargetPlatform (30)
[2016.04.17-19.05.02:761][705]LogModuleManager: Shutting down and abandoning module AndroidTargetPlatform (29)
[2016.04.17-19.05.02:761][705]LogModuleManager: Shutting down and abandoning module WindowsTargetPlatform (28)
[2016.04.17-19.05.02:761][705]LogModuleManager: Shutting down and abandoning module WindowsServerTargetPlatform (27)
[2016.04.17-19.05.02:761][705]LogModuleManager: Shutting down and abandoning module WindowsNoEditorTargetPlatform (26)
[2016.04.17-19.05.02:761][705]LogModuleManager: Shutting down and abandoning module WindowsClientTargetPlatform (25)
[2016.04.17-19.05.02:761][705]LogModuleManager: Shutting down and abandoning module AllDesktopTargetPlatform (24)
[2016.04.17-19.05.02:761][705]LogModuleManager: Shutting down and abandoning module TargetPlatform (23)
[2016.04.17-19.05.02:761][705]LogModuleManager: Shutting down and abandoning module InputCore (22)
[2016.04.17-19.05.02:761][705]LogModuleManager: Shutting down and abandoning module Settings (21)
[2016.04.17-19.05.02:761][705]LogModuleManager: Shutting down and abandoning module OnlineSubsystem (19)
[2016.04.17-19.05.02:761][705]LogModuleManager: Shutting down and abandoning module HTTP (18)
[2016.04.17-19.05.02:761][705]LogModuleManager: Shutting down and abandoning module XMPP (17)
[2016.04.17-19.05.02:761][705]LogModuleManager: Shutting down and abandoning module OculusRift (16)
[2016.04.17-19.05.02:761][705]LogModuleManager: Shutting down and abandoning module ExampleDeviceProfileSelector (15)
[2016.04.17-19.05.02:761][705]LogModuleManager: Shutting down and abandoning module TextureCompressor (14)
[2016.04.17-19.05.02:761][705]LogModuleManager: Shutting down and abandoning module ShaderCore (13)
[2016.04.17-19.05.02:761][705]LogModuleManager: Shutting down and abandoning module Landscape (12)
[2016.04.17-19.05.02:761][705]LogModuleManager: Shutting down and abandoning module SlateRHIRenderer (11)
[2016.04.17-19.05.02:761][705]LogModuleManager: Shutting down and abandoning module OpenGLDrv (10)
[2016.04.17-19.05.02:761][705]LogModuleManager: Shutting down and abandoning module D3D11RHI (9)
[2016.04.17-19.05.02:761][705]LogModuleManager: Shutting down and abandoning module AnimGraphRuntime (8)
[2016.04.17-19.05.02:761][705]LogModuleManager: Shutting down and abandoning module Renderer (7)
[2016.04.17-19.05.02:761][705]LogModuleManager: Shutting down and abandoning module Engine (6)
[2016.04.17-19.05.02:761][705]LogModuleManager: Shutting down and abandoning module CoreUObject (5)
[2016.04.17-19.05.02:761][705]LogModuleManager: Shutting down and abandoning module NetworkFile (4)
[2016.04.17-19.05.02:761][705]LogModuleManager: Shutting down and abandoning module StreamingFile (3)
[2016.04.17-19.05.02:761][705]LogModuleManager: Shutting down and abandoning module SandboxFile (2)
[2016.04.17-19.05.02:761][705]LogModuleManager: Shutting down and abandoning module PakFile (1)
[2016.04.17-19.05.02:762][705]LogExit: Exiting.
[2016.04.17-19.05.02:764][705]Log file closed, 04/17/16 21:05:02
