Log file open, 04/20/16 14:43:54
LogInit:Display: Running engine for game: ToyScroller
LogPlatformFile: Not using cached read wrapper
LogInit:Display: RandInit(949594663) SRandInit(949594664).
LogTaskGraph: Started task graph with 4 named threads and 7 total threads.
LogStats: Stats thread started at 0.070427
LogInit: Version: 4.11.2-2946394+++UE4+Release-4.11
LogInit: API Version: 2927265
LogInit: Compiled (64-bit): Apr 18 2016 02:18:46
LogInit: Compiled with Visual C++: 19.00.23026.00
LogInit: Build Configuration: Development
LogInit: Branch Name: ++UE4+Release-4.11
LogInit: Command line:  
LogInit: Base directory: D:/Program Files/Epic Games/4.11/Engine/Binaries/Win64/
LogInit: Installed Engine Build: 1
LogInit: Using libcurl 7.41.0
LogInit:  - built for x86_64-pc-win32
LogInit:  - supports SSL with WinSSL
LogInit:  - other features:
LogInit:      CURL_VERSION_SSL
LogInit:      CURL_VERSION_IPV6
LogInit:      CURL_VERSION_ASYNCHDNS
LogInit:      CURL_VERSION_LARGEFILE
LogInit:      CURL_VERSION_IDN
LogInit:  CurlRequestOptions (configurable via config and command line):
LogInit:  - bVerifyPeer = true  - Libcurl will verify peer certificate
LogInit:  - bUseHttpProxy = false  - Libcurl will NOT use HTTP proxy
LogInit:  - bDontReuseConnections = false  - Libcurl will reuse connections
LogInit:  - CertBundlePath = nullptr  - Libcurl will use whatever was configured at build time.
LogInit: Presizing for max 16777216 objects, including 0 objects not considered by GC, pre-allocating 0 bytes for permanent pool.
LogInit: Object subsystem initialized
[2016.04.20-12.43.54:574][  0]LogInit: Selected Device Profile: [Windows]
[2016.04.20-12.43.54:574][  0]LogInit: Applying CVar settings loaded from the selected device profile: [Windows]
[2016.04.20-12.43.54:585][  0]LogInit: Computer: DESKTOP-E7MBVHS
[2016.04.20-12.43.54:585][  0]LogInit: User: GonzaloBernal
[2016.04.20-12.43.54:585][  0]LogInit: CPU Page size=65536, Cores=4
[2016.04.20-12.43.54:585][  0]LogInit: High frequency timer resolution =3.117925 MHz
[2016.04.20-12.43.54:585][  0]LogMemory: Memory total: Physical=7.9GB (8GB approx)
[2016.04.20-12.43.54:585][  0]LogMemory: Platform Memory Stats for Windows
[2016.04.20-12.43.54:585][  0]LogMemory: Process Physical Memory: 313.15 MB used, 313.15 MB peak
[2016.04.20-12.43.54:585][  0]LogMemory: Process Virtual Memory: 313.60 MB used, 313.60 MB peak
[2016.04.20-12.43.54:585][  0]LogMemory: Physical Memory: 4495.80 MB used, 8067.22 MB total
[2016.04.20-12.43.54:585][  0]LogMemory: Virtual Memory: 636.23 MB used, 134217728.00 MB total
[2016.04.20-12.43.55:045][  0]LogD3D11RHI: D3D11 adapters:
[2016.04.20-12.43.55:076][  0]LogD3D11RHI:    0. 'NVIDIA GeForce GTX 760' (Feature Level 11_0)
[2016.04.20-12.43.55:076][  0]LogD3D11RHI:       1989MB of dedicated video memory, 0MB of dedicated system memory, and 4033MB of shared system memory, 1 output[s]
[2016.04.20-12.43.55:083][  0]LogD3D11RHI:    1. 'Intel(R) HD Graphics' (Feature Level 11_0)
[2016.04.20-12.43.55:083][  0]LogD3D11RHI:       32MB of dedicated video memory, 0MB of dedicated system memory, and 1760MB of shared system memory, 0 output[s]
[2016.04.20-12.43.55:085][  0]LogD3D11RHI:    2. 'Microsoft Basic Render Driver' (Feature Level 11_0)
[2016.04.20-12.43.55:085][  0]LogD3D11RHI:       0MB of dedicated video memory, 0MB of dedicated system memory, and 4033MB of shared system memory, 0 output[s]
[2016.04.20-12.43.55:085][  0]LogD3D11RHI: Chosen D3D11 Adapter: 0
[2016.04.20-12.43.55:088][  0]LogD3D11RHI: Creating new Direct3DDevice
[2016.04.20-12.43.55:089][  0]LogD3D11RHI:     Adapter Name: NVIDIA GeForce GTX 760
[2016.04.20-12.43.55:089][  0]LogD3D11RHI:   Driver Version: 10.18.13.6472 (internal 10.18.13.6472)
[2016.04.20-12.43.55:089][  0]LogD3D11RHI:      Driver Date: 3-21-2016
[2016.04.20-12.43.55:089][  0]LogRHI: Texture pool is 1361 MB (70% of 1945 MB)
[2016.04.20-12.43.55:105][  0]LogD3D11RHI: Async texture creation enabled
[2016.04.20-12.43.55:612][  0]LogShaderCompilers: Guid format shader working directory is -14 characters bigger than the processId version (../../../../../../Unreal Engine Projects/ToyProject/ToyScroller/Intermediate/Shaders/WorkingDirectory/5944/).
[2016.04.20-12.43.55:612][  0]LogShaderCompilers: Cleaned the shader compiler working directory 'C:/Users/GONZAL~1/AppData/Local/Temp/UnrealShaderWorkingDir/E5DF66D642FE104442CCD6A6DC550273/'.
[2016.04.20-12.43.55:612][  0]LogShaderCompilers:Display: Using Local Shader Compiler.
[2016.04.20-12.43.56:668][  0]LogTemp:Display: Loaded TP AllDesktopTargetPlatform
[2016.04.20-12.43.56:672][  0]LogTemp:Display: Loaded TP WindowsClientTargetPlatform
[2016.04.20-12.43.56:678][  0]LogTemp:Display: Loaded TP WindowsNoEditorTargetPlatform
[2016.04.20-12.43.56:682][  0]LogTemp:Display: Loaded TP WindowsServerTargetPlatform
[2016.04.20-12.43.56:687][  0]LogTemp:Display: Loaded TP WindowsTargetPlatform
[2016.04.20-12.43.56:691][  0]LogTemp:Display: Loaded TP AndroidTargetPlatform
[2016.04.20-12.43.56:694][  0]LogTemp:Display: Loaded TP Android_ASTCTargetPlatform
[2016.04.20-12.43.56:698][  0]LogTemp:Display: Loaded TP Android_ATCTargetPlatform
[2016.04.20-12.43.56:702][  0]LogTemp:Display: Loaded TP Android_DXTTargetPlatform
[2016.04.20-12.43.56:705][  0]LogTemp:Display: Loaded TP Android_ETC1TargetPlatform
[2016.04.20-12.43.56:710][  0]LogTemp:Display: Loaded TP Android_ETC2TargetPlatform
[2016.04.20-12.43.56:717][  0]LogTemp:Display: Loaded TP Android_MultiTargetPlatform
[2016.04.20-12.43.56:717][  0]LogTemp:Display: Loaded TP Android_PVRTCTargetPlatform
[2016.04.20-12.43.56:718][  0]LogTemp:Display: Loaded TP HTML5TargetPlatform
[2016.04.20-12.43.56:735][  0]LogTemp:Display: Loaded TP IOSTargetPlatform
[2016.04.20-12.43.56:738][  0]LogTemp:Display: Loaded TP TVOSTargetPlatform
[2016.04.20-12.43.56:742][  0]LogTemp:Display: Loaded TP LinuxNoEditorTargetPlatform
[2016.04.20-12.43.56:745][  0]LogTemp:Display: Loaded TP LinuxServerTargetPlatform
[2016.04.20-12.43.56:749][  0]LogTemp:Display: Loaded TP LinuxTargetPlatform
[2016.04.20-12.43.56:749][  0]LogTargetPlatformManager:Display: Building Assets For Windows
[2016.04.20-12.43.56:836][  0]LogDerivedDataCache:Display: Max Cache Size: 512 MB
[2016.04.20-12.43.56:903][  0]LogDerivedDataCache: Loaded boot cache 0.07s 65MB C:/Users/Gonzalo Bernal/AppData/Local/UnrealEngine/4.11/DerivedDataCache/Boot.ddc.
[2016.04.20-12.43.56:903][  0]LogDerivedDataCache:Display: Loaded Boot cache: C:/Users/Gonzalo Bernal/AppData/Local/UnrealEngine/4.11/DerivedDataCache/Boot.ddc
[2016.04.20-12.43.56:903][  0]LogDerivedDataCache: FDerivedDataBackendGraph:  Pak pak cache file ../../../../../../Unreal Engine Projects/ToyProject/ToyScroller/DerivedDataCache/DDC.ddp not found, will not use a pak cache.
[2016.04.20-12.43.56:903][  0]LogDerivedDataCache: Unable to find inner node Pak for hierarchical cache Hierarchy.
[2016.04.20-12.43.56:903][  0]LogDerivedDataCache: FDerivedDataBackendGraph:  CompressedPak pak cache file ../../../../../../Unreal Engine Projects/ToyProject/ToyScroller/DerivedDataCache/Compressed.ddp not found, will not use a pak cache.
[2016.04.20-12.43.56:903][  0]LogDerivedDataCache: Unable to find inner node CompressedPak for hierarchical cache Hierarchy.
[2016.04.20-12.43.56:921][  0]LogDerivedDataCache:Display: Pak cache opened for reading ../../../Engine/DerivedDataCache/Compressed.ddp.
[2016.04.20-12.43.56:933][  0]LogDerivedDataCache: Using Local data cache path C:/Users/Gonzalo Bernal/AppData/Local/UnrealEngine/Common/DerivedDataCache: Writable
[2016.04.20-12.43.57:144][  0]LogInit: Selected Device Profile: [Windows]
[2016.04.20-12.43.57:145][  0]LogContentStreaming: Texture pool size is 0.00 MB
[2016.04.20-12.43.57:196][  0]LogMaterial: Uniform references updated for custom material expression Custom.
[2016.04.20-12.43.57:336][  0]LogMeshUtilities: No automatic mesh reduction module available
[2016.04.20-12.43.57:336][  0]LogMeshUtilities: No automatic mesh merging module available
[2016.04.20-12.43.57:336][  0]LogMeshUtilities: No distributed automatic mesh merging module available
[2016.04.20-12.43.57:614][  0]LogUObjectArray: 27679 objects as part of root set at end of initial load.
[2016.04.20-12.43.57:614][  0]LogUObjectAllocator: 5591592 out of 0 bytes used by permanent object pool.
[2016.04.20-12.43.57:614][  0]LogUObjectArray: CloseDisregardForGC: 0/0 objects in disregard for GC pool
[2016.04.20-12.43.57:620][  0]LogInit: WinSock: version 1.1 (2.2), MaxSocks=32767, MaxUdp=65467
[2016.04.20-12.43.57:719][  0]LogSlate: SlateFontCache - WITH_FREETYPE: 1, WITH_HARFBUZZ: 1
[2016.04.20-12.43.57:719][  0]LogSlate: SlateFontCache - WITH_FREETYPE: 1, WITH_HARFBUZZ: 1
[2016.04.20-12.43.57:840][  0]LogStreaming:Warning: Failed to read file '../../../Engine/Content/Editor/Slate/Common/Selection_16x.png' error.
[2016.04.20-12.43.57:840][  0]LogSlate: Could not find file for Slate resource: ../../../Engine/Content/Editor/Slate/Common/Selection_16x.png
[2016.04.20-12.43.57:840][  0]LogStreaming:Warning: Failed to read file '../../../Engine/Content/Editor/Slate/Common/Selection_16x.png' error.
[2016.04.20-12.43.57:841][  0]LogSlate: Could not find file for Slate resource: ../../../Engine/Content/Editor/Slate/Common/Selection_16x.png
[2016.04.20-12.43.57:841][  0]LogStreaming:Warning: Failed to read file '../../../Engine/Content/Editor/Slate/Common/Selection_16x.png' error.
[2016.04.20-12.43.57:841][  0]LogSlate: Could not find file for Slate resource: ../../../Engine/Content/Editor/Slate/Common/Selection_16x.png
[2016.04.20-12.43.58:482][  0]LogUdpMessaging: Initializing bridge on interface 0.0.0.0:0 to multicast group 230.0.0.1:6666.
[2016.04.20-12.43.58:588][  0]LogAssetRegistry: FAssetRegistry took 0.0213 seconds to start up
[2016.04.20-12.43.58:751][  0]SourceControl: Info Source control is disabled
[2016.04.20-12.43.58:801][  0]SourceControl: Info Source control is disabled
[2016.04.20-12.43.58:812][  0]SourceControl: Info Source control is disabled
[2016.04.20-12.43.58:822][  0]SourceControl: Info Source control is disabled
[2016.04.20-12.43.58:976][  0]LogHMD: Failed to initialize OpenVR with code 110
[2016.04.20-12.43.59:054][  0]LogEngine: Initializing Engine...
[2016.04.20-12.43.59:197][  0]LogAIModule: Creating AISystem for world NewWorld
[2016.04.20-12.43.59:201][  0]LogInit: XAudio2 using 'Altavoces (Dispositivo de High Definition Audio)' : 2 channels at 44.1 kHz using 16 bits per sample (channel mask 0x3)
[2016.04.20-12.43.59:212][  0]LogInit: FAudioDevice initialized.
[2016.04.20-12.43.59:248][  0]LogDerivedDataCache: Saved boot cache 0.04s 65MB C:/Users/Gonzalo Bernal/AppData/Local/UnrealEngine/4.11/DerivedDataCache/Boot.ddc.
[2016.04.20-12.43.59:253][  0]LogInit: Texture streaming: Enabled
[2016.04.20-12.43.59:272][  0]LogInit: Transaction tracking system initialized
[2016.04.20-12.43.59:293][  0]BlueprintLog: New page: Editor Load
[2016.04.20-12.43.59:359][  0]LocalizationService: Info Localization service is disabled
[2016.04.20-12.43.59:417][  0]LogLinker:Warning: Can't find file '/Game/SideScrollerBP/SideScrollerOverview'
[2016.04.20-12.43.59:417][  0]LogLinker:Warning: Can't find file '/Game/SideScrollerBP/SideScrollerOverview'
[2016.04.20-12.43.59:417][  0]LogUObjectGlobals:Warning: Failed to find object 'Class /Game/SideScrollerBP/SideScrollerOverview.SideScrollerOverview_C'
[2016.04.20-12.43.59:428][  0]LogConsoleResponse:Display: 
[2016.04.20-12.43.59:603][  0]LogCook:Display: Max memory allowance for cook 8192mb
[2016.04.20-12.43.59:603][  0]LogCook:Display: Mobile HDR setting 1
[2016.04.20-12.43.59:603][  0]LogCook:Display: Done creating registry. It took  0.00s.
[2016.04.20-12.43.59:653][  0]LogFileCache: Scanning file cache for directory 'D:/Unreal Engine Projects/ToyProject/ToyScroller/Content/' took 0.02s
[2016.04.20-12.43.59:653][  0]SourceControl: Info Source control is disabled
[2016.04.20-12.43.59:653][  0]Cmd: MAP LOAD FILE="../../../../../../Unreal Engine Projects/ToyProject/ToyScroller/Content/ToyProjectContent/Maps/SideScrollerExampleMap.umap" TEMPLATE=0 SHOWPROGRESS=1 FEATURELEVEL=3
[2016.04.20-12.43.59:670][  0]LightingResults: New page: Lighting Build
[2016.04.20-12.43.59:672][  0]MapCheck: New page: Map Check
[2016.04.20-12.43.59:672][  0]LightingResults: New page: Lighting Build
[2016.04.20-12.44.01:017][  0]LogAIModule: Creating AISystem for world SideScrollerExampleMap
[2016.04.20-12.44.01:116][  0]LogEditorServer: Finished looking for orphan Actors (0.000 secs)
[2016.04.20-12.44.01:117][  0]Cmd: MAP CHECKDEP NOCLEARLOG
[2016.04.20-12.44.01:163][  0]MapCheck: Info Map check complete: 0 Error(s), 0 Warning(s), took 46.427ms to complete.
[2016.04.20-12.44.01:163][  0]LogFileHelpers: Loading map 'SideScrollerExampleMap' took 1.510
[2016.04.20-12.44.01:265][  0]LogCollectionManager: Loaded 0 collections in 0.001877 seconds
[2016.04.20-12.44.01:306][  0]LogFileCache: Scanning file cache for directory 'D:/Unreal Engine Projects/ToyProject/ToyScroller/Saved/Collections/' took 0.01s
[2016.04.20-12.44.01:306][  0]LogFileCache: Scanning file cache for directory 'D:/Unreal Engine Projects/ToyProject/ToyScroller/Content/Developers/GonzaloBernal/Collections/' took 0.01s
[2016.04.20-12.44.01:306][  0]LogFileCache: Scanning file cache for directory 'D:/Unreal Engine Projects/ToyProject/ToyScroller/Content/Collections/' took 0.01s
[2016.04.20-12.44.01:306][  0]LogCollectionManager: Rebuilt the GUID cache for 0 collections in 0.000003 seconds
[2016.04.20-12.44.01:313][  0]LogContentBrowser: Native class hierarchy populated in 0.0067 seconds. Added 1979 classes and 343 folders.
[2016.04.20-12.44.01:316][  0]LogStats: UGameplayTagsManager::ConstructGameplayTagTree: Construct from data asset -  0.000 s
[2016.04.20-12.44.01:316][  0]LogStats: UGameplayTagsManager::ConstructGameplayTagTree: GameplayTagTreeChangedEvent.Broadcast -  0.000 s
[2016.04.20-12.44.01:316][  0]LogContentBrowser: Native class hierarchy updated for 'GameplayTags' in 0.0006 seconds. Added 12 classes and 0 folders.
[2016.04.20-12.44.01:320][  0]LogContentBrowser: Native class hierarchy updated for 'WidgetCarousel' in 0.0004 seconds. Added 0 classes and 0 folders.
[2016.04.20-12.44.01:326][  0]LogContentBrowser: Native class hierarchy updated for 'SuperSearch' in 0.0005 seconds. Added 1 classes and 2 folders.
[2016.04.20-12.44.01:379][  0]LogContentBrowser: Native class hierarchy updated for 'AddContentDialog' in 0.0005 seconds. Added 0 classes and 0 folders.
[2016.04.20-12.44.01:382][  0]LogContentBrowser: Native class hierarchy updated for 'SceneOutliner' in 0.0005 seconds. Added 1 classes and 2 folders.
[2016.04.20-12.44.01:501][  0]LogCrashTracker: Crashtracker disabled due to settings.
[2016.04.20-12.44.01:506][  0]LogUObjectGlobals:Warning: Failed to find object 'Class None.'
[2016.04.20-12.44.01:532][  0]LogContentBrowser: Native class hierarchy updated for 'HierarchicalLODOutliner' in 0.0005 seconds. Added 1 classes and 2 folders.
[2016.04.20-12.44.01:532][  0]LogLoad: Full Startup: 7.78 seconds (BP compile: 0.11 seconds)
[2016.04.20-12.44.01:532][  0]LogExternalProfiler:Warning: No registered external profiler was matched with a command-line switch (or the DLL could not be loaded).  External profiling features will not be available.
[2016.04.20-12.44.01:871][  0]LogOcInput: OculusInput pre-init called
[2016.04.20-12.44.01:911][  0]LogContentStreaming: Texture pool size now 1000 MB
[2016.04.20-12.44.02:119][  0]LogRenderer: Reallocating scene render targets to support 1040x592 (Frame:2).
[2016.04.20-12.44.02:239][  1]LogAssetRegistry: Asset discovery search completed in 3.6726 seconds
[2016.04.20-12.44.02:239][  1]LogCollectionManager: Rebuilt the object cache for 0 collections in 0.000001 seconds (found 0 objects)
[2016.04.20-12.44.02:239][  1]LogCollectionManager: Fixed up redirectors for 0 collections in 0.000020 seconds (updated 0 objects)
[2016.04.20-12.44.11:187][905]LogBlueprintUserMessages: Early PlayInEditor Detection: Level '/Game/ToyProjectContent/Maps/SideScrollerExampleMap.SideScrollerExampleMap:PersistentLevel' has LevelScriptBlueprint '/Game/ToyProjectContent/Maps/SideScrollerExampleMap.SideScrollerExampleMap:PersistentLevel.SideScrollerExampleMap' with GeneratedClass '/Game/ToyProjectContent/Maps/SideScrollerExampleMap.SideScrollerExampleMap_C' with ClassGeneratedBy '/Game/ToyProjectContent/Maps/SideScrollerExampleMap.SideScrollerExampleMap:PersistentLevel.SideScrollerExampleMap'
[2016.04.20-12.44.11:187][905]LogPlayLevel: PlayLevel: No blueprints needed recompiling
[2016.04.20-12.44.11:188][905]PIE: New page: PIE session: SideScrollerExampleMap (Apr 20, 2016, 3:44:11 PM)
[2016.04.20-12.44.11:188][905]LogPlayLevel: Creating play world package: /Game/ToyProjectContent/Maps/UEDPIE_0_SideScrollerExampleMap
[2016.04.20-12.44.11:213][905]LogPlayLevel: PIE: StaticDuplicateObject took: (0.024645s)
[2016.04.20-12.44.11:214][905]LogAIModule: Creating AISystem for world SideScrollerExampleMap
[2016.04.20-12.44.11:214][905]LogPlayLevel: PIE: World Init took: (0.000810s)
[2016.04.20-12.44.11:214][905]LogPlayLevel: PIE: Created PIE world by copying editor world from /Game/ToyProjectContent/Maps/SideScrollerExampleMap.SideScrollerExampleMap to /Game/ToyProjectContent/Maps/UEDPIE_0_SideScrollerExampleMap.SideScrollerExampleMap (0.025727s)
[2016.04.20-12.44.11:233][905]LogInit: XAudio2 using 'Altavoces (Dispositivo de High Definition Audio)' : 2 channels at 44.1 kHz using 16 bits per sample (channel mask 0x3)
[2016.04.20-12.44.11:240][905]LogInit: FAudioDevice initialized.
[2016.04.20-12.44.11:282][905]LogLinker:Warning: Can't find file '/Game/SideScrollerBP/Blueprints/SideScrollerGameMode'
[2016.04.20-12.44.11:282][905]LogLinker:Warning: Can't find file '/Game/SideScrollerBP/Blueprints/SideScrollerGameMode'
[2016.04.20-12.44.11:282][905]LogUObjectGlobals:Warning: Failed to find object 'Class /Game/SideScrollerBP/Blueprints/SideScrollerGameMode.SideScrollerGameMode_C'
[2016.04.20-12.44.11:282][905]LogWorld: Game class is 'GameMode'
[2016.04.20-12.44.11:287][905]LogWorld: Bringing World /Game/ToyProjectContent/Maps/UEDPIE_0_SideScrollerExampleMap.SideScrollerExampleMap up for play (max tick rate 0) at 2016.04.20-14.44.11
[2016.04.20-12.44.11:288][905]LogWorld: Bringing up level for play took: 0.003918
[2016.04.20-12.44.11:299][905]LogContentBrowser: Native class hierarchy updated for 'MovieSceneCapture' in 0.0005 seconds. Added 9 classes and 0 folders.
[2016.04.20-12.44.11:300][905]PIE: Info Play in editor start time for /Game/ToyProjectContent/Maps/UEDPIE_0_SideScrollerExampleMap 0.864
[2016.04.20-12.44.11:300][905]LogBlueprintUserMessages: Late PlayInEditor Detection: Level '/Game/ToyProjectContent/Maps/SideScrollerExampleMap.SideScrollerExampleMap:PersistentLevel' has LevelScriptBlueprint '/Game/ToyProjectContent/Maps/SideScrollerExampleMap.SideScrollerExampleMap:PersistentLevel.SideScrollerExampleMap' with GeneratedClass '/Game/ToyProjectContent/Maps/SideScrollerExampleMap.SideScrollerExampleMap_C' with ClassGeneratedBy '/Game/ToyProjectContent/Maps/SideScrollerExampleMap.SideScrollerExampleMap:PersistentLevel.SideScrollerExampleMap'
[2016.04.20-12.44.15:090][354]LogBlueprintUserMessages: Early EndPlayMap Detection: Level '/Game/ToyProjectContent/Maps/SideScrollerExampleMap.SideScrollerExampleMap:PersistentLevel' has LevelScriptBlueprint '/Game/ToyProjectContent/Maps/SideScrollerExampleMap.SideScrollerExampleMap:PersistentLevel.SideScrollerExampleMap' with GeneratedClass '/Game/ToyProjectContent/Maps/SideScrollerExampleMap.SideScrollerExampleMap_C' with ClassGeneratedBy '/Game/ToyProjectContent/Maps/SideScrollerExampleMap.SideScrollerExampleMap:PersistentLevel.SideScrollerExampleMap'
[2016.04.20-12.44.15:123][354]LogBlueprintUserMessages: Late EndPlayMap Detection: Level '/Game/ToyProjectContent/Maps/SideScrollerExampleMap.SideScrollerExampleMap:PersistentLevel' has LevelScriptBlueprint '/Game/ToyProjectContent/Maps/SideScrollerExampleMap.SideScrollerExampleMap:PersistentLevel.SideScrollerExampleMap' with GeneratedClass '/Game/ToyProjectContent/Maps/SideScrollerExampleMap.SideScrollerExampleMap_C' with ClassGeneratedBy '/Game/ToyProjectContent/Maps/SideScrollerExampleMap.SideScrollerExampleMap:PersistentLevel.SideScrollerExampleMap'
[2016.04.20-12.45.05:351][144]LogEditorViewport: Clicking on Actor (LMB): SideScrollerCharacter_C (SideScrollerCharacter)
[2016.04.20-12.45.07:093][281]LogContentBrowser: Native class hierarchy updated for 'BlueprintGraph' in 0.0009 seconds. Added 108 classes and 0 folders.
[2016.04.20-12.46.42:550][156]LogBlueprintUserMessages: Early PlayInEditor Detection: Level '/Game/ToyProjectContent/Maps/SideScrollerExampleMap.SideScrollerExampleMap:PersistentLevel' has LevelScriptBlueprint '/Game/ToyProjectContent/Maps/SideScrollerExampleMap.SideScrollerExampleMap:PersistentLevel.SideScrollerExampleMap' with GeneratedClass '/Game/ToyProjectContent/Maps/SideScrollerExampleMap.SideScrollerExampleMap_C' with ClassGeneratedBy '/Game/ToyProjectContent/Maps/SideScrollerExampleMap.SideScrollerExampleMap:PersistentLevel.SideScrollerExampleMap'
[2016.04.20-12.46.42:550][156]BlueprintLog: New page: Pre-Play auto-recompile
[2016.04.20-12.46.42:561][156]LogPlayLevel: [PlayLevel] Compiling SideScrollerCharacter before play...
[2016.04.20-12.46.42:765][156]LogPlayLevel: PlayLevel: Blueprint regeneration took 215 ms (1 blueprints)
[2016.04.20-12.46.42:789][156]PIE: New page: PIE session: SideScrollerExampleMap (Apr 20, 2016, 3:46:42 PM)
[2016.04.20-12.46.42:789][156]LogPlayLevel: Creating play world package: /Game/ToyProjectContent/Maps/UEDPIE_0_SideScrollerExampleMap
[2016.04.20-12.46.42:809][156]LogPlayLevel: PIE: StaticDuplicateObject took: (0.020057s)
[2016.04.20-12.46.42:810][156]LogAIModule: Creating AISystem for world SideScrollerExampleMap
[2016.04.20-12.46.42:810][156]LogPlayLevel: PIE: World Init took: (0.000906s)
[2016.04.20-12.46.42:811][156]LogPlayLevel: PIE: Created PIE world by copying editor world from /Game/ToyProjectContent/Maps/SideScrollerExampleMap.SideScrollerExampleMap to /Game/ToyProjectContent/Maps/UEDPIE_0_SideScrollerExampleMap.SideScrollerExampleMap (0.021197s)
[2016.04.20-12.46.42:857][156]LogInit: XAudio2 using 'Altavoces (Dispositivo de High Definition Audio)' : 2 channels at 44.1 kHz using 16 bits per sample (channel mask 0x3)
[2016.04.20-12.46.42:863][156]LogInit: FAudioDevice initialized.
[2016.04.20-12.46.42:901][156]LogLinker:Warning: Can't find file '/Game/SideScrollerBP/Blueprints/SideScrollerGameMode'
[2016.04.20-12.46.42:902][156]LogLinker:Warning: Can't find file '/Game/SideScrollerBP/Blueprints/SideScrollerGameMode'
[2016.04.20-12.46.42:902][156]LogUObjectGlobals:Warning: Failed to find object 'Class /Game/SideScrollerBP/Blueprints/SideScrollerGameMode.SideScrollerGameMode_C'
[2016.04.20-12.46.42:902][156]LogWorld: Game class is 'GameMode'
[2016.04.20-12.46.42:911][156]LogWorld: Bringing World /Game/ToyProjectContent/Maps/UEDPIE_0_SideScrollerExampleMap.SideScrollerExampleMap up for play (max tick rate 0) at 2016.04.20-14.46.42
[2016.04.20-12.46.42:912][156]LogWorld: Bringing up level for play took: 0.007751
[2016.04.20-12.46.42:913][156]PIE: Info Play in editor start time for /Game/ToyProjectContent/Maps/UEDPIE_0_SideScrollerExampleMap 0.478
[2016.04.20-12.46.42:914][156]LogBlueprintUserMessages: Late PlayInEditor Detection: Level '/Game/ToyProjectContent/Maps/SideScrollerExampleMap.SideScrollerExampleMap:PersistentLevel' has LevelScriptBlueprint '/Game/ToyProjectContent/Maps/SideScrollerExampleMap.SideScrollerExampleMap:PersistentLevel.SideScrollerExampleMap' with GeneratedClass '/Game/ToyProjectContent/Maps/SideScrollerExampleMap.SideScrollerExampleMap_C' with ClassGeneratedBy '/Game/ToyProjectContent/Maps/SideScrollerExampleMap.SideScrollerExampleMap:PersistentLevel.SideScrollerExampleMap'
[2016.04.20-12.46.53:458][417]LogBlueprintUserMessages: Early EndPlayMap Detection: Level '/Game/ToyProjectContent/Maps/SideScrollerExampleMap.SideScrollerExampleMap:PersistentLevel' has LevelScriptBlueprint '/Game/ToyProjectContent/Maps/SideScrollerExampleMap.SideScrollerExampleMap:PersistentLevel.SideScrollerExampleMap' with GeneratedClass '/Game/ToyProjectContent/Maps/SideScrollerExampleMap.SideScrollerExampleMap_C' with ClassGeneratedBy '/Game/ToyProjectContent/Maps/SideScrollerExampleMap.SideScrollerExampleMap:PersistentLevel.SideScrollerExampleMap'
[2016.04.20-12.46.53:520][417]LogBlueprintUserMessages: Late EndPlayMap Detection: Level '/Game/ToyProjectContent/Maps/SideScrollerExampleMap.SideScrollerExampleMap:PersistentLevel' has LevelScriptBlueprint '/Game/ToyProjectContent/Maps/SideScrollerExampleMap.SideScrollerExampleMap:PersistentLevel.SideScrollerExampleMap' with GeneratedClass '/Game/ToyProjectContent/Maps/SideScrollerExampleMap.SideScrollerExampleMap_C' with ClassGeneratedBy '/Game/ToyProjectContent/Maps/SideScrollerExampleMap.SideScrollerExampleMap:PersistentLevel.SideScrollerExampleMap'
[2016.04.20-12.47.34:957][933]LogBlueprintUserMessages: Early PlayInEditor Detection: Level '/Game/ToyProjectContent/Maps/SideScrollerExampleMap.SideScrollerExampleMap:PersistentLevel' has LevelScriptBlueprint '/Game/ToyProjectContent/Maps/SideScrollerExampleMap.SideScrollerExampleMap:PersistentLevel.SideScrollerExampleMap' with GeneratedClass '/Game/ToyProjectContent/Maps/SideScrollerExampleMap.SideScrollerExampleMap_C' with ClassGeneratedBy '/Game/ToyProjectContent/Maps/SideScrollerExampleMap.SideScrollerExampleMap:PersistentLevel.SideScrollerExampleMap'
[2016.04.20-12.47.34:957][933]BlueprintLog: New page: Pre-Play auto-recompile
[2016.04.20-12.47.34:967][933]LogPlayLevel: [PlayLevel] Compiling SideScrollerCharacter before play...
[2016.04.20-12.47.35:079][933]LogPlayLevel: PlayLevel: Blueprint regeneration took 121 ms (1 blueprints)
[2016.04.20-12.47.35:094][933]PIE: New page: PIE session: SideScrollerExampleMap (Apr 20, 2016, 3:47:35 PM)
[2016.04.20-12.47.35:094][933]LogPlayLevel: Creating play world package: /Game/ToyProjectContent/Maps/UEDPIE_0_SideScrollerExampleMap
[2016.04.20-12.47.35:114][933]LogPlayLevel: PIE: StaticDuplicateObject took: (0.019700s)
[2016.04.20-12.47.35:115][933]LogAIModule: Creating AISystem for world SideScrollerExampleMap
[2016.04.20-12.47.35:115][933]LogPlayLevel: PIE: World Init took: (0.000938s)
[2016.04.20-12.47.35:115][933]LogPlayLevel: PIE: Created PIE world by copying editor world from /Game/ToyProjectContent/Maps/SideScrollerExampleMap.SideScrollerExampleMap to /Game/ToyProjectContent/Maps/UEDPIE_0_SideScrollerExampleMap.SideScrollerExampleMap (0.020880s)
[2016.04.20-12.47.35:160][933]LogInit: XAudio2 using 'Altavoces (Dispositivo de High Definition Audio)' : 2 channels at 44.1 kHz using 16 bits per sample (channel mask 0x3)
[2016.04.20-12.47.35:167][933]LogInit: FAudioDevice initialized.
[2016.04.20-12.47.35:200][933]LogLinker:Warning: Can't find file '/Game/SideScrollerBP/Blueprints/SideScrollerGameMode'
[2016.04.20-12.47.35:201][933]LogLinker:Warning: Can't find file '/Game/SideScrollerBP/Blueprints/SideScrollerGameMode'
[2016.04.20-12.47.35:201][933]LogUObjectGlobals:Warning: Failed to find object 'Class /Game/SideScrollerBP/Blueprints/SideScrollerGameMode.SideScrollerGameMode_C'
[2016.04.20-12.47.35:201][933]LogWorld: Game class is 'GameMode'
[2016.04.20-12.47.35:205][933]LogWorld: Bringing World /Game/ToyProjectContent/Maps/UEDPIE_0_SideScrollerExampleMap.SideScrollerExampleMap up for play (max tick rate 0) at 2016.04.20-14.47.35
[2016.04.20-12.47.35:205][933]LogWorld: Bringing up level for play took: 0.003706
[2016.04.20-12.47.35:206][933]PIE: Info Play in editor start time for /Game/ToyProjectContent/Maps/UEDPIE_0_SideScrollerExampleMap 0.771
[2016.04.20-12.47.35:206][933]LogBlueprintUserMessages: Late PlayInEditor Detection: Level '/Game/ToyProjectContent/Maps/SideScrollerExampleMap.SideScrollerExampleMap:PersistentLevel' has LevelScriptBlueprint '/Game/ToyProjectContent/Maps/SideScrollerExampleMap.SideScrollerExampleMap:PersistentLevel.SideScrollerExampleMap' with GeneratedClass '/Game/ToyProjectContent/Maps/SideScrollerExampleMap.SideScrollerExampleMap_C' with ClassGeneratedBy '/Game/ToyProjectContent/Maps/SideScrollerExampleMap.SideScrollerExampleMap:PersistentLevel.SideScrollerExampleMap'
[2016.04.20-12.47.59:028][787]LogBlueprintUserMessages: Early EndPlayMap Detection: Level '/Game/ToyProjectContent/Maps/SideScrollerExampleMap.SideScrollerExampleMap:PersistentLevel' has LevelScriptBlueprint '/Game/ToyProjectContent/Maps/SideScrollerExampleMap.SideScrollerExampleMap:PersistentLevel.SideScrollerExampleMap' with GeneratedClass '/Game/ToyProjectContent/Maps/SideScrollerExampleMap.SideScrollerExampleMap_C' with ClassGeneratedBy '/Game/ToyProjectContent/Maps/SideScrollerExampleMap.SideScrollerExampleMap:PersistentLevel.SideScrollerExampleMap'
[2016.04.20-12.47.59:092][787]LogBlueprintUserMessages: Late EndPlayMap Detection: Level '/Game/ToyProjectContent/Maps/SideScrollerExampleMap.SideScrollerExampleMap:PersistentLevel' has LevelScriptBlueprint '/Game/ToyProjectContent/Maps/SideScrollerExampleMap.SideScrollerExampleMap:PersistentLevel.SideScrollerExampleMap' with GeneratedClass '/Game/ToyProjectContent/Maps/SideScrollerExampleMap.SideScrollerExampleMap_C' with ClassGeneratedBy '/Game/ToyProjectContent/Maps/SideScrollerExampleMap.SideScrollerExampleMap:PersistentLevel.SideScrollerExampleMap'
[2016.04.20-12.48.13:246][397]LogBlueprintUserMessages: Early PlayInEditor Detection: Level '/Game/ToyProjectContent/Maps/SideScrollerExampleMap.SideScrollerExampleMap:PersistentLevel' has LevelScriptBlueprint '/Game/ToyProjectContent/Maps/SideScrollerExampleMap.SideScrollerExampleMap:PersistentLevel.SideScrollerExampleMap' with GeneratedClass '/Game/ToyProjectContent/Maps/SideScrollerExampleMap.SideScrollerExampleMap_C' with ClassGeneratedBy '/Game/ToyProjectContent/Maps/SideScrollerExampleMap.SideScrollerExampleMap:PersistentLevel.SideScrollerExampleMap'
[2016.04.20-12.48.13:246][397]LogPlayLevel: PlayLevel: No blueprints needed recompiling
[2016.04.20-12.48.13:246][397]PIE: New page: PIE session: SideScrollerExampleMap (Apr 20, 2016, 3:48:13 PM)
[2016.04.20-12.48.13:246][397]LogPlayLevel: Creating play world package: /Game/ToyProjectContent/Maps/UEDPIE_0_SideScrollerExampleMap
[2016.04.20-12.48.13:266][397]LogPlayLevel: PIE: StaticDuplicateObject took: (0.019516s)
[2016.04.20-12.48.13:266][397]LogAIModule: Creating AISystem for world SideScrollerExampleMap
[2016.04.20-12.48.13:267][397]LogPlayLevel: PIE: World Init took: (0.000964s)
[2016.04.20-12.48.13:267][397]LogPlayLevel: PIE: Created PIE world by copying editor world from /Game/ToyProjectContent/Maps/SideScrollerExampleMap.SideScrollerExampleMap to /Game/ToyProjectContent/Maps/UEDPIE_0_SideScrollerExampleMap.SideScrollerExampleMap (0.020804s)
[2016.04.20-12.48.13:311][397]LogInit: XAudio2 using 'Altavoces (Dispositivo de High Definition Audio)' : 2 channels at 44.1 kHz using 16 bits per sample (channel mask 0x3)
[2016.04.20-12.48.13:319][397]LogInit: FAudioDevice initialized.
[2016.04.20-12.48.13:352][397]LogLinker:Warning: Can't find file '/Game/SideScrollerBP/Blueprints/SideScrollerGameMode'
[2016.04.20-12.48.13:353][397]LogLinker:Warning: Can't find file '/Game/SideScrollerBP/Blueprints/SideScrollerGameMode'
[2016.04.20-12.48.13:353][397]LogUObjectGlobals:Warning: Failed to find object 'Class /Game/SideScrollerBP/Blueprints/SideScrollerGameMode.SideScrollerGameMode_C'
[2016.04.20-12.48.13:353][397]LogWorld: Game class is 'GameMode'
[2016.04.20-12.48.13:357][397]LogWorld: Bringing World /Game/ToyProjectContent/Maps/UEDPIE_0_SideScrollerExampleMap.SideScrollerExampleMap up for play (max tick rate 0) at 2016.04.20-14.48.13
[2016.04.20-12.48.13:357][397]LogWorld: Bringing up level for play took: 0.003857
[2016.04.20-12.48.13:358][397]PIE: Info Play in editor start time for /Game/ToyProjectContent/Maps/UEDPIE_0_SideScrollerExampleMap 0.923
[2016.04.20-12.48.13:358][397]LogBlueprintUserMessages: Late PlayInEditor Detection: Level '/Game/ToyProjectContent/Maps/SideScrollerExampleMap.SideScrollerExampleMap:PersistentLevel' has LevelScriptBlueprint '/Game/ToyProjectContent/Maps/SideScrollerExampleMap.SideScrollerExampleMap:PersistentLevel.SideScrollerExampleMap' with GeneratedClass '/Game/ToyProjectContent/Maps/SideScrollerExampleMap.SideScrollerExampleMap_C' with ClassGeneratedBy '/Game/ToyProjectContent/Maps/SideScrollerExampleMap.SideScrollerExampleMap:PersistentLevel.SideScrollerExampleMap'
[2016.04.20-12.48.29:960][384]LogBlueprintUserMessages: Early EndPlayMap Detection: Level '/Game/ToyProjectContent/Maps/SideScrollerExampleMap.SideScrollerExampleMap:PersistentLevel' has LevelScriptBlueprint '/Game/ToyProjectContent/Maps/SideScrollerExampleMap.SideScrollerExampleMap:PersistentLevel.SideScrollerExampleMap' with GeneratedClass '/Game/ToyProjectContent/Maps/SideScrollerExampleMap.SideScrollerExampleMap_C' with ClassGeneratedBy '/Game/ToyProjectContent/Maps/SideScrollerExampleMap.SideScrollerExampleMap:PersistentLevel.SideScrollerExampleMap'
[2016.04.20-12.48.30:030][384]LogBlueprintUserMessages: Late EndPlayMap Detection: Level '/Game/ToyProjectContent/Maps/SideScrollerExampleMap.SideScrollerExampleMap:PersistentLevel' has LevelScriptBlueprint '/Game/ToyProjectContent/Maps/SideScrollerExampleMap.SideScrollerExampleMap:PersistentLevel.SideScrollerExampleMap' with GeneratedClass '/Game/ToyProjectContent/Maps/SideScrollerExampleMap.SideScrollerExampleMap_C' with ClassGeneratedBy '/Game/ToyProjectContent/Maps/SideScrollerExampleMap.SideScrollerExampleMap:PersistentLevel.SideScrollerExampleMap'
[2016.04.20-12.48.31:564][413]Cmd: QUIT_EDITOR
[2016.04.20-12.48.31:821][413]LogWindowsTextInputMethodSystem:Display: IME system now deactivated.
[2016.04.20-12.48.31:868][413]LogExit: Preparing to exit.
[2016.04.20-12.48.32:724][413]LogExit: Editor shut down
[2016.04.20-12.48.32:724][413]LogExit: Transaction tracking system shut down
[2016.04.20-12.48.32:883][413]LogObj: Freed 0b from 0 cluster array pools.
[2016.04.20-12.48.32:883][413]LogExit: Object subsystem successfully closed.
[2016.04.20-12.48.32:894][413]LogD3D11RHI: Shutdown
[2016.04.20-12.48.32:894][413]LogD3D11RHI: CleanupD3DDevice
[2016.04.20-12.48.32:960][413]LogD3D11RHI: ~FD3D11DynamicRHI
[2016.04.20-12.48.33:039][413]LogDerivedDataCache: Shutdown
[2016.04.20-12.48.33:039][413]LogModuleManager: Shutting down and abandoning module BlueprintGraph (207)
[2016.04.20-12.48.33:039][413]LogModuleManager: Shutting down and abandoning module ExternalImagePicker (206)
[2016.04.20-12.48.33:039][413]LogModuleManager: Shutting down and abandoning module MovieSceneCapture (205)
[2016.04.20-12.48.33:039][413]LogModuleManager: Shutting down and abandoning module HierarchicalLODOutliner (204)
[2016.04.20-12.48.33:039][413]LogModuleManager: Shutting down and abandoning module CrashTracker (203)
[2016.04.20-12.48.33:039][413]LogModuleManager: Shutting down and abandoning module SceneOutliner (202)
[2016.04.20-12.48.33:039][413]LogModuleManager: Shutting down and abandoning module SuperSearch (201)
[2016.04.20-12.48.33:039][413]LogModuleManager: Shutting down and abandoning module WidgetCarousel (200)
[2016.04.20-12.48.33:039][413]LogModuleManager: Shutting down and abandoning module AddContentDialog (199)
[2016.04.20-12.48.33:040][413]LogModuleManager: Shutting down and abandoning module GameplayTags (198)
[2016.04.20-12.48.33:040][413]LogModuleManager: Shutting down and abandoning module EditorWidgets (197)
[2016.04.20-12.48.33:040][413]LogModuleManager: Shutting down and abandoning module CollectionManager (196)
[2016.04.20-12.48.33:040][413]LogModuleManager: Shutting down and abandoning module StatsViewer (195)
[2016.04.20-12.48.33:040][413]LogModuleManager: Shutting down and abandoning module FoliageEdit (194)
[2016.04.20-12.48.33:040][413]LogModuleManager: Shutting down and abandoning module LandscapeEditor (193)
[2016.04.20-12.48.33:041][413]LogModuleManager: Shutting down and abandoning module ActorPickerMode (192)
[2016.04.20-12.48.33:041][413]LogModuleManager: Shutting down and abandoning module GeometryMode (191)
[2016.04.20-12.48.33:041][413]LogModuleManager: Shutting down and abandoning module TextureAlignMode (190)
[2016.04.20-12.48.33:041][413]LogModuleManager: Shutting down and abandoning module BspMode (189)
[2016.04.20-12.48.33:041][413]LogModuleManager: Shutting down and abandoning module PlacementMode (188)
[2016.04.20-12.48.33:041][413]LogModuleManager: Shutting down and abandoning module AutomationWorker (187)
[2016.04.20-12.48.33:041][413]LogModuleManager: Shutting down and abandoning module CharacterAI (186)
[2016.04.20-12.48.33:041][413]LogModuleManager: Shutting down and abandoning module SmartSnapping (185)
[2016.04.20-12.48.33:041][413]LogModuleManager: Shutting down and abandoning module ViewportSnapping (184)
[2016.04.20-12.48.33:041][413]LogModuleManager: Shutting down and abandoning module LogVisualizer (183)
[2016.04.20-12.48.33:041][413]LogModuleManager: Shutting down and abandoning module GameProjectGeneration (182)
[2016.04.20-12.48.33:041][413]LogModuleManager: Shutting down and abandoning module IntroTutorials (181)
[2016.04.20-12.48.33:041][413]LogModuleManager: Shutting down and abandoning module EditorLiveStreaming (180)
[2016.04.20-12.48.33:041][413]LogModuleManager: Shutting down and abandoning module IOSPlatformEditor (179)
[2016.04.20-12.48.33:041][413]LogModuleManager: Shutting down and abandoning module HTML5PlatformEditor (178)
[2016.04.20-12.48.33:041][413]LogModuleManager: Shutting down and abandoning module AndroidDeviceDetection (177)
[2016.04.20-12.48.33:475][413]LogModuleManager: Shutting down and abandoning module AndroidPlatformEditor (176)
[2016.04.20-12.48.33:475][413]LogModuleManager: Shutting down and abandoning module IOSRuntimeSettings (175)
[2016.04.20-12.48.33:475][413]LogModuleManager: Shutting down and abandoning module AndroidRuntimeSettings (174)
[2016.04.20-12.48.33:475][413]LogModuleManager: Shutting down and abandoning module MergeActors (173)
[2016.04.20-12.48.33:475][413]LogModuleManager: Shutting down and abandoning module SizeMap (172)
[2016.04.20-12.48.33:475][413]LogModuleManager: Shutting down and abandoning module TreeMap (171)
[2016.04.20-12.48.33:475][413]LogModuleManager: Shutting down and abandoning module ReferenceViewer (170)
[2016.04.20-12.48.33:475][413]LogModuleManager: Shutting down and abandoning module LocalizationService (169)
[2016.04.20-12.48.33:475][413]LogModuleManager: Shutting down and abandoning module LocalizationDashboard (168)
[2016.04.20-12.48.33:475][413]LogModuleManager: Shutting down and abandoning module HardwareTargeting (167)
[2016.04.20-12.48.33:475][413]LogModuleManager: Shutting down and abandoning module DeviceProfileEditor (166)
[2016.04.20-12.48.33:475][413]LogModuleManager: Shutting down and abandoning module UndoHistory (165)
[2016.04.20-12.48.33:475][413]LogModuleManager: Shutting down and abandoning module UserFeedback (164)
[2016.04.20-12.48.33:475][413]LogModuleManager: Shutting down and abandoning module XmlParser (163)
[2016.04.20-12.48.33:475][413]LogModuleManager: Shutting down and abandoning module Blutility (162)
[2016.04.20-12.48.33:475][413]LogModuleManager: Shutting down and abandoning module ProjectTargetPlatformEditor (161)
[2016.04.20-12.48.33:475][413]LogModuleManager: Shutting down and abandoning module ProjectSettingsViewer (160)
[2016.04.20-12.48.33:475][413]LogModuleManager: Shutting down and abandoning module InputBindingEditor (159)
[2016.04.20-12.48.33:475][413]LogModuleManager: Shutting down and abandoning module EditorSettingsViewer (158)
[2016.04.20-12.48.33:475][413]LogModuleManager: Shutting down and abandoning module SettingsEditor (157)
[2016.04.20-12.48.33:475][413]LogModuleManager: Shutting down and abandoning module ProjectLauncher (156)
[2016.04.20-12.48.33:475][413]LogModuleManager: Shutting down and abandoning module SessionFrontend (155)
[2016.04.20-12.48.33:475][413]LogModuleManager: Shutting down and abandoning module ProfilerClient (154)
[2016.04.20-12.48.33:475][413]LogModuleManager: Shutting down and abandoning module TargetDeviceServices (153)
[2016.04.20-12.48.33:475][413]LogModuleManager: Shutting down and abandoning module DeviceManager (152)
[2016.04.20-12.48.33:506][413]LogModuleManager: Shutting down and abandoning module AutomationController (151)
[2016.04.20-12.48.33:506][413]LogModuleManager: Shutting down and abandoning module AutomationWindow (150)
[2016.04.20-12.48.33:506][413]LogModuleManager: Shutting down and abandoning module Layers (149)
[2016.04.20-12.48.33:506][413]LogModuleManager: Shutting down and abandoning module ComponentVisualizers (148)
[2016.04.20-12.48.33:506][413]LogModuleManager: Shutting down and abandoning module DetailCustomizations (147)
[2016.04.20-12.48.33:506][413]LogModuleManager: Shutting down and abandoning module PackagesDialog (146)
[2016.04.20-12.48.33:506][413]LogModuleManager: Shutting down and abandoning module Persona (145)
[2016.04.20-12.48.33:506][413]LogModuleManager: Shutting down and abandoning module Kismet (144)
[2016.04.20-12.48.33:506][413]LogModuleManager: Shutting down and abandoning module GraphEditor (143)
[2016.04.20-12.48.33:506][413]LogModuleManager: Shutting down and abandoning module ClassViewer (142)
[2016.04.20-12.48.33:506][413]LogModuleManager: Shutting down and abandoning module Toolbox (141)
[2016.04.20-12.48.33:506][413]LogModuleManager: Shutting down and abandoning module ModuleUI (140)
[2016.04.20-12.48.33:506][413]LogModuleManager: Shutting down and abandoning module MovieSceneTools (139)
[2016.04.20-12.48.33:506][413]LogModuleManager: Shutting down and abandoning module OutputLog (138)
[2016.04.20-12.48.33:506][413]LogModuleManager: Shutting down and abandoning module GammaUI (137)
[2016.04.20-12.48.33:506][413]LogModuleManager: Shutting down and abandoning module Documentation (136)
[2016.04.20-12.48.33:506][413]LogModuleManager: Shutting down and abandoning module StreamingPauseRendering (135)
[2016.04.20-12.48.33:506][413]LogModuleManager: Shutting down and abandoning module AnalyticsET (134)
[2016.04.20-12.48.33:506][413]LogModuleManager: Shutting down and abandoning module Analytics (133)
[2016.04.20-12.48.33:506][413]LogModuleManager: Shutting down and abandoning module PortalServices (132)
[2016.04.20-12.48.33:506][413]LogModuleManager: Shutting down and abandoning module PortalRpc (131)
[2016.04.20-12.48.33:506][413]LogModuleManager: Shutting down and abandoning module MessagingRpc (130)
[2016.04.20-12.48.33:506][413]LogModuleManager: Shutting down and abandoning module AITestSuite (129)
[2016.04.20-12.48.33:506][413]LogModuleManager: Shutting down and abandoning module GameplayDebugger (128)
[2016.04.20-12.48.33:506][413]LogModuleManager: Shutting down and abandoning module AIModule (127)
[2016.04.20-12.48.33:506][413]LogModuleManager: Shutting down and abandoning module ProfilerService (126)
[2016.04.20-12.48.33:568][413]LogModuleManager: Shutting down and abandoning module TaskGraph (125)
[2016.04.20-12.48.33:568][413]LogModuleManager: Shutting down and abandoning module SlateRemote (124)
[2016.04.20-12.48.33:568][413]LogModuleManager: Shutting down and abandoning module SteamVRController (123)
[2016.04.20-12.48.33:568][413]LogModuleManager: Shutting down and abandoning module SteamVR (122)
[2016.04.20-12.48.33:568][413]LogModuleManager: Shutting down and abandoning module ProceduralMeshComponent (121)
[2016.04.20-12.48.33:568][413]LogModuleManager: Shutting down and abandoning module OculusLibrary (120)
[2016.04.20-12.48.33:568][413]LogModuleManager: Shutting down and abandoning module OculusInput (119)
[2016.04.20-12.48.33:568][413]LogModuleManager: Shutting down and abandoning module CustomMeshComponent (118)
[2016.04.20-12.48.33:568][413]LogModuleManager: Shutting down and abandoning module CableComponent (117)
[2016.04.20-12.48.33:568][413]LogModuleManager: Shutting down and abandoning module ArchVisCharacter (116)
[2016.04.20-12.48.33:568][413]LogModuleManager: Shutting down and abandoning module MediaPlayerEditor (115)
[2016.04.20-12.48.33:569][413]LogModuleManager: Shutting down and abandoning module HTML5Networking (114)
[2016.04.20-12.48.33:569][413]LogModuleManager: Shutting down and abandoning module SpeedTreeImporter (113)
[2016.04.20-12.48.33:569][413]LogModuleManager: Shutting down and abandoning module PluginBrowser (112)
[2016.04.20-12.48.33:569][413]LogModuleManager: Shutting down and abandoning module EpicSurvey (111)
[2016.04.20-12.48.33:569][413]LogModuleManager: Shutting down and abandoning module DesktopPlatform (110)
[2016.04.20-12.48.33:569][413]LogModuleManager: Shutting down and abandoning module VisualStudioSourceCodeAccess (109)
[2016.04.20-12.48.33:569][413]LogModuleManager: Shutting down and abandoning module UObjectPlugin (108)
[2016.04.20-12.48.33:569][413]LogModuleManager: Shutting down and abandoning module SubversionSourceControl (107)
[2016.04.20-12.48.33:569][413]LogModuleManager: Shutting down and abandoning module PerforceSourceControl (106)
[2016.04.20-12.48.33:569][413]LogModuleManager: Shutting down and abandoning module SourceControl (105)
[2016.04.20-12.48.33:569][413]LogModuleManager: Shutting down and abandoning module GitSourceControl (104)
[2016.04.20-12.48.33:569][413]LogModuleManager: Shutting down and abandoning module LightPropagationVolumeEditor (103)
[2016.04.20-12.48.33:569][413]LogModuleManager: Shutting down and abandoning module PaperTiledImporter (102)
[2016.04.20-12.48.33:569][413]LogModuleManager: Shutting down and abandoning module PaperSpriteSheetImporter (101)
[2016.04.20-12.48.33:569][413]LogModuleManager: Shutting down and abandoning module MeshPaint (100)
[2016.04.20-12.48.33:569][413]LogModuleManager: Shutting down and abandoning module HotReload (99)
[2016.04.20-12.48.33:570][413]LogModuleManager: Shutting down and abandoning module MainFrame (98)
[2016.04.20-12.48.33:570][413]LogModuleManager: Shutting down and abandoning module LevelEditor (97)
[2016.04.20-12.48.33:571][413]LogModuleManager: Shutting down and abandoning module DirectoryWatcher (96)
[2016.04.20-12.48.33:572][413]LogModuleManager: Shutting down and abandoning module AssetRegistry (95)
[2016.04.20-12.48.33:679][413]LogModuleManager: Shutting down and abandoning module ContentBrowser (94)
[2016.04.20-12.48.33:680][413]LogModuleManager: Shutting down and abandoning module Paper2DEditor (93)
[2016.04.20-12.48.33:680][413]LogModuleManager: Shutting down and abandoning module UdpMessaging (92)
[2016.04.20-12.48.33:780][413]LogModuleManager: Shutting down and abandoning module LightPropagationVolumeRuntime (91)
[2016.04.20-12.48.33:780][413]LogModuleManager: Shutting down and abandoning module Paper2D (90)
[2016.04.20-12.48.33:780][413]LogModuleManager: Shutting down and abandoning module WindowsMoviePlayer (89)
[2016.04.20-12.48.33:780][413]LogModuleManager: Shutting down and abandoning module Media (88)
[2016.04.20-12.48.33:780][413]LogModuleManager: Shutting down and abandoning module WmfMedia (87)
[2016.04.20-12.48.33:780][413]LogModuleManager: Shutting down and abandoning module MediaAssets (86)
[2016.04.20-12.48.33:780][413]LogModuleManager: Shutting down and abandoning module GameLiveStreaming (85)
[2016.04.20-12.48.33:780][413]LogModuleManager: Shutting down and abandoning module GameplayTagsEditor (84)
[2016.04.20-12.48.33:780][413]LogModuleManager: Shutting down and abandoning module OnlineBlueprintSupport (83)
[2016.04.20-12.48.33:780][413]LogModuleManager: Shutting down and abandoning module GameplayTasksEditor (82)
[2016.04.20-12.48.33:780][413]LogModuleManager: Shutting down and abandoning module PropertyEditor (81)
[2016.04.20-12.48.33:780][413]LogModuleManager: Shutting down and abandoning module BehaviorTreeEditor (80)
[2016.04.20-12.48.33:780][413]LogModuleManager: Shutting down and abandoning module FunctionalTesting (79)
[2016.04.20-12.48.33:780][413]LogModuleManager: Shutting down and abandoning module CollisionAnalyzer (78)
[2016.04.20-12.48.33:780][413]LogModuleManager: Shutting down and abandoning module WorkspaceMenuStructure (77)
[2016.04.20-12.48.33:780][413]LogModuleManager: Shutting down and abandoning module MessageLog (76)
[2016.04.20-12.48.33:780][413]LogModuleManager: Shutting down and abandoning module Sequencer (75)
[2016.04.20-12.48.33:780][413]LogModuleManager: Shutting down and abandoning module AssetTools (74)
[2016.04.20-12.48.33:780][413]LogModuleManager: Shutting down and abandoning module UMGEditor (73)
[2016.04.20-12.48.33:780][413]LogModuleManager: Shutting down and abandoning module UMG (72)
[2016.04.20-12.48.33:780][413]LogModuleManager: Shutting down and abandoning module SlateReflector (71)
[2016.04.20-12.48.33:780][413]LogModuleManager: Shutting down and abandoning module Slate (70)
[2016.04.20-12.48.33:780][413]LogModuleManager: Shutting down and abandoning module EditorStyle (69)
[2016.04.20-12.48.33:782][413]LogModuleManager: Shutting down and abandoning module SessionServices (68)
[2016.04.20-12.48.33:782][413]LogModuleManager: Shutting down and abandoning module SourceCodeAccess (67)
[2016.04.20-12.48.33:782][413]LogModuleManager: Shutting down and abandoning module HeadMountedDisplay (66)
[2016.04.20-12.48.33:782][413]LogModuleManager: Shutting down and abandoning module XAudio2 (65)
[2016.04.20-12.48.33:782][413]LogModuleManager: Shutting down and abandoning module Networking (63)
[2016.04.20-12.48.33:782][413]LogModuleManager: Shutting down and abandoning module Core (62)
[2016.04.20-12.48.33:782][413]LogModuleManager: Shutting down and abandoning module KismetCompiler (61)
[2016.04.20-12.48.33:782][413]LogModuleManager: Shutting down and abandoning module PhysXFormats (60)
[2016.04.20-12.48.33:782][413]LogModuleManager: Shutting down and abandoning module MeshUtilities (59)
[2016.04.20-12.48.33:783][413]LogModuleManager: Shutting down and abandoning module CookingStats (58)
[2016.04.20-12.48.33:783][413]LogModuleManager: Shutting down and abandoning module DerivedDataCache (57)
[2016.04.20-12.48.33:783][413]LogDerivedDataCache: Shutdown
[2016.04.20-12.48.33:783][413]LogModuleManager: Shutting down and abandoning module ShaderFormatOpenGL (56)
[2016.04.20-12.48.33:783][413]LogModuleManager: Shutting down and abandoning module ShaderFormatD3D (55)
[2016.04.20-12.48.33:783][413]LogModuleManager: Shutting down and abandoning module MetalShaderFormat (54)
[2016.04.20-12.48.33:783][413]LogModuleManager: Shutting down and abandoning module TextureFormatUncompressed (53)
[2016.04.20-12.48.33:783][413]LogModuleManager: Shutting down and abandoning module TextureFormatPVR (52)
[2016.04.20-12.48.33:783][413]LogModuleManager: Shutting down and abandoning module TextureFormatIntelISPCTexComp (51)
[2016.04.20-12.48.33:783][413]LogModuleManager: Shutting down and abandoning module TextureFormatDXT (50)
[2016.04.20-12.48.33:783][413]LogModuleManager: Shutting down and abandoning module ImageWrapper (49)
[2016.04.20-12.48.33:783][413]LogModuleManager: Shutting down and abandoning module TextureFormatASTC (48)
[2016.04.20-12.48.33:783][413]LogModuleManager: Shutting down and abandoning module TextureFormatAndroid (47)
[2016.04.20-12.48.33:783][413]LogModuleManager: Shutting down and abandoning module AudioFormatOpus (46)
[2016.04.20-12.48.33:783][413]LogModuleManager: Shutting down and abandoning module AudioFormatOgg (45)
[2016.04.20-12.48.33:783][413]LogModuleManager: Shutting down and abandoning module AudioFormatADPCM (44)
[2016.04.20-12.48.33:783][413]LogModuleManager: Shutting down and abandoning module LinuxTargetPlatform (43)
[2016.04.20-12.48.33:783][413]LogModuleManager: Shutting down and abandoning module LinuxServerTargetPlatform (42)
[2016.04.20-12.48.33:783][413]LogModuleManager: Shutting down and abandoning module LinuxNoEditorTargetPlatform (41)
[2016.04.20-12.48.33:783][413]LogModuleManager: Shutting down and abandoning module TVOSTargetPlatform (40)
[2016.04.20-12.48.33:783][413]LogModuleManager: Shutting down and abandoning module Messaging (39)
[2016.04.20-12.48.33:783][413]LogModuleManager: Shutting down and abandoning module IOSTargetPlatform (38)
[2016.04.20-12.48.33:783][413]LogModuleManager: Shutting down and abandoning module HTML5TargetPlatform (37)
[2016.04.20-12.48.33:783][413]LogModuleManager: Shutting down and abandoning module Android_PVRTCTargetPlatform (36)
[2016.04.20-12.48.33:783][413]LogModuleManager: Shutting down and abandoning module Android_MultiTargetPlatform (35)
[2016.04.20-12.48.33:783][413]LogModuleManager: Shutting down and abandoning module Android_ETC2TargetPlatform (34)
[2016.04.20-12.48.33:783][413]LogModuleManager: Shutting down and abandoning module Android_ETC1TargetPlatform (33)
[2016.04.20-12.48.33:783][413]LogModuleManager: Shutting down and abandoning module Android_DXTTargetPlatform (32)
[2016.04.20-12.48.33:783][413]LogModuleManager: Shutting down and abandoning module Android_ATCTargetPlatform (31)
[2016.04.20-12.48.33:783][413]LogModuleManager: Shutting down and abandoning module Android_ASTCTargetPlatform (30)
[2016.04.20-12.48.33:783][413]LogModuleManager: Shutting down and abandoning module AndroidTargetPlatform (29)
[2016.04.20-12.48.33:783][413]LogModuleManager: Shutting down and abandoning module WindowsTargetPlatform (28)
[2016.04.20-12.48.33:783][413]LogModuleManager: Shutting down and abandoning module WindowsServerTargetPlatform (27)
[2016.04.20-12.48.33:783][413]LogModuleManager: Shutting down and abandoning module WindowsNoEditorTargetPlatform (26)
[2016.04.20-12.48.33:783][413]LogModuleManager: Shutting down and abandoning module WindowsClientTargetPlatform (25)
[2016.04.20-12.48.33:783][413]LogModuleManager: Shutting down and abandoning module AllDesktopTargetPlatform (24)
[2016.04.20-12.48.33:783][413]LogModuleManager: Shutting down and abandoning module TargetPlatform (23)
[2016.04.20-12.48.33:783][413]LogModuleManager: Shutting down and abandoning module InputCore (22)
[2016.04.20-12.48.33:783][413]LogModuleManager: Shutting down and abandoning module Settings (21)
[2016.04.20-12.48.33:783][413]LogModuleManager: Shutting down and abandoning module OnlineSubsystem (19)
[2016.04.20-12.48.33:783][413]LogModuleManager: Shutting down and abandoning module HTTP (18)
[2016.04.20-12.48.34:785][413]LogModuleManager: Shutting down and abandoning module XMPP (17)
[2016.04.20-12.48.34:785][413]LogModuleManager: Shutting down and abandoning module OculusRift (16)
[2016.04.20-12.48.34:785][413]LogModuleManager: Shutting down and abandoning module ExampleDeviceProfileSelector (15)
[2016.04.20-12.48.34:785][413]LogModuleManager: Shutting down and abandoning module TextureCompressor (14)
[2016.04.20-12.48.34:785][413]LogModuleManager: Shutting down and abandoning module ShaderCore (13)
[2016.04.20-12.48.34:785][413]LogModuleManager: Shutting down and abandoning module Landscape (12)
[2016.04.20-12.48.34:785][413]LogModuleManager: Shutting down and abandoning module SlateRHIRenderer (11)
[2016.04.20-12.48.34:787][413]LogModuleManager: Shutting down and abandoning module OpenGLDrv (10)
[2016.04.20-12.48.34:787][413]LogModuleManager: Shutting down and abandoning module D3D11RHI (9)
[2016.04.20-12.48.34:787][413]LogModuleManager: Shutting down and abandoning module AnimGraphRuntime (8)
[2016.04.20-12.48.34:787][413]LogModuleManager: Shutting down and abandoning module Renderer (7)
[2016.04.20-12.48.34:787][413]LogModuleManager: Shutting down and abandoning module Engine (6)
[2016.04.20-12.48.34:787][413]LogModuleManager: Shutting down and abandoning module CoreUObject (5)
[2016.04.20-12.48.34:787][413]LogModuleManager: Shutting down and abandoning module NetworkFile (4)
[2016.04.20-12.48.34:787][413]LogModuleManager: Shutting down and abandoning module StreamingFile (3)
[2016.04.20-12.48.34:787][413]LogModuleManager: Shutting down and abandoning module SandboxFile (2)
[2016.04.20-12.48.34:787][413]LogModuleManager: Shutting down and abandoning module PakFile (1)
[2016.04.20-12.48.34:790][413]LogExit: Exiting.
[2016.04.20-12.48.34:812][413]Log file closed, 04/20/16 14:48:34
