Log file open, 04/17/16 21:04:20
LogInit:Display: Running engine for game: ToyScroller
LogPlatformFile: Not using cached read wrapper
LogInit:Display: RandInit(-1305477282) SRandInit(-1305477281).
LogTaskGraph: Started task graph with 4 named threads and 7 total threads.
LogStats: Stats thread started at 0.078651
LogInit: Version: 4.11.1-2934540+++UE4+Release-4.11
LogInit: API Version: 2927265
LogInit: Compiled (64-bit): Apr  6 2016 02:14:16
LogInit: Compiled with Visual C++: 19.00.23026.00
LogInit: Build Configuration: Development
LogInit: Branch Name: ++UE4+Release-4.11
LogInit: Command line:  /Temp/Autosaves/Game/ToyProjectContent/Maps/UEDPCSideScrollerExampleMap -game -PIEVIACONSOLE -ResX=1280 -ResY=720  -Multiprocess -messaging -SessionName="Play in Standalone Game" 
LogInit: Base directory: D:/Program Files/Epic Games/4.11/Engine/Binaries/Win64/
LogInit: Installed Engine Build: 1
LogInit: Using libcurl 7.41.0
LogInit:  - built for x86_64-pc-win32
LogInit:  - supports SSL with WinSSL
LogInit:  - other features:
LogInit:      CURL_VERSION_SSL
LogInit:      CURL_VERSION_IPV6
LogInit:      CURL_VERSION_ASYNCHDNS
LogInit:      CURL_VERSION_LARGEFILE
LogInit:      CURL_VERSION_IDN
LogInit:  CurlRequestOptions (configurable via config and command line):
LogInit:  - bVerifyPeer = true  - Libcurl will verify peer certificate
LogInit:  - bUseHttpProxy = false  - Libcurl will NOT use HTTP proxy
LogInit:  - bDontReuseConnections = false  - Libcurl will reuse connections
LogInit:  - CertBundlePath = nullptr  - Libcurl will use whatever was configured at build time.
LogInit: Presizing for max 16777216 objects, including 0 objects not considered by GC, pre-allocating 0 bytes for permanent pool.
LogInit: Object subsystem initialized
[2016.04.17-19.04.20:340][  0]LogInit: Selected Device Profile: [Windows]
[2016.04.17-19.04.20:340][  0]LogInit: Applying CVar settings loaded from the selected device profile: [Windows]
[2016.04.17-19.04.20:344][  0]LogInit: Computer: DESKTOP-E7MBVHS
[2016.04.17-19.04.20:344][  0]LogInit: User: GonzaloBernal
[2016.04.17-19.04.20:344][  0]LogInit: CPU Page size=65536, Cores=4
[2016.04.17-19.04.20:344][  0]LogInit: High frequency timer resolution =3.117918 MHz
[2016.04.17-19.04.20:344][  0]LogMemory: Memory total: Physical=7.9GB (8GB approx)
[2016.04.17-19.04.20:344][  0]LogMemory: Platform Memory Stats for Windows
[2016.04.17-19.04.20:344][  0]LogMemory: Process Physical Memory: 312.12 MB used, 312.12 MB peak
[2016.04.17-19.04.20:344][  0]LogMemory: Process Virtual Memory: 315.61 MB used, 315.61 MB peak
[2016.04.17-19.04.20:344][  0]LogMemory: Physical Memory: 5210.86 MB used, 8067.22 MB total
[2016.04.17-19.04.20:344][  0]LogMemory: Virtual Memory: 638.21 MB used, 134217728.00 MB total
[2016.04.17-19.04.20:806][  0]LogD3D11RHI: D3D11 adapters:
[2016.04.17-19.04.20:834][  0]LogD3D11RHI:    0. 'NVIDIA GeForce GTX 760' (Feature Level 11_0)
[2016.04.17-19.04.20:834][  0]LogD3D11RHI:       1989MB of dedicated video memory, 0MB of dedicated system memory, and 4033MB of shared system memory, 1 output[s]
[2016.04.17-19.04.20:839][  0]LogD3D11RHI:    1. 'Intel(R) HD Graphics' (Feature Level 11_0)
[2016.04.17-19.04.20:839][  0]LogD3D11RHI:       32MB of dedicated video memory, 0MB of dedicated system memory, and 1760MB of shared system memory, 0 output[s]
[2016.04.17-19.04.20:840][  0]LogD3D11RHI:    2. 'Microsoft Basic Render Driver' (Feature Level 11_0)
[2016.04.17-19.04.20:840][  0]LogD3D11RHI:       0MB of dedicated video memory, 0MB of dedicated system memory, and 4033MB of shared system memory, 0 output[s]
[2016.04.17-19.04.20:840][  0]LogD3D11RHI: Chosen D3D11 Adapter: 0
[2016.04.17-19.04.20:846][  0]LogD3D11RHI: Creating new Direct3DDevice
[2016.04.17-19.04.20:846][  0]LogD3D11RHI:     Adapter Name: NVIDIA GeForce GTX 760
[2016.04.17-19.04.20:846][  0]LogD3D11RHI:   Driver Version: 10.18.13.6472 (internal 10.18.13.6472)
[2016.04.17-19.04.20:846][  0]LogD3D11RHI:      Driver Date: 3-21-2016
[2016.04.17-19.04.20:846][  0]LogRHI: Texture pool is 1361 MB (70% of 1945 MB)
[2016.04.17-19.04.20:861][  0]LogD3D11RHI: Async texture creation enabled
[2016.04.17-19.04.21:350][  0]LogShaderCompilers: Guid format shader working directory is -14 characters bigger than the processId version (../../../../../../Unreal Engine Projects/ToyProject/ToyScroller/Intermediate/Shaders/WorkingDirectory/3244/).
[2016.04.17-19.04.21:350][  0]LogShaderCompilers: Cleaned the shader compiler working directory 'C:/Users/GONZAL~1/AppData/Local/Temp/UnrealShaderWorkingDir/AB95422B4FEA4CF38148B38B106EA25D/'.
[2016.04.17-19.04.21:350][  0]LogShaderCompilers:Display: Using Local Shader Compiler.
[2016.04.17-19.04.22:429][  0]LogTemp:Display: Loaded TP AllDesktopTargetPlatform
[2016.04.17-19.04.22:434][  0]LogTemp:Display: Loaded TP WindowsClientTargetPlatform
[2016.04.17-19.04.22:439][  0]LogTemp:Display: Loaded TP WindowsNoEditorTargetPlatform
[2016.04.17-19.04.22:444][  0]LogTemp:Display: Loaded TP WindowsServerTargetPlatform
[2016.04.17-19.04.22:448][  0]LogTemp:Display: Loaded TP WindowsTargetPlatform
[2016.04.17-19.04.22:452][  0]LogTemp:Display: Loaded TP AndroidTargetPlatform
[2016.04.17-19.04.22:455][  0]LogTemp:Display: Loaded TP Android_ASTCTargetPlatform
[2016.04.17-19.04.22:458][  0]LogTemp:Display: Loaded TP Android_ATCTargetPlatform
[2016.04.17-19.04.22:462][  0]LogTemp:Display: Loaded TP Android_DXTTargetPlatform
[2016.04.17-19.04.22:465][  0]LogTemp:Display: Loaded TP Android_ETC1TargetPlatform
[2016.04.17-19.04.22:471][  0]LogTemp:Display: Loaded TP Android_ETC2TargetPlatform
[2016.04.17-19.04.22:478][  0]LogTemp:Display: Loaded TP Android_MultiTargetPlatform
[2016.04.17-19.04.22:478][  0]LogTemp:Display: Loaded TP Android_PVRTCTargetPlatform
[2016.04.17-19.04.22:479][  0]LogTemp:Display: Loaded TP HTML5TargetPlatform
[2016.04.17-19.04.22:497][  0]LogTemp:Display: Loaded TP IOSTargetPlatform
[2016.04.17-19.04.22:501][  0]LogTemp:Display: Loaded TP TVOSTargetPlatform
[2016.04.17-19.04.22:505][  0]LogTemp:Display: Loaded TP LinuxNoEditorTargetPlatform
[2016.04.17-19.04.22:508][  0]LogTemp:Display: Loaded TP LinuxServerTargetPlatform
[2016.04.17-19.04.22:512][  0]LogTemp:Display: Loaded TP LinuxTargetPlatform
[2016.04.17-19.04.22:512][  0]LogTargetPlatformManager:Display: Building Assets For Windows
[2016.04.17-19.04.22:601][  0]LogDerivedDataCache:Display: Max Cache Size: 512 MB
[2016.04.17-19.04.22:652][  0]LogDerivedDataCache: Loaded boot cache 0.05s 46MB C:/Users/Gonzalo Bernal/AppData/Local/UnrealEngine/4.11/DerivedDataCache/Boot.ddc.
[2016.04.17-19.04.22:652][  0]LogDerivedDataCache:Display: Loaded Boot cache: C:/Users/Gonzalo Bernal/AppData/Local/UnrealEngine/4.11/DerivedDataCache/Boot.ddc
[2016.04.17-19.04.22:652][  0]LogDerivedDataCache: FDerivedDataBackendGraph:  Pak pak cache file ../../../../../../Unreal Engine Projects/ToyProject/ToyScroller/DerivedDataCache/DDC.ddp not found, will not use a pak cache.
[2016.04.17-19.04.22:652][  0]LogDerivedDataCache: Unable to find inner node Pak for hierarchical cache Hierarchy.
[2016.04.17-19.04.22:652][  0]LogDerivedDataCache: FDerivedDataBackendGraph:  CompressedPak pak cache file ../../../../../../Unreal Engine Projects/ToyProject/ToyScroller/DerivedDataCache/Compressed.ddp not found, will not use a pak cache.
[2016.04.17-19.04.22:652][  0]LogDerivedDataCache: Unable to find inner node CompressedPak for hierarchical cache Hierarchy.
[2016.04.17-19.04.22:668][  0]LogDerivedDataCache:Display: Pak cache opened for reading ../../../Engine/DerivedDataCache/Compressed.ddp.
[2016.04.17-19.04.22:680][  0]LogDerivedDataCache: Using Local data cache path C:/Users/Gonzalo Bernal/AppData/Local/UnrealEngine/Common/DerivedDataCache: Writable
[2016.04.17-19.04.22:923][  0]LogInit: Selected Device Profile: [Windows]
[2016.04.17-19.04.22:930][  0]LogMaterial: Uniform references updated for custom material expression Custom.
[2016.04.17-19.04.22:931][  0]LogContentStreaming: Texture pool size is 1000.00 MB
[2016.04.17-19.04.23:061][  0]LogMeshUtilities: No automatic mesh reduction module available
[2016.04.17-19.04.23:061][  0]LogMeshUtilities: No automatic mesh merging module available
[2016.04.17-19.04.23:061][  0]LogMeshUtilities: No distributed automatic mesh merging module available
[2016.04.17-19.04.23:292][  0]LogInit: WinSock: version 1.1 (2.2), MaxSocks=32767, MaxUdp=65467
[2016.04.17-19.04.23:361][  0]LogSlate: SlateFontCache - WITH_FREETYPE: 1, WITH_HARFBUZZ: 1
[2016.04.17-19.04.23:362][  0]LogSlate: SlateFontCache - WITH_FREETYPE: 1, WITH_HARFBUZZ: 1
[2016.04.17-19.04.23:556][  0]LogWindowsMoviePlayer: Unable to load movie: ../../../../../../Unreal Engine Projects/ToyProject/ToyScroller/Content/Movies/Default_Startup.mp4
[2016.04.17-19.04.23:637][  0]LogUdpMessaging: Initializing bridge on interface 0.0.0.0:0 to multicast group 230.0.0.1:6666.
[2016.04.17-19.04.23:722][  0]SourceControl: Info Source control is disabled
[2016.04.17-19.04.23:722][  0]SourceControl: Info Source control is disabled
[2016.04.17-19.04.23:738][  0]SourceControl: Info Source control is disabled
[2016.04.17-19.04.23:887][  0]LogUObjectArray: 29142 objects as part of root set at end of initial load.
[2016.04.17-19.04.23:887][  0]LogUObjectAllocator: 6065048 out of 0 bytes used by permanent object pool.
[2016.04.17-19.04.23:887][  0]LogUObjectArray: CloseDisregardForGC: 0/0 objects in disregard for GC pool
[2016.04.17-19.04.23:946][  0]LogEngine: Initializing Engine...
[2016.04.17-19.04.23:947][  0]LogHMD: SteamVR failed to initialize.  Err: 110
[2016.04.17-19.04.23:948][  0]LogHMD: SteamVR failed to initialize.  Err: 110
[2016.04.17-19.04.24:090][  0]LogInit: XAudio2 using 'Altavoces (Dispositivo de High Definition Audio)' : 2 channels at 44.1 kHz using 16 bits per sample (channel mask 0x3)
[2016.04.17-19.04.24:101][  0]LogInit: FAudioDevice initialized.
[2016.04.17-19.04.24:105][  0]LogInit: Texture streaming: Enabled
[2016.04.17-19.04.24:272][  0]LogNet: Browse: /Temp/Autosaves/Game/ToyProjectContent/Maps/UEDPCSideScrollerExampleMap?Name=Player
[2016.04.17-19.04.24:300][  0]LogLoad: LoadMap: /Temp/Autosaves/Game/ToyProjectContent/Maps/UEDPCSideScrollerExampleMap?Name=Player
[2016.04.17-19.04.24:447][  0]LogMemory: Platform Memory Stats for Windows
[2016.04.17-19.04.24:447][  0]LogMemory: Process Physical Memory: 669.99 MB used, 670.00 MB peak
[2016.04.17-19.04.24:447][  0]LogMemory: Process Virtual Memory: 787.00 MB used, 787.00 MB peak
[2016.04.17-19.04.24:447][  0]LogMemory: Physical Memory: 5482.11 MB used, 8067.22 MB total
[2016.04.17-19.04.24:447][  0]LogMemory: Virtual Memory: 1346.97 MB used, 134217728.00 MB total
[2016.04.17-19.04.24:447][  0]LogMemory: 
[2016.04.17-19.04.24:447][  0]Allocator Stats for TBB: (not implemented)
[2016.04.17-19.04.24:574][  0]LogLinker:Warning: CreateImport: Failed to load Outer for resource 'Arrow': SideScrollerCharacter_C /Game/ToyProjectContent/Blueprints/SideScrollerCharacter.Default__SideScrollerCharacter_C
[2016.04.17-19.04.24:811][  0]LogAIModule: Creating AISystem for world SideScrollerExampleMap
[2016.04.17-19.04.24:811][  0]LogLinker:Warning: Can't find file '/Game/SideScrollerBP/Blueprints/SideScrollerGameMode'
[2016.04.17-19.04.24:811][  0]LogUObjectGlobals:Warning: Failed to load '/Game/SideScrollerBP/Blueprints/SideScrollerGameMode': Can't find file '/Game/SideScrollerBP/Blueprints/SideScrollerGameMode'
[2016.04.17-19.04.24:811][  0]LogLinker:Warning: Can't find file '/Game/SideScrollerBP/Blueprints/SideScrollerGameMode'
[2016.04.17-19.04.24:811][  0]LogUObjectGlobals:Warning: Failed to load '/Game/SideScrollerBP/Blueprints/SideScrollerGameMode': Can't find file '/Game/SideScrollerBP/Blueprints/SideScrollerGameMode'
[2016.04.17-19.04.24:811][  0]LogUObjectGlobals:Warning: Failed to find object 'Class /Game/SideScrollerBP/Blueprints/SideScrollerGameMode.SideScrollerGameMode_C'
[2016.04.17-19.04.24:811][  0]LogWorld: Game class is 'GameMode'
[2016.04.17-19.04.24:816][  0]LogWorld: Bringing World /Temp/Autosaves/Game/ToyProjectContent/Maps/UEDPCSideScrollerExampleMap.SideScrollerExampleMap up for play (max tick rate 0) at 2016.04.17-21.04.24
[2016.04.17-19