Log file open, 04/17/16 20:06:40
LogInit:Display: Running engine for game: ToyScroller
LogPlatformFile: Not using cached read wrapper
LogInit:Display: RandInit(787124165) SRandInit(787124170).
LogTaskGraph: Started task graph with 4 named threads and 7 total threads.
LogStats: Stats thread started at 0.847897
LogInit: Version: 4.11.1-2934540+++UE4+Release-4.11
LogInit: API Version: 2927265
LogInit: Compiled (64-bit): Apr  6 2016 02:14:16
LogInit: Compiled with Visual C++: 19.00.23026.00
LogInit: Build Configuration: Development
LogInit: Branch Name: ++UE4+Release-4.11
LogInit: Command line:  
LogInit: Base directory: D:/Program Files/Epic Games/4.11/Engine/Binaries/Win64/
LogInit: Installed Engine Build: 1
LogInit: Using libcurl 7.41.0
LogInit:  - built for x86_64-pc-win32
LogInit:  - supports SSL with WinSSL
LogInit:  - other features:
LogInit:      CURL_VERSION_SSL
LogInit:      CURL_VERSION_IPV6
LogInit:      CURL_VERSION_ASYNCHDNS
LogInit:      CURL_VERSION_LARGEFILE
LogInit:      CURL_VERSION_IDN
LogInit:  CurlRequestOptions (configurable via config and command line):
LogInit:  - bVerifyPeer = true  - Libcurl will verify peer certificate
LogInit:  - bUseHttpProxy = false  - Libcurl will NOT use HTTP proxy
LogInit:  - bDontReuseConnections = false  - Libcurl will reuse connections
LogInit:  - CertBundlePath = nullptr  - Libcurl will use whatever was configured at build time.
LogInit: Presizing for max 16777216 objects, including 0 objects not considered by GC, pre-allocating 0 bytes for permanent pool.
LogInit: Object subsystem initialized
[2016.04.17-18.06.40:585][  0]LogInit: Selected Device Profile: [Windows]
[2016.04.17-18.06.40:585][  0]LogInit: Applying CVar settings loaded from the selected device profile: [Windows]
[2016.04.17-18.06.40:603][  0]LogInit: Computer: DESKTOP-E7MBVHS
[2016.04.17-18.06.40:603][  0]LogInit: User: GonzaloBernal
[2016.04.17-18.06.40:603][  0]LogInit: CPU Page size=65536, Cores=4
[2016.04.17-18.06.40:603][  0]LogInit: High frequency timer resolution =3.117918 MHz
[2016.04.17-18.06.40:603][  0]LogMemory: Memory total: Physical=7.9GB (8GB approx)
[2016.04.17-18.06.40:603][  0]LogMemory: Platform Memory Stats for Windows
[2016.04.17-18.06.40:603][  0]LogMemory: Process Physical Memory: 313.02 MB used, 313.02 MB peak
[2016.04.17-18.06.40:603][  0]LogMemory: Process Virtual Memory: 313.56 MB used, 313.56 MB peak
[2016.04.17-18.06.40:603][  0]LogMemory: Physical Memory: 4942.68 MB used, 8067.22 MB total
[2016.04.17-18.06.40:603][  0]LogMemory: Virtual Memory: 636.21 MB used, 134217728.00 MB total
[2016.04.17-18.06.41:201][  0]LogD3D11RHI: D3D11 adapters:
[2016.04.17-18.06.41:245][  0]LogD3D11RHI:    0. 'NVIDIA GeForce GTX 760' (Feature Level 11_0)
[2016.04.17-18.06.41:245][  0]LogD3D11RHI:       1989MB of dedicated video memory, 0MB of dedicated system memory, and 4033MB of shared system memory, 1 output[s]
[2016.04.17-18.06.41:249][  0]LogD3D11RHI:    1. 'Intel(R) HD Graphics' (Feature Level 11_0)
[2016.04.17-18.06.41:249][  0]LogD3D11RHI:       32MB of dedicated video memory, 0MB of dedicated system memory, and 1760MB of shared system memory, 0 output[s]
[2016.04.17-18.06.41:251][  0]LogD3D11RHI:    2. 'Microsoft Basic Render Driver' (Feature Level 11_0)
[2016.04.17-18.06.41:251][  0]LogD3D11RHI:       0MB of dedicated video memory, 0MB of dedicated system memory, and 4033MB of shared system memory, 0 output[s]
[2016.04.17-18.06.41:251][  0]LogD3D11RHI: Chosen D3D11 Adapter: 0
[2016.04.17-18.06.41:255][  0]LogD3D11RHI: Creating new Direct3DDevice
[2016.04.17-18.06.41:255][  0]LogD3D11RHI:     Adapter Name: NVIDIA GeForce GTX 760
[2016.04.17-18.06.41:255][  0]LogD3D11RHI:   Driver Version: 10.18.13.6472 (internal 10.18.13.6472)
[2016.04.17-18.06.41:255][  0]LogD3D11RHI:      Driver Date: 3-21-2016
[2016.04.17-18.06.41:255][  0]LogRHI: Texture pool is 1361 MB (70% of 1945 MB)
[2016.04.17-18.06.41:271][  0]LogD3D11RHI: Async texture creation enabled
[2016.04.17-18.06.41:843][  0]LogShaderCompilers: Guid format shader working directory is -15 characters bigger than the processId version (../../../../../../Unreal Engine Projects/ToyProject/ToyScroller/Intermediate/Shaders/WorkingDirectory/10916/).
[2016.04.17-18.06.41:844][  0]LogShaderCompilers: Cleaned the shader compiler working directory 'C:/Users/GONZAL~1/AppData/Local/Temp/UnrealShaderWorkingDir/B63AF2A849A0DB36A5216C80CDBCF116/'.
[2016.04.17-18.06.41:844][  0]LogShaderCompilers:Display: Using Local Shader Compiler.
[2016.04.17-18.06.43:546][  0]LogTemp:Display: Loaded TP AllDesktopTargetPlatform
[2016.04.17-18.06.43:552][  0]LogTemp:Display: Loaded TP WindowsClientTargetPlatform
[2016.04.17-18.06.43:556][  0]LogTemp:Display: Loaded TP WindowsNoEditorTargetPlatform
[2016.04.17-18.06.43:562][  0]LogTemp:Display: Loaded TP WindowsServerTargetPlatform
[2016.04.17-18.06.43:579][  0]LogTemp:Display: Loaded TP WindowsTargetPlatform
[2016.04.17-18.06.43:584][  0]LogTemp:Display: Loaded TP AndroidTargetPlatform
[2016.04.17-18.06.43:587][  0]LogTemp:Display: Loaded TP Android_ASTCTargetPlatform
[2016.04.17-18.06.43:591][  0]LogTemp:Display: Loaded TP Android_ATCTargetPlatform
[2016.04.17-18.06.43:594][  0]LogTemp:Display: Loaded TP Android_DXTTargetPlatform
[2016.04.17-18.06.43:600][  0]LogTemp:Display: Loaded TP Android_ETC1TargetPlatform
[2016.04.17-18.06.43:605][  0]LogTemp:Display: Loaded TP Android_ETC2TargetPlatform
[2016.04.17-18.06.43:613][  0]LogTemp:Display: Loaded TP Android_MultiTargetPlatform
[2016.04.17-18.06.43:613][  0]LogTemp:Display: Loaded TP Android_PVRTCTargetPlatform
[2016.04.17-18.06.43:615][  0]LogTemp:Display: Loaded TP HTML5TargetPlatform
[2016.04.17-18.06.43:635][  0]LogTemp:Display: Loaded TP IOSTargetPlatform
[2016.04.17-18.06.43:638][  0]LogTemp:Display: Loaded TP TVOSTargetPlatform
[2016.04.17-18.06.43:641][  0]LogTemp:Display: Loaded TP LinuxNoEditorTargetPlatform
[2016.04.17-18.06.43:644][  0]LogTemp:Display: Loaded TP LinuxServerTargetPlatform
[2016.04.17-18.06.43:648][  0]LogTemp:Display: Loaded TP LinuxTargetPlatform
[2016.04.17-18.06.43:648][  0]LogTargetPlatformManager:Display: Building Assets For Windows
[2016.04.17-18.06.43:995][  0]LogDerivedDataCache:Display: Max Cache Size: 512 MB
[2016.04.17-18.06.44:292][  0]LogDerivedDataCache: Loaded boot cache 0.30s 46MB C:/Users/Gonzalo Bernal/AppData/Local/UnrealEngine/4.11/DerivedDataCache/Boot.ddc.
[2016.04.17-18.06.44:292][  0]LogDerivedDataCache:Display: Loaded Boot cache: C:/Users/Gonzalo Bernal/AppData/Local/UnrealEngine/4.11/DerivedDataCache/Boot.ddc
[2016.04.17-18.06.44:292][  0]LogDerivedDataCache: FDerivedDataBackendGraph:  Pak pak cache file ../../../../../../Unreal Engine Projects/ToyProject/ToyScroller/DerivedDataCache/DDC.ddp not found, will not use a pak cache.
[2016.04.17-18.06.44:292][  0]LogDerivedDataCache: Unable to find inner node Pak for hierarchical cache Hierarchy.
[2016.04.17-18.06.44:292][  0]LogDerivedDataCache: FDerivedDataBackendGraph:  CompressedPak pak cache file ../../../../../../Unreal Engine Projects/ToyProject/ToyScroller/DerivedDataCache/Compressed.ddp not found, will not use a pak cache.
[2016.04.17-18.06.44:292][  0]LogDerivedDataCache: Unable to find inner node CompressedPak for hierarchical cache Hierarchy.
[2016.04.17-18.06.44:358][  0]LogDerivedDataCache:Display: Pak cache opened for reading ../../../Engine/DerivedDataCache/Compressed.ddp.
[2016.04.17-18.06.44:369][  0]LogDerivedDataCache: Using Local data cache path C:/Users/Gonzalo Bernal/AppData/Local/UnrealEngine/Common/DerivedDataCache: Writable
[2016.04.17-18.06.50:176][  0]LogInit: Selected Device Profile: [Windows]
[2016.04.17-18.06.50:198][  0]LogContentStreaming: Texture pool size is 0.00 MB
[2016.04.17-18.06.51:248][  0]LogMaterial: Uniform references updated for custom material expression Custom.
[2016.04.17-18.06.52:321][  0]LogMeshUtilities: No automatic mesh reduction module available
[2016.04.17-18.06.52:321][  0]LogMeshUtilities: No automatic mesh merging module available
[2016.04.17-18.06.52:321][  0]LogMeshUtilities: No distributed automatic mesh merging module available
[2016.04.17-18.06.55:552][  0]LogUObjectArray: 27678 objects as part of root set at end of initial load.
[2016.04.17-18.06.55:552][  0]LogUObjectAllocator: 5591384 out of 0 bytes used by permanent object pool.
[2016.04.17-18.06.55:552][  0]LogUObjectArray: CloseDisregardForGC: 0/0 objects in disregard for GC pool
[2016.04.17-18.06.55:574][  0]LogInit: WinSock: version 1.1 (2.2), MaxSocks=32767, MaxUdp=65467
[2016.04.17-18.06.57:520][  0]LogSlate: SlateFontCache - WITH_FREETYPE: 1, WITH_HARFBUZZ: 1
[2016.04.17-18.06.57:529][  0]LogSlate: SlateFontCache - WITH_FREETYPE: 1, WITH_HARFBUZZ: 1
[2016.04.17-18.06.59:919][  0]LogStreaming:Warning: Failed to read file '../../../Engine/Content/Editor/Slate/Common/Selection_16x.png' error.
[2016.04.17-18.06.59:919][  0]LogSlate: Could not find file for Slate resource: ../../../Engine/Content/Editor/Slate/Common/Selection_16x.png
[2016.04.17-18.06.59:919][  0]LogStreaming:Warning: Failed to read file '../../../Engine/Content/Editor/Slate/Common/Selection_16x.png' error.
[2016.04.17-18.06.59:919][  0]LogSlate: Could not find file for Slate resource: ../../../Engine/Content/Editor/Slate/Common/Selection_16x.png
[2016.04.17-18.06.59:920][  0]LogStreaming:Warning: Failed to read file '../../../Engine/Content/Editor/Slate/Common/Selection_16x.png' error.
[2016.04.17-18.06.59:920][  0]LogSlate: Could not find file for Slate resource: ../../../Engine/Content/Editor/Slate/Common/Selection_16x.png
[2016.04.17-18.07.09:083][  0]LogUdpMessaging: Initializing bridge on interface 0.0.0.0:0 to multicast group 230.0.0.1:6666.
[2016.04.17-18.07.10:582][  0]LogAssetRegistry: FAssetRegistry took 0.0249 seconds to start up
[2016.04.17-18.07.13:883][  0]SourceControl: Info Source control is disabled
[2016.04.17-18.07.13:964][  0]SourceControl: Info Source control is disabled
[2016.04.17-18.07.14:153][  0]SourceControl: Info Source control is disabled
[2016.04.17-18.07.14:315][  0]SourceControl: Info Source control is disabled
[2016.04.17-18.07.15:936][  0]LogEngine: Initializing Engine...
[2016.04.17-18.07.15:999][  0]LogHMD: SteamVR failed to initialize.  Err: 110
[2016.04.17-18.07.16:000][  0]LogHMD: SteamVR failed to initialize.  Err: 110
[2016.04.17-18.07.16:954][  0]LogAIModule: Creating AISystem for world NewWorld
[2016.04.17-18.07.17:122][  0]LogInit: XAudio2 using 'Altavoces (Dispositivo de High Definition Audio)' : 2 channels at 44.1 kHz using 16 bits per sample (channel mask 0x3)
[2016.04.17-18.07.17:143][  0]LogInit: FAudioDevice initialized.
[2016.04.17-18.07.17:175][  0]LogDerivedDataCache: Saved boot cache 0.03s 46MB C:/Users/Gonzalo Bernal/AppData/Local/UnrealEngine/4.11/DerivedDataCache/Boot.ddc.
[2016.04.17-18.07.17:179][  0]LogInit: Texture streaming: Enabled
[2016.04.17-18.07.17:400][  0]LogInit: Transaction tracking system initialized
[2016.04.17-18.07.17:777][  0]BlueprintLog: New page: Editor Load
[2016.04.17-18.07.18:966][  0]LocalizationService: Info Localization service is disabled
[2016.04.17-18.07.19:767][  0]LogConsoleResponse:Display: 
[2016.04.17-18.07.21:638][  0]LogFileCache: Scanning file cache for directory 'D:/Unreal Engine Projects/ToyProject/ToyScroller/Content/' took 0.03s
[2016.04.17-18.07.21:638][  0]LogCook:Display: Max memory allowance for cook 8192mb
[2016.04.17-18.07.21:638][  0]LogCook:Display: Mobile HDR setting 1
[2016.04.17-18.07.21:646][  0]LogCook:Display: Done creating registry. It took  0.00s.
[2016.04.17-18.07.23:043][  0]SourceControl: Info Source control is disabled
[2016.04.17-18.07.23:104][  0]Cmd: MAP LOAD FILE="../../../../../../Unreal Engine Projects/ToyProject/ToyScroller/Content/SideScrollerBP/Maps/SideScrollerExampleMap.umap" TEMPLATE=0 SHOWPROGRESS=1 FEATURELEVEL=3
[2016.04.17-18.07.23:136][  0]LightingResults: New page: Lighting Build
[2016.04.17-18.07.23:465][  0]MapCheck: New page: Map Check
[2016.04.17-18.07.23:465][  0]LightingResults: New page: Lighting Build
[2016.04.17-18.07.26:874][  0]LogAIModule: Creating AISystem for world SideScrollerExampleMap
[2016.04.17-18.07.27:483][  0]LogEditorServer: Finished looking for orphan Actors (0.000 secs)
[2016.04.17-18.07.27:531][  0]Cmd: MAP CHECKDEP NOCLEARLOG
[2016.04.17-18.07.27:606][  0]MapCheck: Info Map check complete: 0 Error(s), 0 Warning(s), took 74.962ms to complete.
[2016.04.17-18.07.27:606][  0]LogFileHelpers: Loading map 'SideScrollerExampleMap' took 4.532
[2016.04.17-18.07.28:828][  0]LogCollectionManager: Loaded 0 collections in 0.002700 seconds
[2016.04.17-18.07.29:087][  0]LogFileCache: Scanning file cache for directory 'D:/Unreal Engine Projects/ToyProject/ToyScroller/Saved/Collections/' took 0.01s
[2016.04.17-18.07.29:087][  0]LogFileCache: Scanning file cache for directory 'D:/Unreal Engine Projects/ToyProject/ToyScroller/Content/Developers/GonzaloBernal/Collections/' took 0.01s
[2016.04.17-18.07.29:087][  0]LogFileCache: Scanning file cache for directory 'D:/Unreal Engine Projects/ToyProject/ToyScroller/Content/Collections/' took 0.01s
[2016.04.17-18.07.29:087][  0]LogCollectionManager: Rebuilt the GUID cache for 0 collections in 0.000005 seconds
[2016.04.17-18.07.29:119][  0]LogContentBrowser: Native class hierarchy populated in 0.0306 seconds. Added 1979 classes and 343 folders.
[2016.04.17-18.07.29:203][  0]LogStats: UGameplayTagsManager::ConstructGameplayTagTree: Construct from data asset -  0.000 s
[2016.04.17-18.07.29:203][  0]LogStats: UGameplayTagsManager::ConstructGameplayTagTree: GameplayTagTreeChangedEvent.Broadcast -  0.000 s
[2016.04.17-18.07.29:211][  0]LogContentBrowser: Native class hierarchy updated for 'GameplayTags' in 0.0007 seconds. Added 12 classes and 0 folders.
[2016.04.17-18.07.29:250][  0]LogContentBrowser: Native class hierarchy updated for 'WidgetCarousel' in 0.0005 seconds. Added 0 classes and 0 folders.
[2016.04.17-18.07.29:385][  0]LogContentBrowser: Native class hierarchy updated for 'SuperSearch' in 0.0008 seconds. Added 1 classes and 2 folders.
[2016.04.17-18.07.30:505][  0]LogContentBrowser: Native class hierarchy updated for 'AddContentDialog' in 0.0006 seconds. Added 0 classes and 0 folders.
[2016.04.17-18.07.30:574][  0]LogContentBrowser: Native class hierarchy updated for 'SceneOutliner' in 0.0007 seconds. Added 1 classes and 2 folders.
[2016.04.17-18.07.31:392][  0]LogCrashTracker: Crashtracker disabled due to settings.
[2016.04.17-18.07.31:552][  0]LogUObjectGlobals:Warning: Failed to find object 'Class None.'
[2016.04.17-18.07.31:688][  0]LogContentBrowser: Native class hierarchy updated for 'HierarchicalLODOutliner' in 0.0006 seconds. Added 1 classes and 2 folders.
[2016.04.17-18.07.31:689][  0]LogLoad: Full Startup: 54.14 seconds (BP compile: 0.76 seconds)
[2016.04.17-18.07.31:689][  0]LogExternalProfiler:Warning: No registered external profiler was matched with a command-line switch (or the DLL could not be loaded).  External profiling features will not be available.
[2016.04.17-18.07.32:056][  0]LogOcInput: OculusInput pre-init called
[2016.04.17-18.07.32:611][  0]LogContentStreaming: Texture pool size now 1000 MB
[2016.04.17-18.07.33:276][  0]LogRenderer: Reallocating scene render targets to support 704x384 (Frame:2).
[2016.04.17-18.07.34:017][  2]LogAssetRegistry: Asset discovery search completed in 23.4572 seconds
[2016.04.17-18.07.34:032][  2]LogCollectionManager: Rebuilt the object cache for 0 collections in 0.000001 seconds (found 0 objects)
[2016.04.17-18.07.34:032][  2]LogCollectionManager: Fixed up redirectors for 0 collections in 0.014973 seconds (updated 0 objects)
[2016.04.17-18.07.35:628][ 98]LogRenderer: Reallocating scene render targets to support 1040x592 (Frame:90).
[2016.04.17-18.08.05:956][374]LogEditorViewport: Clicking on Actor (LMB): SideScrollerCharacter_C (SideScrollerCharacter)
[2016.04.17-18.08.07:932][510]Cmd: CAMERA ALIGN ACTIVEVIEWPORTONLY
[2016.04.17-18.09.46:141][960]LogEditorViewport: Clicking on Actor (context menu): StaticMeshActor (Wall3)
[2016.04.17-18.10.34:113][619]LogEditorViewport: Clicking on Actor (LMB): SideScrollerCharacter_C (SideScrollerCharacter)
[2016.04.17-18.10.36:450][783]LogContentBrowser: Native class hierarchy updated for 'BlueprintGraph' in 0.0018 seconds. Added 108 classes and 0 folders.
[2016.04.17-18.12.03:943][813]LogUObjectHash:Warning: Ambiguous search, could be K2Node_MacroInstance /Engine/ArtTools/RenderToTexture/Macros/RenderToTextureMacros.RenderToTextureMacros:Array to HLSL Float Array.K2Node_MacroInstance_58 or K2Node_MacroInstance /Engine/ArtTools/RenderToTexture/Macros/RenderToTextureMacros.RenderToTextureMacros:Array to HLSL Int Array.K2Node_MacroInstance_58
[2016.04.17-18.12.03:943][813]LogUObjectHash:Warning: Ambiguous search, could be K2Node_MacroInstance /Engine/ArtTools/RenderToTexture/Macros/RenderToTextureMacros.RenderToTextureMacros:Array to HLSL Float Array.K2Node_MacroInstance_58 or K2Node_MacroInstance /Game/SideScrollerBP/Blueprints/SideScrollerCharacter.SideScrollerCharacter:EventGraph.K2Node_MacroInstance_58
[2016.04.17-18.12.03:943][813]LogProperty:Warning: ObjectProperty /Script/Engine.EdGraphPin:LinkedTo.LinkedTo: unresolved reference to 'EdGraphPin'K2Node_MacroInstance_58.EdGraphPin_5013''
[2016.04.17-18.12.03:943][813]LogProperty:Warning: ObjectProperty /Script/Engine.EdGraphPin:LinkedTo.LinkedTo: unresolved reference to 'EdGraphPin'K2Node_CallFunction_9823.EdGraphPin_4621''
[2016.04.17-18.12.03:963][813]LogUObjectHash:Warning: Ambiguous search, could be K2Node_InputTouch /Game/SideScrollerBP/Blueprints/SideScrollerCharacter.SideScrollerCharacter:EventGraph.K2Node_InputTouch_3 or K2Node_InputTouch /Engine/Transient.PROTO_BP_Blueprint_0:UserConstructionScript.K2Node_InputTouch_3
[2016.04.17-18.12.03:963][813]LogProperty:Warning: ObjectProperty /Script/Engine.EdGraphPin:LinkedTo.LinkedTo: unresolved reference to 'EdGraphPin'K2Node_InputTouch_3.EdGraphPin_3293''
[2016.04.17-18.12.03:963][813]LogUObjectHash:Warning: Ambiguous search, could be K2Node_MacroInstance /Engine/ArtTools/RenderToTexture/Macros/RenderToTextureMacros.RenderToTextureMacros:Array to HLSL Float Array.K2Node_MacroInstance_58 or K2Node_MacroInstance /Engine/ArtTools/RenderToTexture/Macros/RenderToTextureMacros.RenderToTextureMacros:Array to HLSL Int Array.K2Node_MacroInstance_58
[2016.04.17-18.12.03:963][813]LogUObjectHash:Warning: Ambiguous search, could be K2Node_MacroInstance /Engine/ArtTools/RenderToTexture/Macros/RenderToTextureMacros.RenderToTextureMacros:Array to HLSL Float Array.K2Node_MacroInstance_58 or K2Node_MacroInstance /Game/SideScrollerBP/Blueprints/SideScrollerCharacter.SideScrollerCharacter:EventGraph.K2Node_MacroInstance_58
[2016.04.17-18.12.03:963][813]LogProperty:Warning: ObjectProperty /Script/Engine.EdGraphPin:LinkedTo.LinkedTo: unresolved reference to 'EdGraphPin'K2Node_MacroInstance_58.EdGraphPin_5016''
[2016.04.17-18.12.03:963][813]LogProperty:Warning: ObjectProperty /Script/Engine.EdGraphPin:LinkedTo.LinkedTo: unresolved reference to 'EdGraphPin'K2Node_MacroInstance_84.EdGraphPin_5031''
[2016.04.17-18.12.03:964][813]LogProperty:Warning: ObjectProperty /Script/Engine.EdGraphPin:LinkedTo.LinkedTo: unresolved reference to 'EdGraphPin'K2Node_CallFunction_9823.EdGraphPin_4621''
[2016.04.17-18.12.03:965][813]LogUObjectHash:Warning: Ambiguous search, could be K2Node_MacroInstance /Engine/ArtTools/RenderToTexture/Macros/RenderToTextureMacros.RenderToTextureMacros:Array to HLSL Float Array.K2Node_MacroInstance_58 or K2Node_MacroInstance /Engine/ArtTools/RenderToTexture/Macros/RenderToTextureMacros.RenderToTextureMacros:Array to HLSL Int Array.K2Node_MacroInstance_58
[2016.04.17-18.12.03:965][813]LogUObjectHash:Warning: Ambiguous search, could be K2Node_MacroInstance /Engine/ArtTools/RenderToTexture/Macros/RenderToTextureMacros.RenderToTextureMacros:Array to HLSL Float Array.K2Node_MacroInstance_58 or K2Node_MacroInstance /Game/SideScrollerBP/Blueprints/SideScrollerCharacter.SideScrollerCharacter:EventGraph.K2Node_MacroInstance_58
[2016.04.17-18.12.03:965][813]LogProperty:Warning: ObjectProperty /Script/Engine.EdGraphPin:LinkedTo.LinkedTo: unresolved reference to 'EdGraphPin'K2Node_MacroInstance_58.EdGraphPin_5014''
[2016.04.17-18.12.03:967][813]LogProperty:Warning: ObjectProperty /Script/Engine.EdGraphPin:LinkedTo.LinkedTo: unresolved reference to 'EdGraphPin'K2Node_VariableGet_58.EdGraphPin_3760''
[2016.04.17-18.12.03:967][813]LogProperty:Warning: ObjectProperty /Script/Engine.EdGraphPin:LinkedTo.LinkedTo: unresolved reference to 'EdGraphPin'K2Node_VariableSet_718.EdGraphPin_3794''
[2016.04.17-18.12.03:968][813]LogProperty:Warning: ObjectProperty /Script/Engine.EdGraphPin:LinkedTo.LinkedTo: unresolved reference to 'EdGraphPin'K2Node_VariableSet_107.EdGraphPin_3779''
[2016.04.17-18.12.03:982][813]LogProperty:Warning: ObjectProperty /Script/Engine.EdGraphPin:LinkedTo.LinkedTo: unresolved reference to 'EdGraphPin'K2Node_VariableSet_717.EdGraphPin_3809''
[2016.04.17-18.12.03:983][813]LogProperty:Warning: ObjectProperty /Script/Engine.EdGraphPin:LinkedTo.LinkedTo: unresolved reference to 'EdGraphPin'K2Node_CallFunction_3295.EdGraphPin_5082''
[2016.04.17-18.12.03:983][813]LogProperty:Warning: ObjectProperty /Script/Engine.EdGraphPin:LinkedTo.LinkedTo: unresolved reference to 'EdGraphPin'K2Node_VariableSet_810.EdGraphPin_5067''
[2016.04.17-18.12.03:984][813]LogProperty:Warning: ObjectProperty /Script/Engine.EdGraphPin:LinkedTo.LinkedTo: unresolved reference to 'EdGraphPin'K2Node_VariableSet_818.EdGraphPin_5056''
[2016.04.17-18.12.03:985][813]LogProperty:Warning: ObjectProperty /Script/Engine.EdGraphPin:LinkedTo.LinkedTo: unresolved reference to 'EdGraphPin'K2Node_CallFunction_3295.EdGraphPin_5083''
[2016.04.17-18.12.03:985][813]LogProperty:Warning: ObjectProperty /Script/Engine.EdGraphPin:LinkedTo.LinkedTo: unresolved reference to 'EdGraphPin'K2Node_VariableSet_810.EdGraphPin_5071''
[2016.04.17-18.12.13:476][422]BlueprintLog: New page: Compile SideScrollerCharacter
[2016.04.17-18.12.13:641][422]LogUObjectGlobals:Warning: Guid is in use by CapsuleComponent /Game/SideScrollerBP/Maps/SideScrollerExampleMap.SideScrollerExampleMap:PersistentLevel.REINST_SideScrollerCharacter_C_0.CollisionCylinder and CapsuleComponent /Game/SideScrollerBP/Maps/SideScrollerExampleMap.SideScrollerExampleMap:PersistentLevel.SideScrollerCharacter_78.CollisionCylinder, which should never happen in the editor but could happen at runtime with duplicate level loading or PIE
[2016.04.17-18.12.13:641][422]LogUObjectGlobals:Warning: Guid is in use by ArrowComponent /Game/SideScrollerBP/Maps/SideScrollerExampleMap.SideScrollerExampleMap:PersistentLevel.REINST_SideScrollerCharacter_C_0.Arrow and ArrowComponent /Game/SideScrollerBP/Maps/SideScrollerExampleMap.SideScrollerExampleMap:PersistentLevel.SideScrollerCharacter_78.Arrow, which should never happen in the editor but could happen at runtime with duplicate level loading or PIE
[2016.04.17-18.12.13:641][422]LogUObjectGlobals:Warning: Guid is in use by CharacterMovementComponent /Game/SideScrollerBP/Maps/SideScrollerExampleMap.SideScrollerExampleMap:PersistentLevel.REINST_SideScrollerCharacter_C_0.CharMoveComp and CharacterMovementComponent /Game/SideScrollerBP/Maps/SideScrollerExampleMap.SideScrollerExampleMap:PersistentLevel.SideScrollerCharacter_78.CharMoveComp, which should never happen in the editor but could happen at runtime with duplicate level loading or PIE
[2016.04.17-18.12.13:641][422]LogUObjectGlobals:Warning: Guid is in use by SkeletalMeshComponent /Game/SideScrollerBP/Maps/SideScrollerExampleMap.SideScrollerExampleMap:PersistentLevel.REINST_SideScrollerCharacter_C_0.CharacterMesh0 and SkeletalMeshComponent /Game/SideScrollerBP/Maps/SideScrollerExampleMap.SideScrollerExampleMap:PersistentLevel.SideScrollerCharacter_78.CharacterMesh0, which should never happen in the editor but could happen at runtime with duplicate level loading or PIE
[2016.04.17-18.12.14:389][422]BlueprintEditorCompileResults: Info [0336.82] Compile of SideScrollerCharacter successful! [in 897 ms]
[2016.04.17-18.12.36:530][865]BlueprintLog: New page: Compile SideScrollerCharacter
[2016.04.17-18.12.36:651][865]BlueprintEditorCompileResults: Info [0359.10] Compile of SideScrollerCharacter successful! [in 121 ms]
[2016.04.17-18.12.38:416][996]LogBlueprintUserMessages: Early PlayInEditor Detection: Level '/Game/SideScrollerBP/Maps/SideScrollerExampleMap.SideScrollerExampleMap:PersistentLevel' has LevelScriptBlueprint '/Game/SideScrollerBP/Maps/SideScrollerExampleMap.SideScrollerExampleMap:PersistentLevel.SideScrollerExampleMap' with GeneratedClass '/Game/SideScrollerBP/Maps/SideScrollerExampleMap.SideScrollerExampleMap_C' with ClassGeneratedBy '/Game/SideScrollerBP/Maps/SideScrollerExampleMap.SideScrollerExampleMap:PersistentLevel.SideScrollerExampleMap'
[2016.04.17-18.12.38:416][996]LogPlayLevel: PlayLevel: No blueprints needed recompiling
[2016.04.17-18.12.38:589][996]PIE: New page: PIE session: SideScrollerExampleMap (Apr 17, 2016, 9:12:38 PM)
[2016.04.17-18.12.38:595][996]LogPlayLevel: Creating play world package: /Game/SideScrollerBP/Maps/UEDPIE_0_SideScrollerExampleMap
[2016.04.17-18.12.38:685][996]LogPlayLevel: PIE: StaticDuplicateObject took: (0.090297s)
[2016.04.17-18.12.38:687][996]LogAIModule: Creating AISystem for world SideScrollerExampleMap
[2016.04.17-18.12.38:687][996]LogPlayLevel: PIE: World Init took: (0.001497s)
[2016.04.17-18.12.38:688][996]LogPlayLevel: PIE: Created PIE world by copying editor world from /Game/SideScrollerBP/Maps/SideScrollerExampleMap.SideScrollerExampleMap to /Game/SideScrollerBP/Maps/UEDPIE_0_SideScrollerExampleMap.SideScrollerExampleMap (0.093768s)
[2016.04.17-18.12.38:742][996]LogInit: XAudio2 using 'Altavoces (Dispositivo de High Definition Audio)' : 2 channels at 44.1 kHz using 16 bits per sample (channel mask 0x3)
[2016.04.17-18.12.38:750][996]LogInit: FAudioDevice initialized.
[2016.04.17-18.12.39:068][996]LogWorld: Game class is 'SideScrollerGameMode_C'
[2016.04.17-18.12.39:229][996]LogWorld: Bringing World /Game/SideScrollerBP/Maps/UEDPIE_0_SideScrollerExampleMap.SideScrollerExampleMap up for play (max tick rate 0) at 2016.04.17-20.12.39
[2016.04.17-18.12.39:269][996]LogWorld: Bringing up level for play took: 0.046954
[2016.04.17-18.12.39:466][996]LogContentBrowser: Native class hierarchy updated for 'MovieSceneCapture' in 0.0013 seconds. Added 9 classes and 0 folders.
[2016.04.17-18.12.39:499][996]PIE: Info Play in editor start time for /Game/SideScrollerBP/Maps/UEDPIE_0_SideScrollerExampleMap 0.953
[2016.04.17-18.12.39:500][996]LogBlueprintUserMessages: Late PlayInEditor Detection: Level '/Game/SideScrollerBP/Maps/SideScrollerExampleMap.SideScrollerExampleMap:PersistentLevel' has LevelScriptBlueprint '/Game/SideScrollerBP/Maps/SideScrollerExampleMap.SideScrollerExampleMap:PersistentLevel.SideScrollerExampleMap' with GeneratedClass '/Game/SideScrollerBP/Maps/SideScrollerExampleMap.SideScrollerExampleMap_C' with ClassGeneratedBy '/Game/SideScrollerBP/Maps/SideScrollerExampleMap.SideScrollerExampleMap:PersistentLevel.SideScrollerExampleMap'
[2016.04.17-18.12.42:713][317]LogBlueprintUserMessages: Early EndPlayMap Detection: Level '/Game/SideScrollerBP/Maps/SideScrollerExampleMap.SideScrollerExampleMap:PersistentLevel' has LevelScriptBlueprint '/Game/SideScrollerBP/Maps/SideScrollerExampleMap.SideScrollerExampleMap:PersistentLevel.SideScrollerExampleMap' with GeneratedClass '/Game/SideScrollerBP/Maps/SideScrollerExampleMap.SideScrollerExampleMap_C' with ClassGeneratedBy '/Game/SideScrollerBP/Maps/SideScrollerExampleMap.SideScrollerExampleMap:PersistentLevel.SideScrollerExampleMap'
[2016.04.17-18.12.42:928][317]LogBlueprintUserMessages: Late EndPlayMap Detection: Level '/Game/SideScrollerBP/Maps/SideScrollerExampleMap.SideScrollerExampleMap:PersistentLevel' has LevelScriptBlueprint '/Game/SideScrollerBP/Maps/SideScrollerExampleMap.SideScrollerExampleMap:PersistentLevel.SideScrollerExampleMap' with GeneratedClass '/Game/SideScrollerBP/Maps/SideScrollerExampleMap.SideScrollerExampleMap_C' with ClassGeneratedBy '/Game/SideScrollerBP/Maps/SideScrollerExampleMap.SideScrollerExampleMap:PersistentLevel.SideScrollerExampleMap'
[2016.04.17-18.14.05:819][272]LogEditorTransaction: Undo Move Node
[2016.04.17-18.14.06:128][279]LogEditorTransaction: Undo Create Pin Link
[2016.04.17-18.14.06:556][304]LogEditorTransaction: Undo Add Node
[2016.04.17-18.14.06:984][329]LogEditorTransaction: Undo Move Node
[2016.04.17-18.14.07:372][352]LogEditorTransaction: Undo Create Pin Link
[2016.04.17-18.14.07:731][373]LogEditorTransaction: Undo Move Node
[2016.04.17-18.14.08:136][397]LogEditorTransaction: Undo Delete current selection
[2016.04.17-18.14.08:531][418]LogEditorTransaction: Undo Delete current selection
[2016.04.17-18.14.08:917][440]LogEditorTransaction: Undo Add Node
[2016.04.17-18.14.09:324][464]LogEditorTransaction: Undo Edit Available Jumps
[2016.04.17-18.14.09:338][464]LogActorComponent: ~FComponentReregisterContext: (/Game/SideScrollerBP/Maps/SideScrollerExampleMap.SideScrollerExampleMap:PersistentLevel.SideScrollerCharacter_78.Arrow) Component already registered.
[2016.04.17-18.14.09:340][464]LogActorComponent: ~FComponentReregisterContext: (/Game/SideScrollerBP/Maps/SideScrollerExampleMap.SideScrollerExampleMap:PersistentLevel.SideScrollerCharacter_78.CharMoveComp) Component already registered.
[2016.04.17-18.14.09:340][464]LogActorComponent: ~FComponentReregisterContext: (/Game/SideScrollerBP/Maps/SideScrollerExampleMap.SideScrollerExampleMap:PersistentLevel.SideScrollerCharacter_78.CharacterMesh0) Component already registered.
[2016.04.17-18.14.09:341][464]LogActorComponent: ~FComponentReregisterContext: (/Engine/Transient.World_5:PersistentLevel.SideScrollerCharacter_C_12.Arrow) Component already registered.
[2016.04.17-18.14.09:342][464]LogActorComponent: ~FComponentReregisterContext: (/Engine/Transient.World_5:PersistentLevel.SideScrollerCharacter_C_12.CharMoveComp) Component already registered.
[2016.04.17-18.14.09:746][491]LogEditorTransaction: Undo Move Nodes
[2016.04.17-18.14.10:244][521]LogEditorTransaction: Undo Delete current selection
[2016.04.17-18.14.17:304][996]LogBlueprintUserMessages: Early PlayInEditor Detection: Level '/Game/SideScrollerBP/Maps/SideScrollerExampleMap.SideScrollerExampleMap:PersistentLevel' has LevelScriptBlueprint '/Game/SideScrollerBP/Maps/SideScrollerExampleMap.SideScrollerExampleMap:PersistentLevel.SideScrollerExampleMap' with GeneratedClass '/Game/SideScrollerBP/Maps/SideScrollerExampleMap.SideScrollerExampleMap_C' with ClassGeneratedBy '/Game/SideScrollerBP/Maps/SideScrollerExampleMap.SideScrollerExampleMap:PersistentLevel.SideScrollerExampleMap'
[2016.04.17-18.14.17:304][996]BlueprintLog: New page: Pre-Play auto-recompile
[2016.04.17-18.14.17:314][996]LogPlayLevel: [PlayLevel] Compiling SideScrollerCharacter before play...
[2016.04.17-18.14.17:424][996]LogPlayLevel: PlayLevel: Blueprint regeneration took 119 ms (1 blueprints)
[2016.04.17-18.14.17:443][996]PIE: New page: PIE session: SideScrollerExampleMap (Apr 17, 2016, 9:14:17 PM)
[2016.04.17-18.14.17:443][996]LogPlayLevel: Creating play world package: /Game/SideScrollerBP/Maps/UEDPIE_0_SideScrollerExampleMap
[2016.04.17-18.14.17:464][996]LogPlayLevel: PIE: StaticDuplicateObject took: (0.019792s)
[2016.04.17-18.14.17:465][996]LogAIModule: Creating AISystem for world SideScrollerExampleMap
[2016.04.17-18.14.17:465][996]LogPlayLevel: PIE: World Init took: (0.000935s)
[2016.04.17-18.14.17:465][996]LogPlayLevel: PIE: Created PIE world by copying editor world from /Game/SideScrollerBP/Maps/SideScrollerExampleMap.SideScrollerExampleMap to /Game/SideScrollerBP/Maps/UEDPIE_0_SideScrollerExampleMap.SideScrollerExampleMap (0.020995s)
[2016.04.17-18.14.17:506][996]LogInit: XAudio2 using 'Altavoces (Dispositivo de High Definition Audio)' : 2 channels at 44.1 kHz using 16 bits per sample (channel mask 0x3)
[2016.04.17-18.14.17:514][996]LogInit: FAudioDevice initialized.
[2016.04.17-18.14.17:561][996]LogWorld: Game class is 'SideScrollerGameMode_C'
[2016.04.17-18.14.17:566][996]LogWorld: Bringing World /Game/SideScrollerBP/Maps/UEDPIE_0_SideScrollerExampleMap.SideScrollerExampleMap up for play (max tick rate 0) at 2016.04.17-20.14.17
[2016.04.17-18.14.17:567][996]LogWorld: Bringing up level for play took: 0.004265
[2016.04.17-18.14.17:568][996]PIE: Info Play in editor start time for /Game/SideScrollerBP/Maps/UEDPIE_0_SideScrollerExampleMap 1.021
[2016.04.17-18.14.17:568][996]LogBlueprintUserMessages: Late PlayInEditor Detection: Level '/Game/SideScrollerBP/Maps/SideScrollerExampleMap.SideScrollerExampleMap:PersistentLevel' has LevelScriptBlueprint '/Game/SideScrollerBP/Maps/SideScrollerExampleMap.SideScrollerExampleMap:PersistentLevel.SideScrollerExampleMap' with GeneratedClass '/Game/SideScrollerBP/Maps/SideScrollerExampleMap.SideScrollerExampleMap_C' with ClassGeneratedBy '/Game/SideScrollerBP/Maps/SideScrollerExampleMap.SideScrollerExampleMap:PersistentLevel.SideScrollerExampleMap'
[2016.04.17-18.14.20:231][283]LogBlueprintUserMessages: Early EndPlayMap Detection: Level '/Game/SideScrollerBP/Maps/SideScrollerExampleMap.SideScrollerExampleMap:PersistentLevel' has LevelScriptBlueprint '/Game/SideScrollerBP/Maps/SideScrollerExampleMap.SideScrollerExampleMap:PersistentLevel.SideScrollerExampleMap' with GeneratedClass '/Game/SideScrollerBP/Maps/SideScrollerExampleMap.SideScrollerExampleMap_C' with ClassGeneratedBy '/Game/SideScrollerBP/Maps/SideScrollerExampleMap.SideScrollerExampleMap:PersistentLevel.SideScrollerExampleMap'
[2016.04.17-18.14.20:292][283]LogBlueprintUserMessages: Late EndPlayMap Detection: Level '/Game/SideScrollerBP/Maps/SideScrollerExampleMap.SideScrollerExampleMap:PersistentLevel' has LevelScriptBlueprint '/Game/SideScrollerBP/Maps/SideScrollerExampleMap.SideScrollerExampleMap:PersistentLevel.SideScrollerExampleMap' with GeneratedClass '/Game/SideScrollerBP/Maps/SideScrollerExampleMap.SideScrollerExampleMap_C' with ClassGeneratedBy '/Game/SideScrollerBP/Maps/SideScrollerExampleMap.SideScrollerExampleMap:PersistentLevel.SideScrollerExampleMap'
[2016.04.17-18.14.42:755][651]LogEditorTransaction: Undo Create Pin Link
[2016.04.17-18.14.43:322][680]LogEditorTransaction: Undo Move Node
[2016.04.17-18.16.04:487][885]LogBlueprintUserMessages: Early PlayInEditor Detection: Level '/Game/SideScrollerBP/Maps/SideScrollerExampleMap.SideScrollerExampleMap:PersistentLevel' has LevelScriptBlueprint '/Game/SideScrollerBP/Maps/SideScrollerExampleMap.SideScrollerExampleMap:PersistentLevel.SideScrollerExampleMap' with GeneratedClass '/Game/SideScrollerBP/Maps/SideScrollerExampleMap.SideScrollerExampleMap_C' with ClassGeneratedBy '/Game/SideScrollerBP/Maps/SideScrollerExampleMap.SideScrollerExampleMap:PersistentLevel.SideScrollerExampleMap'
[2016.04.17-18.16.04:487][885]BlueprintLog: New page: Pre-Play auto-recompile
[2016.04.17-18.16.04:497][885]LogPlayLevel: [PlayLevel] Compiling SideScrollerCharacter before play...
[2016.04.17-18.16.04:603][885]LogPlayLevel: PlayLevel: Blueprint regeneration took 116 ms (1 blueprints)
[2016.04.17-18.16.04:620][885]PIE: New page: PIE session: SideScrollerExampleMap (Apr 17, 2016, 9:16:04 PM)
[2016.04.17-18.16.04:620][885]LogPlayLevel: Creating play world package: /Game/SideScrollerBP/Maps/UEDPIE_0_SideScrollerExampleMap
[2016.04.17-18.16.04:637][885]LogPlayLevel: PIE: StaticDuplicateObject took: (0.017107s)
[2016.04.17-18.16.04:638][885]LogAIModule: Creating AISystem for world SideScrollerExampleMap
[2016.04.17-18.16.04:638][885]LogPlayLevel: PIE: World Init took: (0.000868s)
[2016.04.17-18.16.04:638][885]LogPlayLevel: PIE: Created PIE world by copying editor world from /Game/SideScrollerBP/Maps/SideScrollerExampleMap.SideScrollerExampleMap to /Game/SideScrollerBP/Maps/UEDPIE_0_SideScrollerExampleMap.SideScrollerExampleMap (0.018250s)
[2016.04.17-18.16.04:681][885]LogInit: XAudio2 using 'Altavoces (Dispositivo de High Definition Audio)' : 2 channels at 44.1 kHz using 16 bits per sample (channel mask 0x3)
[2016.04.17-18.16.04:689][885]LogInit: FAudioDevice initialized.
[2016.04.17-18.16.04:721][885]LogWorld: Game class is 'SideScrollerGameMode_C'
[2016.04.17-18.16.04:726][885]LogWorld: Bringing World /Game/SideScrollerBP/Maps/UEDPIE_0_SideScrollerExampleMap.SideScrollerExampleMap up for play (max tick rate 0) at 2016.04.17-20.16.04
[2016.04.17-18.16.04:727][885]LogWorld: Bringing up level for play took: 0.004238
[2016.04.17-18.16.04:728][885]PIE: Info Play in editor start time for /Game/SideScrollerBP/Maps/UEDPIE_0_SideScrollerExampleMap 0.181
[2016.04.17-18.16.04:728][885]LogBlueprintUserMessages: Late PlayInEditor Detection: Level '/Game/SideScrollerBP/Maps/SideScrollerExampleMap.SideScrollerExampleMap:PersistentLevel' has LevelScriptBlueprint '/Game/SideScrollerBP/Maps/SideScrollerExampleMap.SideScrollerExampleMap:PersistentLevel.SideScrollerExampleMap' with GeneratedClass '/Game/SideScrollerBP/Maps/SideScrollerExampleMap.SideScrollerExampleMap_C' with ClassGeneratedBy '/Game/SideScrollerBP/Maps/SideScrollerExampleMap.SideScrollerExampleMap:PersistentLevel.SideScrollerExampleMap'
[2016.04.17-18.16.06:636][112]LogBlueprintUserMessages: Early EndPlayMap Detection: Level '/Game/SideScrollerBP/Maps/SideScrollerExampleMap.SideScrollerExampleMap:PersistentLevel' has LevelScriptBlueprint '/Game/SideScrollerBP/Maps/SideScrollerExampleMap.SideScrollerExampleMap:PersistentLevel.SideScrollerExampleMap' with GeneratedClass '/Game/SideScrollerBP/Maps/SideScrollerExampleMap.SideScrollerExampleMap_C' with ClassGeneratedBy '/Game/SideScrollerBP/Maps/SideScrollerExampleMap.SideScrollerExampleMap:PersistentLevel.SideScrollerExampleMap'
[2016.04.17-18.16.06:701][112]LogBlueprintUserMessages: Late EndPlayMap Detection: Level '/Game/SideScrollerBP/Maps/SideScrollerExampleMap.SideScrollerExampleMap:PersistentLevel' has LevelScriptBlueprint '/Game/SideScrollerBP/Maps/SideScrollerExampleMap.SideScrollerExampleMap:PersistentLevel.SideScrollerExampleMap' with GeneratedClass '/Game/SideScrollerBP/Maps/SideScrollerExampleMap.SideScrollerExampleMap_C' with ClassGeneratedBy '/Game/SideScrollerBP/Maps/SideScrollerExampleMap.SideScrollerExampleMap:PersistentLevel.SideScrollerExampleMap'
[2016.04.17-18.16.22:243][238]BlueprintLog: New page: Compile SideScrollerCharacter
[2016.04.17-18.16.22:364][238]BlueprintEditorCompileResults: Info [0584.81] Compile of SideScrollerCharacter successful! [in 120 ms]
[2016.04.17-18.16.23:771][356]LogBlueprintUserMessages: Early PlayInEditor Detection: Level '/Game/SideScrollerBP/Maps/SideScrollerExampleMap.SideScrollerExampleMap:PersistentLevel' has LevelScriptBlueprint '/Game/SideScrollerBP/Maps/SideScrollerExampleMap.SideScrollerExampleMap:PersistentLevel.SideScrollerExampleMap' with GeneratedClass '/Game/SideScrollerBP/Maps/SideScrollerExampleMap.SideScrollerExampleMap_C' with ClassGeneratedBy '/Game/SideScrollerBP/Maps/SideScrollerExampleMap.SideScrollerExampleMap:PersistentLevel.SideScrollerExampleMap'
[2016.04.17-18.16.23:771][356]LogPlayLevel: PlayLevel: No blueprints needed recompiling
[2016.04.17-18.16.23:771][356]PIE: New page: PIE session: SideScrollerExampleMap (Apr 17, 2016, 9:16:23 PM)
[2016.04.17-18.16.23:771][356]LogPlayLevel: Creating play world package: /Game/SideScrollerBP/Maps/UEDPIE_0_SideScrollerExampleMap
[2016.04.17-18.16.23:788][356]LogPlayLevel: PIE: StaticDuplicateObject took: (0.017094s)
[2016.04.17-18.16.23:789][356]LogAIModule: Creating AISystem for world SideScrollerExampleMap
[2016.04.17-18.16.23:789][356]LogPlayLevel: PIE: World Init took: (0.000847s)
[2016.04.17-18.16.23:789][356]LogPlayLevel: PIE: Created PIE world by copying editor world from /Game/SideScrollerBP/Maps/SideScrollerExampleMap.SideScrollerExampleMap to /Game/SideScrollerBP/Maps/UEDPIE_0_SideScrollerExampleMap.SideScrollerExampleMap (0.018218s)
[2016.04.17-18.16.23:835][356]LogInit: XAudio2 using 'Altavoces (Dispositivo de High Definition Audio)' : 2 channels at 44.1 kHz using 16 bits per sample (channel mask 0x3)
[2016.04.17-18.16.23:842][356]LogInit: FAudioDevice initialized.
[2016.04.17-18.16.23:874][356]LogWorld: Game class is 'SideScrollerGameMode_C'
[2016.04.17-18.16.23:879][356]LogWorld: Bringing World /Game/SideScrollerBP/Maps/UEDPIE_0_SideScrollerExampleMap.SideScrollerExampleMap up for play (max tick rate 0) at 2016.04.17-20.16.23
[2016.04.17-18.16.23:879][356]LogWorld: Bringing up level for play took: 0.004007
[2016.04.17-18.16.23:880][356]PIE: Info Play in editor start time for /Game/SideScrollerBP/Maps/UEDPIE_0_SideScrollerExampleMap -0.666
[2016.04.17-18.16.23:880][356]LogBlueprintUserMessages: Late PlayInEditor Detection: Level '/Game/SideScrollerBP/Maps/SideScrollerExampleMap.SideScrollerExampleMap:PersistentLevel' has LevelScriptBlueprint '/Game/SideScrollerBP/Maps/SideScrollerExampleMap.SideScrollerExampleMap:PersistentLevel.SideScrollerExampleMap' with GeneratedClass '/Game/SideScrollerBP/Maps/SideScrollerExampleMap.SideScrollerExampleMap_C' with ClassGeneratedBy '/Game/SideScrollerBP/Maps/SideScrollerExampleMap.SideScrollerExampleMap:PersistentLevel.SideScrollerExampleMap'
[2016.04.17-18.16.27:799][823]LogBlueprintUserMessages: Early EndPlayMap Detection: Level '/Game/SideScrollerBP/Maps/SideScrollerExampleMap.SideScrollerExampleMap:PersistentLevel' has LevelScriptBlueprint '/Game/SideScrollerBP/Maps/SideScrollerExampleMap.SideScrollerExampleMap:PersistentLevel.SideScrollerExampleMap' with GeneratedClass '/Game/SideScrollerBP/Maps/SideScrollerExampleMap.SideScrollerExampleMap_C' with ClassGeneratedBy '/Game/SideScrollerBP/Maps/SideScrollerExampleMap.SideScrollerExampleMap:PersistentLevel.SideScrollerExampleMap'
[2016.04.17-18.16.27:864][823]LogBlueprintUserMessages: Late EndPlayMap Detection: Level '/Game/SideScrollerBP/Maps/SideScrollerExampleMap.SideScrollerExampleMap:PersistentLevel' has LevelScriptBlueprint '/Game/SideScrollerBP/Maps/SideScrollerExampleMap.SideScrollerExampleMap:PersistentLevel.SideScrollerExampleMap' with GeneratedClass '/Game/SideScrollerBP/Maps/SideScrollerExampleMap.SideScrollerExampleMap_C' with ClassGeneratedBy '/Game/SideScrollerBP/Maps/SideScrollerExampleMap.SideScrollerExampleMap:PersistentLevel.SideScrollerExampleMap'
[2016.04.17-18.17.50:343][571]LogSavePackage: Save=414.09ms
[2016.04.17-18.17.50:343][571]LogSavePackage: Moving '../../../../../../Unreal Engine Projects/ToyProject/ToyScroller/Saved/SideScrollerExampleMap_Auto15439700F45D400D675A79881CF658650.tmp' to '../../../../../../Unreal Engine Projects/ToyProject/ToyScroller/Saved/Autosaves/Game/SideScrollerBP/Maps/SideScrollerExampleMap_Auto1.umap'
[2016.04.17-18.17.50:346][571]LogSavePackage: Total save time: 450.19ms
[2016.04.17-18.17.50:346][571]LogSavePackage:Display: Finished SavePackage ../../../../../../Unreal Engine Projects/ToyProject/ToyScroller/Saved/Autosaves/Game/SideScrollerBP/Maps/SideScrollerExampleMap_Auto1.umap
[2016.04.17-18.17.50:372][571]LogFileHelpers: Editor autosave (incl. sublevels) for '/Game/SideScrollerBP/Maps/SideScrollerExampleMap' took 0.606
[2016.04.17-18.17.50:372][571]LogFileHelpers: Editor autosave (incl. sublevels) for all levels took 0.606
[2016.04.17-18.17.50:387][571]OBJ SavePackage: Generating thumbnails for [1] asset(s) in package [/Game/SideScrollerBP/Blueprints/SideScrollerCharacter] ([1] browsable assets)...
[2016.04.17-18.17.50:480][571]OBJ SavePackage:     Rendered thumbnail for [Blueprint /Game/SideScrollerBP/Blueprints/SideScrollerCharacter.SideScrollerCharacter]
[2016.04.17-18.17.50:480][571]OBJ SavePackage: Finished generating thumbnails for package [/Game/SideScrollerBP/Blueprints/SideScrollerCharacter]
[2016.04.17-18.17.50:586][571]LogSavePackage: Save=101.64ms
[2016.04.17-18.17.50:586][571]LogSavePackage: Moving '../../../../../../Unreal Engine Projects/ToyProject/ToyScroller/Saved/SideScrollerCharacter_Auto18FD70E5D47E7D032C8897AA157AA6A29.tmp' to '../../../../../../Unreal Engine Projects/ToyProject/ToyScroller/Saved/Autosaves/Game/SideScrollerBP/Blueprints/SideScrollerCharacter_Auto1.uasset'
[2016.04.17-18.17.50:587][571]LogSavePackage: Total save time: 105.53ms
[2016.04.17-18.17.50:587][571]LogSavePackage:Display: Finished SavePackage ../../../../../../Unreal Engine Projects/ToyProject/ToyScroller/Saved/Autosaves/Game/SideScrollerBP/Blueprints/SideScrollerCharacter_Auto1.uasset
[2016.04.17-18.17.50:587][571]LogFileHelpers: Auto-saving content packages took 0.204
[2016.04.17-18.18.55:298][970]LogActorComponent: UnregisterComponent: (/Engine/Transient.CharMoveComp) Not registered. Aborting.
[2016.04.17-18.19.05:896][435]LogProperty:Warning: ObjectProperty /Script/Engine.EdGraphPin:LinkedTo.LinkedTo: unresolved reference to 'EdGraphPin'K2Node_MacroInstance_74.EdGraphPin_4555''
[2016.04.17-18.19.05:896][435]LogProperty:Warning: ObjectProperty /Script/Engine.EdGraphPin:LinkedTo.LinkedTo: unresolved reference to 'EdGraphPin'K2Node_MacroInstance_159.EdGraphPin_4581''
[2016.04.17-18.19.05:896][435]LogProperty:Warning: ObjectProperty /Script/Engine.EdGraphPin:LinkedTo.LinkedTo: unresolved reference to 'EdGraphPin'K2Node_MacroInstance_74.EdGraphPin_4553''
[2016.04.17-18.19.05:897][435]LogProperty:Warning: ObjectProperty /Script/Engine.EdGraphPin:LinkedTo.LinkedTo: unresolved reference to 'EdGraphPin'K2Node_FunctionResult_3.EdGraphPin_4570''
[2016.04.17-18.19.05:897][435]LogProperty:Warning: ObjectProperty /Script/Engine.EdGraphPin:LinkedTo.LinkedTo: unresolved reference to 'EdGraphPin'K2Node_FunctionResult_3.EdGraphPin_4570''
[2016.04.17-18.19.05:908][435]LogProperty:Warning: ObjectProperty /Script/Engine.EdGraphPin:LinkedTo.LinkedTo: unresolved reference to 'EdGraphPin'K2Node_MacroInstance_159.EdGraphPin_4580''
[2016.04.17-18.19.05:908][435]LogProperty:Warning: ObjectProperty /Script/Engine.EdGraphPin:LinkedTo.LinkedTo: unresolved reference to 'EdGraphPin'K2Node_MacroInstance_159.EdGraphPin_4579''
[2016.04.17-18.19.05:908][435]LogProperty:Warning: ObjectProperty /Script/Engine.EdGraphPin:LinkedTo.LinkedTo: unresolved reference to 'EdGraphPin'K2Node_MacroInstance_159.EdGraphPin_4577''
[2016.04.17-18.19.05:908][435]LogProperty:Warning: ObjectProperty /Script/Engine.EdGraphPin:LinkedTo.LinkedTo: unresolved reference to 'EdGraphPin'K2Node_FunctionEntry_76.EdGraphPin_4543''
[2016.04.17-18.19.18:491][385]LogBlueprintUserMessages: Early PlayInEditor Detection: Level '/Game/SideScrollerBP/Maps/SideScrollerExampleMap.SideScrollerExampleMap:PersistentLevel' has LevelScriptBlueprint '/Game/SideScrollerBP/Maps/SideScrollerExampleMap.SideScrollerExampleMap:PersistentLevel.SideScrollerExampleMap' with GeneratedClass '/Game/SideScrollerBP/Maps/SideScrollerExampleMap.SideScrollerExampleMap_C' with ClassGeneratedBy '/Game/SideScrollerBP/Maps/SideScrollerExampleMap.SideScrollerExampleMap:PersistentLevel.SideScrollerExampleMap'
[2016.04.17-18.19.18:491][385]BlueprintLog: New page: Pre-Play auto-recompile
[2016.04.17-18.19.18:499][385]LogPlayLevel: [PlayLevel] Compiling SideScrollerCharacter before play...
[2016.04.17-18.19.18:611][385]LogPlayLevel: PlayLevel: Blueprint regeneration took 119 ms (1 blueprints)
[2016.04.17-18.19.18:650][385]PIE: New page: PIE session: SideScrollerExampleMap (Apr 17, 2016, 9:19:18 PM)
[2016.04.17-18.19.18:650][385]LogPlayLevel: Creating play world package: /Game/SideScrollerBP/Maps/UEDPIE_0_SideScrollerExampleMap
[2016.04.17-18.19.18:670][385]LogPlayLevel: PIE: StaticDuplicateObject took: (0.019331s)
[2016.04.17-18.19.18:671][385]LogAIModule: Creating AISystem for world SideScrollerExampleMap
[2016.04.17-18.19.18:671][385]LogPlayLevel: PIE: World Init took: (0.001153s)
[2016.04.17-18.19.18:671][385]LogPlayLevel: PIE: Created PIE world by copying editor world from /Game/SideScrollerBP/Maps/SideScrollerExampleMap.SideScrollerExampleMap to /Game/SideScrollerBP/Maps/UEDPIE_0_SideScrollerExampleMap.SideScrollerExampleMap (0.020735s)
[2016.04.17-18.19.18:719][385]LogInit: XAudio2 using 'Altavoces (Dispositivo de High Definition Audio)' : 2 channels at 44.1 kHz using 16 bits per sample (channel mask 0x3)
[2016.04.17-18.19.18:726][385]LogInit: FAudioDevice initialized.
[2016.04.17-18.19.18:760][385]LogWorld: Game class is 'SideScrollerGameMode_C'
[2016.04.17-18.19.18:764][385]LogWorld: Bringing World /Game/SideScrollerBP/Maps/UEDPIE_0_SideScrollerExampleMap.SideScrollerExampleMap up for play (max tick rate 0) at 2016.04.17-20.19.18
[2016.04.17-18.19.18:765][385]LogWorld: Bringing up level for play took: 0.004121
[2016.04.17-18.19.18:766][385]PIE: Info Play in editor start time for /Game/SideScrollerBP/Maps/UEDPIE_0_SideScrollerExampleMap 0.219
[2016.04.17-18.19.18:766][385]LogBlueprintUserMessages: Late PlayInEditor Detection: Level '/Game/SideScrollerBP/Maps/SideScrollerExampleMap.SideScrollerExampleMap:PersistentLevel' has LevelScriptBlueprint '/Game/SideScrollerBP/Maps/SideScrollerExampleMap.SideScrollerExampleMap:PersistentLevel.SideScrollerExampleMap' with GeneratedClass '/Game/SideScrollerBP/Maps/SideScrollerExampleMap.SideScrollerExampleMap_C' with ClassGeneratedBy '/Game/SideScrollerBP/Maps/SideScrollerExampleMap.SideScrollerExampleMap:PersistentLevel.SideScrollerExampleMap'
[2016.04.17-18.19.25:071][139]LogBlueprintUserMessages: Early EndPlayMap Detection: Level '/Game/SideScrollerBP/Maps/SideScrollerExampleMap.SideScrollerExampleMap:PersistentLevel' has LevelScriptBlueprint '/Game/SideScrollerBP/Maps/SideScrollerExampleMap.SideScrollerExampleMap:PersistentLevel.SideScrollerExampleMap' with GeneratedClass '/Game/SideScrollerBP/Maps/SideScrollerExampleMap.SideScrollerExampleMap_C' with ClassGeneratedBy '/Game/SideScrollerBP/Maps/SideScrollerExampleMap.SideScrollerExampleMap:PersistentLevel.SideScrollerExampleMap'
[2016.04.17-18.19.25:138][139]LogBlueprintUserMessages: Late EndPlayMap Detection: Level '/Game/SideScrollerBP/Maps/SideScrollerExampleMap.SideScrollerExampleMap:PersistentLevel' has LevelScriptBlueprint '/Game/SideScrollerBP/Maps/SideScrollerExampleMap.SideScrollerExampleMap:PersistentLevel.SideScrollerExampleMap' with GeneratedClass '/Game/SideScrollerBP/Maps/SideScrollerExampleMap.SideScrollerExampleMap_C' with ClassGeneratedBy '/Game/SideScrollerBP/Maps/SideScrollerExampleMap.SideScrollerExampleMap:PersistentLevel.SideScrollerExampleMap'
[2016.04.17-18.19.30:393][480]Cmd: TRANSACTION UNDO
[2016.04.17-18.19.30:393][480]LogEditorTransaction: Undo Delete current selection
[2016.04.17-18.19.30:709][496]Cmd: TRANSACTION UNDO
[2016.04.17-18.19.30:709][496]LogEditorTransaction: Undo Move Node
[2016.04.17-18.19.30:961][510]Cmd: TRANSACTION UNDO
[2016.04.17-18.19.30:961][510]LogEditorTransaction: Undo Create Pin Link
[2016.04.17-18.19.31:251][529]Cmd: TRANSACTION UNDO
[2016.04.17-18.19.31:251][529]LogEditorTransaction: Undo Move Node
[2016.04.17-18.19.31:528][547]Cmd: TRANSACTION UNDO
[2016.04.17-18.19.31:528][547]LogEditorTransaction: Undo Paste clipboard contents
[2016.04.17-18.19.31:903][575]Cmd: TRANSACTION UNDO
[2016.04.17-18.19.31:903][575]LogEditorTransaction: Undo Move Node
[2016.04.17-18.19.59:008][664]LogRenderer: Reallocating scene render targets to support 1144x712 (Frame:87536).
[2016.04.17-18.22.26:039][  3]LogBlueprintUserMessages: Early PlayInEditor Detection: Level '/Game/SideScrollerBP/Maps/SideScrollerExampleMap.SideScrollerExampleMap:PersistentLevel' has LevelScriptBlueprint '/Game/SideScrollerBP/Maps/SideScrollerExampleMap.SideScrollerExampleMap:PersistentLevel.SideScrollerExampleMap' with GeneratedClass '/Game/SideScrollerBP/Maps/SideScrollerExampleMap.SideScrollerExampleMap_C' with ClassGeneratedBy '/Game/SideScrollerBP/Maps/SideScrollerExampleMap.SideScrollerExampleMap:PersistentLevel.SideScrollerExampleMap'
[2016.04.17-18.22.26:040][  3]BlueprintLog: New page: Pre-Play auto-recompile
[2016.04.17-18.22.26:050][  3]LogPlayLevel: [PlayLevel] Compiling SideScrollerCharacter before play...
[2016.04.17-18.22.26:159][  3]LogPlayLevel: PlayLevel: Blueprint regeneration took 119 ms (1 blueprints)
[2016.04.17-18.22.26:177][  3]PIE: New page: PIE session: SideScrollerExampleMap (Apr 17, 2016, 9:22:26 PM)
[2016.04.17-18.22.26:177][  3]LogPlayLevel: Creating play world package: /Game/SideScrollerBP/Maps/UEDPIE_0_SideScrollerExampleMap
[2016.04.17-18.22.26:196][  3]LogPlayLevel: PIE: StaticDuplicateObject took: (0.019027s)
[2016.04.17-18.22.26:197][  3]LogAIModule: Creating AISystem for world SideScrollerExampleMap
[2016.04.17-18.22.26:197][  3]LogPlayLevel: PIE: World Init took: (0.001018s)
[2016.04.17-18.22.26:198][  3]LogPlayLevel: PIE: Created PIE world by copying editor world from /Game/SideScrollerBP/Maps/SideScrollerExampleMap.SideScrollerExampleMap to /Game/SideScrollerBP/Maps/UEDPIE_0_SideScrollerExampleMap.SideScrollerExampleMap (0.020316s)
[2016.04.17-18.22.26:242][  3]LogInit: XAudio2 using 'Altavoces (Dispositivo de High Definition Audio)' : 2 channels at 44.1 kHz using 16 bits per sample (channel mask 0x3)
[2016.04.17-18.22.26:249][  3]LogInit: FAudioDevice initialized.
[2016.04.17-18.22.26:282][  3]LogWorld: Game class is 'SideScrollerGameMode_C'
[2016.04.17-18.22.26:287][  3]LogWorld: Bringing World /Game/SideScrollerBP/Maps/UEDPIE_0_SideScrollerExampleMap.SideScrollerExampleMap up for play (max tick rate 0) at 2016.04.17-20.22.26
[2016.04.17-18.22.26:288][  3]LogWorld: Bringing up level for play took: 0.004177
[2016.04.17-18.22.26:288][  3]PIE: Info Play in editor start time for /Game/SideScrollerBP/Maps/UEDPIE_0_SideScrollerExampleMap -0.258
[2016.04.17-18.22.26:288][  3]LogBlueprintUserMessages: Late PlayInEditor Detection: Level '/Game/SideScrollerBP/Maps/SideScrollerExampleMap.SideScrollerExampleMap:PersistentLevel' has LevelScriptBlueprint '/Game/SideScrollerBP/Maps/SideScrollerExampleMap.SideScrollerExampleMap:PersistentLevel.SideScrollerExampleMap' with GeneratedClass '/Game/SideScrollerBP/Maps/SideScrollerExampleMap.SideScrollerExampleMap_C' with ClassGeneratedBy '/Game/SideScrollerBP/Maps/SideScrollerExampleMap.SideScrollerExampleMap:PersistentLevel.SideScrollerExampleMap'
[2016.04.17-18.22.30:283][478]LogBlueprintUserMessages: Early EndPlayMap Detection: Level '/Game/SideScrollerBP/Maps/SideScrollerExampleMap.SideScrollerExampleMap:PersistentLevel' has LevelScriptBlueprint '/Game/SideScrollerBP/Maps/SideScrollerExampleMap.SideScrollerExampleMap:PersistentLevel.SideScrollerExampleMap' with GeneratedClass '/Game/SideScrollerBP/Maps/SideScrollerExampleMap.SideScrollerExampleMap_C' with ClassGeneratedBy '/Game/SideScrollerBP/Maps/SideScrollerExampleMap.SideScrollerExampleMap:PersistentLevel.SideScrollerExampleMap'
[2016.04.17-18.22.30:349][478]LogBlueprintUserMessages: Late EndPlayMap Detection: Level '/Game/SideScrollerBP/Maps/SideScrollerExampleMap.SideScrollerExampleMap:PersistentLevel' has LevelScriptBlueprint '/Game/SideScrollerBP/Maps/SideScrollerExampleMap.SideScrollerExampleMap:PersistentLevel.SideScrollerExampleMap' with GeneratedClass '/Game/SideScrollerBP/Maps/SideScrollerExampleMap.SideScrollerExampleMap_C' with ClassGeneratedBy '/Game/SideScrollerBP/Maps/SideScrollerExampleMap.SideScrollerExampleMap:PersistentLevel.SideScrollerExampleMap'
[2016.04.17-18.23.06:344][433]LogBlueprintUserMessages: Early PlayInEditor Detection: Level '/Game/SideScrollerBP/Maps/SideScrollerExampleMap.SideScrollerExampleMap:PersistentLevel' has LevelScriptBlueprint '/Game/SideScrollerBP/Maps/SideScrollerExampleMap.SideScrollerExampleMap:PersistentLevel.SideScrollerExampleMap' with GeneratedClass '/Game/SideScrollerBP/Maps/SideScrollerExampleMap.SideScrollerExampleMap_C' with ClassGeneratedBy '/Game/SideScrollerBP/Maps/SideScrollerExampleMap.SideScrollerExampleMap:PersistentLevel.SideScrollerExampleMap'
[2016.04.17-18.23.06:344][433]BlueprintLog: New page: Pre-Play auto-recompile
[2016.04.17-18.23.06:354][433]LogPlayLevel: [PlayLevel] Compiling SideScrollerCharacter before play...
[2016.04.17-18.23.06:461][433]LogPlayLevel: PlayLevel: Blueprint regeneration took 115 ms (1 blueprints)
[2016.04.17-18.23.06:475][433]PIE: New page: PIE session: SideScrollerExampleMap (Apr 17, 2016, 9:23:06 PM)
[2016.04.17-18.23.06:475][433]LogPlayLevel: Creating play world package: /Game/SideScrollerBP/Maps/UEDPIE_0_SideScrollerExampleMap
[2016.04.17-18.23.06:495][433]LogPlayLevel: PIE: StaticDuplicateObject took: (0.018838s)
[2016.04.17-18.23.06:495][433]LogAIModule: Creating AISystem for world SideScrollerExampleMap
[2016.04.17-18.23.06:495][433]LogPlayLevel: PIE: World Init took: (0.000873s)
[2016.04.17-18.23.06:496][433]LogPlayLevel: PIE: Created PIE world by copying editor world from /Game/SideScrollerBP/Maps/SideScrollerExampleMap.SideScrollerExampleMap to /Game/SideScrollerBP/Maps/UEDPIE_0_SideScrollerExampleMap.SideScrollerExampleMap (0.019976s)
[2016.04.17-18.23.06:541][433]LogInit: XAudio2 using 'Altavoces (Dispositivo de High Definition Audio)' : 2 channels at 44.1 kHz using 16 bits per sample (channel mask 0x3)
[2016.04.17-18.23.06:548][433]LogInit: FAudioDevice initialized.
[2016.04.17-18.23.06:580][433]LogWorld: Game class is 'SideScrollerGameMode_C'
[2016.04.17-18.23.06:585][433]LogWorld: Bringing World /Game/SideScrollerBP/Maps/UEDPIE_0_SideScrollerExampleMap.SideScrollerExampleMap up for play (max tick rate 0) at 2016.04.17-20.23.06
[2016.04.17-18.23.06:585][433]LogWorld: Bringing up level for play took: 0.003983
[2016.04.17-18.23.06:586][433]PIE: Info Play in editor start time for /Game/SideScrollerBP/Maps/UEDPIE_0_SideScrollerExampleMap 0.04
[2016.04.17-18.23.06:586][433]LogBlueprintUserMessages: Late PlayInEditor Detection: Level '/Game/SideScrollerBP/Maps/SideScrollerExampleMap.SideScrollerExampleMap:PersistentLevel' has LevelScriptBlueprint '/Game/SideScrollerBP/Maps/SideScrollerExampleMap.SideScrollerExampleMap:PersistentLevel.SideScrollerExampleMap' with GeneratedClass '/Game/SideScrollerBP/Maps/SideScrollerExampleMap.SideScrollerExampleMap_C' with ClassGeneratedBy '/Game/SideScrollerBP/Maps/SideScrollerExampleMap.SideScrollerExampleMap:PersistentLevel.SideScrollerExampleMap'
[2016.04.17-18.23.09:229][748]LogBlueprintUserMessages: Early EndPlayMap Detection: Level '/Game/SideScrollerBP/Maps/SideScrollerExampleMap.SideScrollerExampleMap:PersistentLevel' has LevelScriptBlueprint '/Game/SideScrollerBP/Maps/SideScrollerExampleMap.SideScrollerExampleMap:PersistentLevel.SideScrollerExampleMap' with GeneratedClass '/Game/SideScrollerBP/Maps/SideScrollerExampleMap.SideScrollerExampleMap_C' with ClassGeneratedBy '/Game/SideScrollerBP/Maps/SideScrollerExampleMap.SideScrollerExampleMap:PersistentLevel.SideScrollerExampleMap'
[2016.04.17-18.23.09:291][748]LogBlueprintUserMessages: Late EndPlayMap Detection: Level '/Game/SideScrollerBP/Maps/SideScrollerExampleMap.SideScrollerExampleMap:PersistentLevel' has LevelScriptBlueprint '/Game/SideScrollerBP/Maps/SideScrollerExampleMap.SideScrollerExampleMap:PersistentLevel.SideScrollerExampleMap' with GeneratedClass '/Game/SideScrollerBP/Maps/SideScrollerExampleMap.SideScrollerExampleMap_C' with ClassGeneratedBy '/Game/SideScrollerBP/Maps/SideScrollerExampleMap.SideScrollerExampleMap:PersistentLevel.SideScrollerExampleMap'
[2016.04.17-18.27.33:662][857]Cmd: QUIT_EDITOR
[2016.04.17-18.27.34:856][857]LogWindowsTextInputMethodSystem:Display: IME system now deactivated.
[2016.04.17-18.27.34:916][857]LogExit: Preparing to exit.
[2016.04.17-18.27.35:955][857]LogExit: Editor shut down
[2016.04.17-18.27.35:955][857]LogExit: Transaction tracking system shut down
[2016.04.17-18.27.37:750][857]LogObj: Freed 0b from 0 cluster array pools.
[2016.04.17-18.27.37:750][857]LogExit: Object subsystem successfully closed.
[2016.04.17-18.27.37:949][857]LogD3D11RHI: Shutdown
[2016.04.17-18.27.37:949][857]LogD3D11RHI: CleanupD3DDevice
[2016.04.17-18.27.38:082][857]LogD3D11RHI: ~FD3D11DynamicRHI
[2016.04.17-18.27.38:242][857]LogDerivedDataCache: Shutdown
[2016.04.17-18.27.38:997][857]LogModuleManager: Shutting down and abandoning module MovieSceneCapture (205)
[2016.04.17-18.27.39:008][857]LogModuleManager: Shutting down and abandoning module BlueprintGraph (204)
[2016.04.17-18.27.39:008][857]LogModuleManager: Shutting down and abandoning module HierarchicalLODOutliner (203)
[2016.04.17-18.27.39:019][857]LogModuleManager: Shutting down and abandoning module CrashTracker (202)
[2016.04.17-18.27.39:019][857]LogModuleManager: Shutting down and abandoning module SceneOutliner (201)
[2016.04.17-18.27.39:036][857]LogModuleManager: Shutting down and abandoning module SuperSearch (200)
[2016.04.17-18.27.39:036][857]LogModuleManager: Shutting down and abandoning module WidgetCarousel (199)
[2016.04.17-18.27.39:036][857]LogModuleManager: Shutting down and abandoning module AddContentDialog (198)
[2016.04.17-18.27.39:052][857]LogModuleManager: Shutting down and abandoning module GameplayTags (197)
[2016.04.17-18.27.39:052][857]LogModuleManager: Shutting down and abandoning module EditorWidgets (196)
[2016.04.17-18.27.39:052][857]LogModuleManager: Shutting down and abandoning module CollectionManager (195)
[2016.04.17-18.27.39:066][857]LogModuleManager: Shutting down and abandoning module StatsViewer (194)
[2016.04.17-18.27.39:085][857]LogModuleManager: Shutting down and abandoning module FoliageEdit (193)
[2016.04.17-18.27.39:086][857]LogModuleManager: Shutting down and abandoning module LandscapeEditor (192)
[2016.04.17-18.27.39:100][857]LogModuleManager: Shutting down and abandoning module ActorPickerMode (191)
[2016.04.17-18.27.39:100][857]LogModuleManager: Shutting down and abandoning module GeometryMode (190)
[2016.04.17-18.27.39:100][857]LogModuleManager: Shutting down and abandoning module TextureAlignMode (189)
[2016.04.17-18.27.39:100][857]LogModuleManager: Shutting down and abandoning module BspMode (188)
[2016.04.17-18.27.39:100][857]LogModuleManager: Shutting down and abandoning module PlacementMode (187)
[2016.04.17-18.27.39:100][857]LogModuleManager: Shutting down and abandoning module AutomationWorker (186)
[2016.04.17-18.27.39:100][857]LogModuleManager: Shutting down and abandoning module CharacterAI (185)
[2016.04.17-18.27.39:100][857]LogModuleManager: Shutting down and abandoning module SmartSnapping (184)
[2016.04.17-18.27.39:100][857]LogModuleManager: Shutting down and abandoning module ViewportSnapping (183)
[2016.04.17-18.27.39:100][857]LogModuleManager: Shutting down and abandoning module LogVisualizer (182)
[2016.04.17-18.27.39:116][857]LogModuleManager: Shutting down and abandoning module GameProjectGeneration (181)
[2016.04.17-18.27.39:139][857]LogModuleManager: Shutting down and abandoning module IntroTutorials (180)
[2016.04.17-18.27.39:164][857]LogModuleManager: Shutting down and abandoning module EditorLiveStreaming (179)
[2016.04.17-18.27.39:164][857]LogModuleManager: Shutting down and abandoning module IOSPlatformEditor (178)
[2016.04.17-18.27.39:178][857]LogModuleManager: Shutting down and abandoning module HTML5PlatformEditor (177)
[2016.04.17-18.27.39:178][857]LogModuleManager: Shutting down and abandoning module AndroidDeviceDetection (176)
[2016.04.17-18.27.39:627][857]LogModuleManager: Shutting down and abandoning module AndroidPlatformEditor (175)
[2016.04.17-18.27.39:628][857]LogModuleManager: Shutting down and abandoning module IOSRuntimeSettings (174)
[2016.04.17-18.27.39:628][857]LogModuleManager: Shutting down and abandoning module AndroidRuntimeSettings (173)
[2016.04.17-18.27.39:628][857]LogModuleManager: Shutting down and abandoning module MergeActors (172)
[2016.04.17-18.27.39:652][857]LogModuleManager: Shutting down and abandoning module SizeMap (171)
[2016.04.17-18.27.39:665][857]LogModuleManager: Shutting down and abandoning module TreeMap (170)
[2016.04.17-18.27.39:665][857]LogModuleManager: Shutting down and abandoning module ReferenceViewer (169)
[2016.04.17-18.27.39:665][857]LogModuleManager: Shutting down and abandoning module LocalizationService (168)
[2016.04.17-18.27.39:666][857]LogModuleManager: Shutting down and abandoning module LocalizationDashboard (167)
[2016.04.17-18.27.39:676][857]LogModuleManager: Shutting down and abandoning module HardwareTargeting (166)
[2016.04.17-18.27.39:676][857]LogModuleManager: Shutting down and abandoning module DeviceProfileEditor (165)
[2016.04.17-18.27.39:689][857]LogModuleManager: Shutting down and abandoning module UndoHistory (164)
[2016.04.17-18.27.39:699][857]LogModuleManager: Shutting down and abandoning module UserFeedback (163)
[2016.04.17-18.27.39:699][857]LogModuleManager: Shutting down and abandoning module XmlParser (162)
[2016.04.17-18.27.39:705][857]LogModuleManager: Shutting down and abandoning module Blutility (161)
[2016.04.17-18.27.39:715][857]LogModuleManager: Shutting down and abandoning module ProjectTargetPlatformEditor (160)
[2016.04.17-18.27.39:715][857]LogModuleManager: Shutting down and abandoning module ProjectSettingsViewer (159)
[2016.04.17-18.27.39:715][857]LogModuleManager: Shutting down and abandoning module InputBindingEditor (158)
[2016.04.17-18.27.39:741][857]LogModuleManager: Shutting down and abandoning module EditorSettingsViewer (157)
[2016.04.17-18.27.39:741][857]LogModuleManager: Shutting down and abandoning module SettingsEditor (156)
[2016.04.17-18.27.39:766][857]LogModuleManager: Shutting down and abandoning module ProjectLauncher (155)
[2016.04.17-18.27.39:788][857]LogModuleManager: Shutting down and abandoning module SessionFrontend (154)
[2016.04.17-18.27.39:804][857]LogModuleManager: Shutting down and abandoning module ProfilerClient (153)
[2016.04.17-18.27.39:821][857]LogModuleManager: Shutting down and abandoning module TargetDeviceServices (152)
[2016.04.17-18.27.39:835][857]LogModuleManager: Shutting down and abandoning module DeviceManager (151)
[2016.04.17-18.27.39:876][857]LogModuleManager: Shutting down and abandoning module AutomationController (150)
[2016.04.17-18.27.39:895][857]LogModuleManager: Shutting down and abandoning module AutomationWindow (149)
[2016.04.17-18.27.39:911][857]LogModuleManager: Shutting down and abandoning module Layers (148)
[2016.04.17-18.27.39:933][857]LogModuleManager: Shutting down and abandoning module ComponentVisualizers (147)
[2016.04.17-18.27.39:933][857]LogModuleManager: Shutting down and abandoning module DetailCustomizations (146)
[2016.04.17-18.27.39:947][857]LogModuleManager: Shutting down and abandoning module PackagesDialog (145)
[2016.04.17-18.27.39:948][857]LogModuleManager: Shutting down and abandoning module Persona (144)
[2016.04.17-18.27.39:983][857]LogModuleManager: Shutting down and abandoning module Kismet (143)
[2016.04.17-18.27.39:989][857]LogModuleManager: Shutting down and abandoning module GraphEditor (142)
[2016.04.17-18.27.39:989][857]LogModuleManager: Shutting down and abandoning module ClassViewer (141)
[2016.04.17-18.27.40:003][857]LogModuleManager: Shutting down and abandoning module Toolbox (140)
[2016.04.17-18.27.40:015][857]LogModuleManager: Shutting down and abandoning module ModuleUI (139)
[2016.04.17-18.27.40:031][857]LogModuleManager: Shutting down and abandoning module MovieSceneTools (138)
[2016.04.17-18.27.40:049][857]LogModuleManager: Shutting down and abandoning module OutputLog (137)
[2016.04.17-18.27.40:064][857]LogModuleManager: Shutting down and abandoning module GammaUI (136)
[2016.04.17-18.27.40:075][857]LogModuleManager: Shutting down and abandoning module Documentation (135)
[2016.04.17-18.27.40:075][857]LogModuleManager: Shutting down and abandoning module StreamingPauseRendering (134)
[2016.04.17-18.27.40:075][857]LogModuleManager: Shutting down and abandoning module AnalyticsET (133)
[2016.04.17-18.27.40:075][857]LogModuleManager: Shutting down and abandoning module Analytics (132)
[2016.04.17-18.27.40:075][857]LogModuleManager: Shutting down and abandoning module PortalServices (131)
[2016.04.17-18.27.40:075][857]LogModuleManager: Shutting down and abandoning module PortalRpc (130)
[2016.04.17-18.27.40:075][857]LogModuleManager: Shutting down and abandoning module MessagingRpc (129)
[2016.04.17-18.27.40:075][857]LogModuleManager: Shutting down and abandoning module AITestSuite (128)
[2016.04.17-18.27.40:091][857]LogModuleManager: Shutting down and abandoning module GameplayDebugger (127)
[2016.04.17-18.27.40:100][857]LogModuleManager: Shutting down and abandoning module AIModule (126)
[2016.04.17-18.27.40:100][857]LogModuleManager: Shutting down and abandoning module ProfilerService (125)
[2016.04.17-18.27.40:340][857]LogModuleManager: Shutting down and abandoning module TaskGraph (124)
[2016.04.17-18.27.40:359][857]LogModuleManager: Shutting down and abandoning module SlateRemote (123)
[2016.04.17-18.27.40:359][857]LogModuleManager: Shutting down and abandoning module SteamVRController (122)
[2016.04.17-18.27.40:359][857]LogModuleManager: Shutting down and abandoning module SteamVR (121)
[2016.04.17-18.27.40:359][857]LogModuleManager: Shutting down and abandoning module ProceduralMeshComponent (120)
[2016.04.17-18.27.40:359][857]LogModuleManager: Shutting down and abandoning module OculusLibrary (119)
[2016.04.17-18.27.40:359][857]LogModuleManager: Shutting down and abandoning module OculusInput (118)
[2016.04.17-18.27.40:359][857]LogModuleManager: Shutting down and abandoning module CustomMeshComponent (117)
[2016.04.17-18.27.40:359][857]LogModuleManager: Shutting down and abandoning module CableComponent (116)
[2016.04.17-18.27.40:360][857]LogModuleManager: Shutting down and abandoning module ArchVisCharacter (115)
[2016.04.17-18.27.40:360][857]LogModuleManager: Shutting down and abandoning module MediaPlayerEditor (114)
[2016.04.17-18.27.40:393][857]LogModuleManager: Shutting down and abandoning module HTML5Networking (113)
[2016.04.17-18.27.40:393][857]LogModuleManager: Shutting down and abandoning module SpeedTreeImporter (112)
[2016.04.17-18.27.40:393][857]LogModuleManager: Shutting down and abandoning module PluginBrowser (111)
[2016.04.17-18.27.40:403][857]LogModuleManager: Shutting down and abandoning module EpicSurvey (110)
[2016.04.17-18.27.40:411][857]LogModuleManager: Shutting down and abandoning module DesktopPlatform (109)
[2016.04.17-18.27.40:422][857]LogModuleManager: Shutting down and abandoning module VisualStudioSourceCodeAccess (108)
[2016.04.17-18.27.40:429][857]LogModuleManager: Shutting down and abandoning module UObjectPlugin (107)
[2016.04.17-18.27.40:429][857]LogModuleManager: Shutting down and abandoning module SubversionSourceControl (106)
[2016.04.17-18.27.40:435][857]LogModuleManager: Shutting down and abandoning module PerforceSourceControl (105)
[2016.04.17-18.27.40:440][857]LogModuleManager: Shutting down and abandoning module SourceControl (104)
[2016.04.17-18.27.40:448][857]LogModuleManager: Shutting down and abandoning module GitSourceControl (103)
[2016.04.17-18.27.40:462][857]LogModuleManager: Shutting down and abandoning module LightPropagationVolumeEditor (102)
[2016.04.17-18.27.40:462][857]LogModuleManager: Shutting down and abandoning module PaperTiledImporter (101)
[2016.04.17-18.27.40:470][857]LogModuleManager: Shutting down and abandoning module PaperSpriteSheetImporter (100)
[2016.04.17-18.27.40:470][857]LogModuleManager: Shutting down and abandoning module MeshPaint (99)
[2016.04.17-18.27.40:478][857]LogModuleManager: Shutting down and abandoning module HotReload (98)
[2016.04.17-18.27.40:478][857]LogModuleManager: Shutting down and abandoning module MainFrame (97)
[2016.04.17-18.27.40:478][857]LogModuleManager: Shutting down and abandoning module LevelEditor (96)
[2016.04.17-18.27.40:479][857]LogModuleManager: Shutting down and abandoning module DirectoryWatcher (95)
[2016.04.17-18.27.40:480][857]LogModuleManager: Shutting down and abandoning module AssetRegistry (94)
[2016.04.17-18.27.40:681][857]LogModuleManager: Shutting down and abandoning module ContentBrowser (93)
[2016.04.17-18.27.40:682][857]LogModuleManager: Shutting down and abandoning module Paper2DEditor (92)
[2016.04.17-18.27.40:700][857]LogModuleManager: Shutting down and abandoning module UdpMessaging (91)
[2016.04.17-18.27.40:801][857]LogModuleManager: Shutting down and abandoning module LightPropagationVolumeRuntime (90)
[2016.04.17-18.27.40:801][857]LogModuleManager: Shutting down and abandoning module Paper2D (89)
[2016.04.17-18.27.40:822][857]LogModuleManager: Shutting down and abandoning module WindowsMoviePlayer (88)
[2016.04.17-18.27.40:835][857]LogModuleManager: Shutting down and abandoning module Media (87)
[2016.04.17-18.27.40:835][857]LogModuleManager: Shutting down and abandoning module WmfMedia (86)
[2016.04.17-18.27.40:847][857]LogModuleManager: Shutting down and abandoning module GameLiveStreaming (85)
[2016.04.17-18.27.40:847][857]LogModuleManager: Shutting down and abandoning module GameplayTagsEditor (84)
[2016.04.17-18.27.40:847][857]LogModuleManager: Shutting down and abandoning module OnlineBlueprintSupport (83)
[2016.04.17-18.27.40:847][857]LogModuleManager: Shutting down and abandoning module GameplayTasksEditor (82)
[2016.04.17-18.27.40:847][857]LogModuleManager: Shutting down and abandoning module PropertyEditor (81)
[2016.04.17-18.27.40:847][857]LogModuleManager: Shutting down and abandoning module BehaviorTreeEditor (80)
[2016.04.17-18.27.40:868][857]LogModuleManager: Shutting down and abandoning module FunctionalTesting (79)
[2016.04.17-18.27.40:868][857]LogModuleManager: Shutting down and abandoning module CollisionAnalyzer (78)
[2016.04.17-18.27.40:887][857]LogModuleManager: Shutting down and abandoning module WorkspaceMenuStructure (77)
[2016.04.17-18.27.40:887][857]LogModuleManager: Shutting down and abandoning module MessageLog (76)
[2016.04.17-18.27.40:887][857]LogModuleManager: Shutting down and abandoning module Sequencer (75)
[2016.04.17-18.27.40:930][857]LogModuleManager: Shutting down and abandoning module AssetTools (74)
[2016.04.17-18.27.41:018][857]LogModuleManager: Shutting down and abandoning module UMGEditor (73)
[2016.04.17-18.27.41:046][857]LogModuleManager: Shutting down and abandoning module UMG (72)
[2016.04.17-18.27.41:065][857]LogModuleManager: Shutting down and abandoning module SlateReflector (71)
[2016.04.17-18.27.41:082][857]LogModuleManager: Shutting down and abandoning module Slate (70)
[2016.04.17-18.27.41:082][857]LogModuleManager: Shutting down and abandoning module EditorStyle (69)
[2016.04.17-18.27.41:083][857]LogModuleManager: Shutting down and abandoning module SessionServices (68)
[2016.04.17-18.27.41:083][857]LogModuleManager: Shutting down and abandoning module SourceCodeAccess (67)
[2016.04.17-18.27.41:083][857]LogModuleManager: Shutting down and abandoning module HeadMountedDisplay (66)
[2016.04.17-18.27.41:083][857]LogModuleManager: Shutting down and abandoning module XAudio2 (65)
[2016.04.17-18.27.41:083][857]LogModuleManager: Shutting down and abandoning module Networking (63)
[2016.04.17-18.27.41:083][857]LogModuleManager: Shutting down and abandoning module Core (62)
[2016.04.17-18.27.41:083][857]LogModuleManager: Shutting down and abandoning module KismetCompiler (61)
[2016.04.17-18.27.41:094][857]LogModuleManager: Shutting down and abandoning module PhysXFormats (60)
[2016.04.17-18.27.41:094][857]LogModuleManager: Shutting down and abandoning module MeshUtilities (59)
[2016.04.17-18.27.41:115][857]LogModuleManager: Shutting down and abandoning module CookingStats (58)
[2016.04.17-18.27.41:115][857]LogModuleManager: Shutting down and abandoning module DerivedDataCache (57)
[2016.04.17-18.27.41:115][857]LogDerivedDataCache: Shutdown
[2016.04.17-18.27.41:115][857]LogModuleManager: Shutting down and abandoning module ShaderFormatOpenGL (56)
[2016.04.17-18.27.41:120][857]LogModuleManager: Shutting down and abandoning module ShaderFormatD3D (55)
[2016.04.17-18.27.41:120][857]LogModuleManager: Shutting down and abandoning module MetalShaderFormat (54)
[2016.04.17-18.27.41:130][857]LogModuleManager: Shutting down and abandoning module TextureFormatUncompressed (53)
[2016.04.17-18.27.41:130][857]LogModuleManager: Shutting down and abandoning module TextureFormatPVR (52)
[2016.04.17-18.27.41:130][857]LogModuleManager: Shutting down and abandoning module TextureFormatIntelISPCTexComp (51)
[2016.04.17-18.27.41:130][857]LogModuleManager: Shutting down and abandoning module TextureFormatDXT (50)
[2016.04.17-18.27.41:130][857]LogModuleManager: Shutting down and abandoning module ImageWrapper (49)
[2016.04.17-18.27.41:130][857]LogModuleManager: Shutting down and abandoning module TextureFormatASTC (48)
[2016.04.17-18.27.41:130][857]LogModuleManager: Shutting down and abandoning module TextureFormatAndroid (47)
[2016.04.17-18.27.41:130][857]LogModuleManager: Shutting down and abandoning module AudioFormatOpus (46)
[2016.04.17-18.27.41:141][857]LogModuleManager: Shutting down and abandoning module AudioFormatOgg (45)
[2016.04.17-18.27.41:141][857]LogModuleManager: Shutting down and abandoning module AudioFormatADPCM (44)
[2016.04.17-18.27.41:141][857]LogModuleManager: Shutting down and abandoning module LinuxTargetPlatform (43)
[2016.04.17-18.27.41:141][857]LogModuleManager: Shutting down and abandoning module LinuxServerTargetPlatform (42)
[2016.04.17-18.27.41:141][857]LogModuleManager: Shutting down and abandoning module LinuxNoEditorTargetPlatform (41)
[2016.04.17-18.27.41:141][857]LogModuleManager: Shutting down and abandoning module TVOSTargetPlatform (40)
[2016.04.17-18.27.41:141][857]LogModuleManager: Shutting down and abandoning module Messaging (39)
[2016.04.17-18.27.41:141][857]LogModuleManager: Shutting down and abandoning module IOSTargetPlatform (38)
[2016.04.17-18.27.41:141][857]LogModuleManager: Shutting down and abandoning module HTML5TargetPlatform (37)
[2016.04.17-18.27.41:141][857]LogModuleManager: Shutting down and abandoning module Android_PVRTCTargetPlatform (36)
[2016.04.17-18.27.41:141][857]LogModuleManager: Shutting down and abandoning module Android_MultiTargetPlatform (35)
[2016.04.17-18.27.41:151][857]LogModuleManager: Shutting down and abandoning module Android_ETC2TargetPlatform (34)
[2016.04.17-18.27.41:151][857]LogModuleManager: Shutting down and abandoning module Android_ETC1TargetPlatform (33)
[2016.04.17-18.27.41:151][857]LogModuleManager: Shutting down and abandoning module Android_DXTTargetPlatform (32)
[2016.04.17-18.27.41:151][857]LogModuleManager: Shutting down and abandoning module Android_ATCTargetPlatform (31)
[2016.04.17-18.27.41:151][857]LogModuleManager: Shutting down and abandoning module Android_ASTCTargetPlatform (30)
[2016.04.17-18.27.41:151][857]LogModuleManager: Shutting down and abandoning module AndroidTargetPlatform (29)
[2016.04.17-18.27.41:151][857]LogModuleManager: Shutting down and abandoning module WindowsTargetPlatform (28)
[2016.04.17-18.27.41:151][857]LogModuleManager: Shutting down and abandoning module WindowsServerTargetPlatform (27)
[2016.04.17-18.27.41:151][857]LogModuleManager: Shutting down and abandoning module WindowsNoEditorTargetPlatform (26)
[2016.04.17-18.27.41:151][857]LogModuleManager: Shutting down and abandoning module WindowsClientTargetPlatform (25)
[2016.04.17-18.27.41:151][857]LogModuleManager: Shutting down and abandoning module AllDesktopTargetPlatform (24)
[2016.04.17-18.27.41:151][857]LogModuleManager: Shutting down and abandoning module TargetPlatform (23)
[2016.04.17-18.27.41:151][857]LogModuleManager: Shutting down and abandoning module InputCore (22)
[2016.04.17-18.27.41:151][857]LogModuleManager: Shutting down and abandoning module Settings (21)
[2016.04.17-18.27.41:151][857]LogModuleManager: Shutting down and abandoning module OnlineSubsystem (19)
[2016.04.17-18.27.41:167][857]LogModuleManager: Shutting down and abandoning module HTTP (18)
[2016.04.17-18.27.43:171][857]LogModuleManager: Shutting down and abandoning module XMPP (17)
[2016.04.17-18.27.43:211][857]LogModuleManager: Shutting down and abandoning module OculusRift (16)
[2016.04.17-18.27.43:228][857]LogModuleManager: Shutting down and abandoning module ExampleDeviceProfileSelector (15)
[2016.04.17-18.27.43:228][857]LogModuleManager: Shutting down and abandoning module TextureCompressor (14)
[2016.04.17-18.27.43:238][857]LogModuleManager: Shutting down and abandoning module ShaderCore (13)
[2016.04.17-18.27.43:238][857]LogModuleManager: Shutting down and abandoning module Landscape (12)
[2016.04.17-18.27.43:238][857]LogModuleManager: Shutting down and abandoning module SlateRHIRenderer (11)
[2016.04.17-18.27.43:268][857]LogModuleManager: Shutting down and abandoning module OpenGLDrv (10)
[2016.04.17-18.27.43:282][857]LogModuleManager: Shutting down and abandoning module D3D11RHI (9)
[2016.04.17-18.27.43:282][857]LogModuleManager: Shutting down and abandoning module AnimGraphRuntime (8)
[2016.04.17-18.27.43:282][857]LogModuleManager: Shutting down and abandoning module Renderer (7)
[2016.04.17-18.27.43:282][857]LogModuleManager: Shutting down and abandoning module Engine (6)
[2016.04.17-18.27.43:282][857]LogModuleManager: Shutting down and abandoning module CoreUObject (5)
[2016.04.17-18.27.43:282][857]LogModuleManager: Shutting down and abandoning module NetworkFile (4)
[2016.04.17-18.27.43:295][857]LogModuleManager: Shutting down and abandoning module StreamingFile (3)
[2016.04.17-18.27.43:307][857]LogModuleManager: Shutting down and abandoning module SandboxFile (2)
[2016.04.17-18.27.43:318][857]LogModuleManager: Shutting down and abandoning module PakFile (1)
[2016.04.17-18.27.43:336][857]LogExit: Exiting.
[2016.04.17-18.27.43:352][857]Log file closed, 04/17/16 20:27:43
